2024-12-21 08:38:29,624 [INFO] main.py:19 - 初始化量化交易系统...
2024-12-21 08:38:29,624 [INFO] logger.py:55 - [QuantTradingSystem] 开始执行: __init__
2024-12-21 08:38:29,624 [INFO] QuantTrading.py:27 - 初始化量化交易系统...
2024-12-21 08:38:29,624 [INFO] logger.py:55 - [DataEngine] 开始执行: __init__
2024-12-21 08:38:29,632 [INFO] logger.py:62 - [DataEngine] 成功完成: __init__, 耗时: 0.01秒
2024-12-21 08:38:29,632 [INFO] logger.py:62 - [QuantTradingSystem] 成功完成: __init__, 耗时: 0.01秒
2024-12-21 08:38:29,641 [INFO] main.py:25 - 开始模型训练阶段...
2024-12-21 08:38:29,641 [INFO] main.py:28 - Step 1: 正在获取股票列表...
2024-12-21 08:38:29,641 [INFO] logger.py:55 - [DataEngine] 开始执行: get_stock_list
2024-12-21 08:38:30,247 [INFO] logger.py:62 - [DataEngine] 成功完成: get_stock_list, 耗时: 0.61秒
2024-12-21 08:38:30,247 [INFO] main.py:33 - 成功获取股票列表，共 5252 只股票
2024-12-21 08:38:30,248 [INFO] main.py:36 - Step 2: 开始获取历史数据...
2024-12-21 08:38:30,248 [INFO] main.py:43 - 正在获取 000001.SZ 的历史数据...
2024-12-21 08:38:31,798 [INFO] main.py:47 - 成功获取 000001.SZ 的历史数据，共 970 条记录
2024-12-21 08:38:31,799 [INFO] main.py:43 - 正在获取 000002.SZ 的历史数据...
2024-12-21 08:38:32,190 [INFO] main.py:47 - 成功获取 000002.SZ 的历史数据，共 970 条记录
2024-12-21 08:38:32,190 [INFO] main.py:43 - 正在获取 000004.SZ 的历史数据...
2024-12-21 08:38:32,600 [INFO] main.py:47 - 成功获取 000004.SZ 的历史数据，共 968 条记录
2024-12-21 08:38:32,600 [INFO] main.py:43 - 正在获取 000006.SZ 的历史数据...
2024-12-21 08:38:33,092 [INFO] main.py:47 - 成功获取 000006.SZ 的历史数据，共 970 条记录
2024-12-21 08:38:33,092 [INFO] main.py:43 - 正在获取 000007.SZ 的历史数据...
2024-12-21 08:38:33,520 [INFO] main.py:47 - 成功获取 000007.SZ 的历史数据，共 967 条记录
2024-12-21 08:38:33,520 [INFO] main.py:43 - 正在获取 000008.SZ 的历史数据...
2024-12-21 08:38:33,929 [INFO] main.py:47 - 成功获取 000008.SZ 的历史数据，共 970 条记录
2024-12-21 08:38:33,929 [INFO] main.py:43 - 正在获取 000009.SZ 的历史数据...
2024-12-21 08:38:34,352 [INFO] main.py:47 - 成功获取 000009.SZ 的历史数据，共 970 条记录
2024-12-21 08:38:34,353 [INFO] main.py:43 - 正在获取 000010.SZ 的历史数据...
2024-12-21 08:38:34,761 [INFO] main.py:47 - 成功获取 000010.SZ 的历史数据，共 969 条记录
2024-12-21 08:38:34,761 [INFO] main.py:43 - 正在获取 000011.SZ 的历史数据...
2024-12-21 08:38:35,181 [INFO] main.py:47 - 成功获取 000011.SZ 的历史数据，共 970 条记录
2024-12-21 08:38:35,182 [INFO] main.py:56 - 历史数据获取完成，共获取 9 只股票的数据
2024-12-21 08:38:35,182 [INFO] main.py:59 - Step 3: 开始数据处理和特征工程...
2024-12-21 08:38:35,182 [INFO] main.py:65 - 正在处理 000001.SZ 的数据...
2024-12-21 08:38:35,407 [INFO] main.py:97 - 成功处理 000001.SZ 的数据，生成 113 个特征和两种标签
2024-12-21 08:38:35,407 [INFO] main.py:65 - 正在处理 000002.SZ 的数据...
2024-12-21 08:38:35,636 [INFO] main.py:97 - 成功处理 000002.SZ 的数据，生成 113 个特征和两种标签
2024-12-21 08:38:35,636 [INFO] main.py:65 - 正在处理 000004.SZ 的数据...
2024-12-21 08:38:35,855 [INFO] main.py:97 - 成功处理 000004.SZ 的数据，生成 113 个特征和两种标签
2024-12-21 08:38:35,855 [INFO] main.py:65 - 正在处理 000006.SZ 的数据...
2024-12-21 08:38:36,068 [INFO] main.py:97 - 成功处理 000006.SZ 的数据，生成 113 个特征和两种标签
2024-12-21 08:38:36,068 [INFO] main.py:65 - 正在处理 000007.SZ 的数据...
2024-12-21 08:38:36,293 [INFO] main.py:97 - 成功处理 000007.SZ 的数据，生成 113 个特征和两种标签
2024-12-21 08:38:36,293 [INFO] main.py:65 - 正在处理 000008.SZ 的数据...
2024-12-21 08:38:36,535 [INFO] main.py:97 - 成功处理 000008.SZ 的数据，生成 113 个特征和两种标签
2024-12-21 08:38:36,535 [INFO] main.py:65 - 正在处理 000009.SZ 的数据...
2024-12-21 08:38:36,722 [INFO] main.py:97 - 成功处理 000009.SZ 的数据，生成 113 个特征和两种标签
2024-12-21 08:38:36,722 [INFO] main.py:65 - 正在处理 000010.SZ 的数据...
2024-12-21 08:38:36,915 [INFO] main.py:97 - 成功处理 000010.SZ 的数据，生成 113 个特征和两种标签
2024-12-21 08:38:36,915 [INFO] main.py:65 - 正在处理 000011.SZ 的数据...
2024-12-21 08:38:37,114 [INFO] main.py:97 - 成功处理 000011.SZ 的数据，生成 113 个特征和两种标签
2024-12-21 08:38:37,114 [INFO] main.py:106 - 数据处理完成，共处理 9 只股票的数据
2024-12-21 08:38:37,114 [INFO] main.py:109 - Step 4: 开始特征选择...
2024-12-21 08:38:37,130 [INFO] main.py:340 - 开始清理特征数据...
2024-12-21 08:38:37,494 [INFO] main.py:366 - 特征数据清理完成，共处理 107 个特征
2024-12-21 08:38:37,495 [INFO] main.py:131 - 检查数据状态:
2024-12-21 08:38:37,495 [INFO] main.py:132 - 特征数据形状: (7899, 107)
2024-12-21 08:38:37,501 [INFO] main.py:133 - 是否存在无穷值: False
2024-12-21 08:38:37,505 [INFO] main.py:134 - 是否存在NaN值: False
