2024-12-18 09:43:02,015 [INFO] main.py:15 - 初始化量化交易系统...
2024-12-18 09:43:02,015 [INFO] logger.py:55 - [QuantTradingSystem] 开始执行: __init__
2024-12-18 09:43:02,015 [INFO] QuantTrading.py:27 - 初始化量化交易系统...
2024-12-18 09:43:02,015 [INFO] logger.py:55 - [DataEngine] 开始执行: __init__
2024-12-18 09:43:02,018 [INFO] logger.py:62 - [DataEngine] 成功完成: __init__, 耗时: 0.00秒
2024-12-18 09:43:02,018 [INFO] logger.py:62 - [QuantTradingSystem] 成功完成: __init__, 耗时: 0.00秒
2024-12-18 09:43:02,019 [INFO] main.py:20 - 开始模型训练阶段...
2024-12-18 09:43:02,019 [INFO] main.py:23 - Step 1: 正在获取股票列表...
2024-12-18 09:43:02,019 [INFO] logger.py:55 - [DataEngine] 开始执行: get_stock_list
2024-12-18 09:43:05,016 [INFO] logger.py:62 - [DataEngine] 成功完成: get_stock_list, 耗时: 3.00秒
2024-12-18 09:43:05,016 [INFO] main.py:28 - 成功获取股票列表，共 5250 只股票
2024-12-18 09:43:05,016 [INFO] main.py:31 - Step 2: 开始获取历史数据...
2024-12-18 09:43:05,016 [INFO] main.py:38 - 正在获取 000001.SZ 的历史数据...
2024-12-18 09:43:05,584 [INFO] main.py:42 - 成功获取 000001.SZ 的历史数据，共 970 条记录
2024-12-18 09:43:05,584 [INFO] main.py:38 - 正在获取 000002.SZ 的历史数据...
2024-12-18 09:43:06,500 [INFO] main.py:42 - 成功获取 000002.SZ 的历史数据，共 970 条记录
2024-12-18 09:43:06,500 [INFO] main.py:38 - 正在获取 000004.SZ 的历史数据...
2024-12-18 09:43:07,229 [INFO] main.py:42 - 成功获取 000004.SZ 的历史数据，共 968 条记录
2024-12-18 09:43:07,229 [INFO] main.py:38 - 正在获取 000006.SZ 的历史数据...
2024-12-18 09:43:08,056 [INFO] main.py:42 - 成功获取 000006.SZ 的历史数据，共 970 条记录
2024-12-18 09:43:08,057 [INFO] main.py:38 - 正在获取 000007.SZ 的历史数据...
2024-12-18 09:43:08,915 [INFO] main.py:42 - 成功获取 000007.SZ 的历史数据，共 967 条记录
2024-12-18 09:43:08,915 [INFO] main.py:38 - 正在获取 000008.SZ 的历史数据...
2024-12-18 09:43:09,732 [INFO] main.py:42 - 成功获取 000008.SZ 的历史数据，共 970 条记录
2024-12-18 09:43:09,732 [INFO] main.py:38 - 正在获取 000009.SZ 的历史数据...
2024-12-18 09:43:10,531 [INFO] main.py:42 - 成功获取 000009.SZ 的历史数据，共 970 条记录
2024-12-18 09:43:10,531 [INFO] main.py:38 - 正在获取 000010.SZ 的历史数据...
2024-12-18 09:43:11,012 [INFO] main.py:42 - 成功获取 000010.SZ 的历史数据，共 969 条记录
2024-12-18 09:43:11,012 [INFO] main.py:38 - 正在获取 000011.SZ 的历史数据...
2024-12-18 09:43:12,887 [INFO] main.py:42 - 成功获取 000011.SZ 的历史数据，共 970 条记录
2024-12-18 09:43:12,887 [INFO] main.py:50 - 历史数据获取完成，共获取 9 只股票的数据
2024-12-18 09:43:12,888 [INFO] main.py:53 - Step 3: 开始数据处理和特征工程...
2024-12-18 09:43:12,888 [INFO] main.py:57 - 正在处理 000001.SZ 的数据...
2024-12-18 09:43:12,923 [INFO] main.py:80 - 成功处理 000001.SZ 的数据，生成 66 个特征（包含标签）
2024-12-18 09:43:12,924 [INFO] main.py:57 - 正在处理 000002.SZ 的数据...
2024-12-18 09:43:12,950 [INFO] main.py:80 - 成功处理 000002.SZ 的数据，生成 66 个特征（包含标签）
2024-12-18 09:43:12,950 [INFO] main.py:57 - 正在处理 000004.SZ 的数据...
2024-12-18 09:43:12,977 [INFO] main.py:80 - 成功处理 000004.SZ 的数据，生成 66 个特征（包含标签）
2024-12-18 09:43:12,977 [INFO] main.py:57 - 正在处理 000006.SZ 的数据...
2024-12-18 09:43:13,003 [INFO] main.py:80 - 成功处理 000006.SZ 的数据，生成 66 个特征（包含标签）
2024-12-18 09:43:13,003 [INFO] main.py:57 - 正在处理 000007.SZ 的数据...
2024-12-18 09:43:13,029 [INFO] main.py:80 - 成功处理 000007.SZ 的数据，生成 66 个特征（包含标签）
2024-12-18 09:43:13,029 [INFO] main.py:57 - 正在处理 000008.SZ 的数据...
2024-12-18 09:43:13,053 [INFO] main.py:80 - 成功处理 000008.SZ 的数据，生成 66 个特征（包含标签）
2024-12-18 09:43:13,053 [INFO] main.py:57 - 正在处理 000009.SZ 的数据...
2024-12-18 09:43:13,077 [INFO] main.py:80 - 成功处理 000009.SZ 的数据，生成 66 个特征（包含标签）
2024-12-18 09:43:13,077 [INFO] main.py:57 - 正在处理 000010.SZ 的数据...
2024-12-18 09:43:13,100 [INFO] main.py:80 - 成功处理 000010.SZ 的数据，生成 66 个特征（包含标签）
2024-12-18 09:43:13,100 [INFO] main.py:57 - 正在处理 000011.SZ 的数据...
2024-12-18 09:43:13,127 [INFO] main.py:80 - 成功处理 000011.SZ 的数据，生成 66 个特征（包含标签）
2024-12-18 09:43:13,127 [INFO] main.py:89 - 数据处理完成，共处理 9 只股票的数据
2024-12-18 09:43:13,128 [INFO] main.py:91 - Step 4: 开始特征选择...
2024-12-18 09:44:08,761 [INFO] main.py:101 - 特征选择完成，选择了 14 个特征
2024-12-18 09:44:08,762 [INFO] main.py:107 - Step 5: 开始划分训练集和验证集...
2024-12-18 09:44:08,765 [INFO] main.py:113 - 数据集划分完成，训练集样本数: 6453, 验证集样本数: 1614
2024-12-18 09:44:08,765 [INFO] main.py:119 - Step 6: 开始训练模型...
2024-12-18 09:44:13,122 [INFO] main.py:127 - 模型训练完成
2024-12-18 09:44:13,122 [INFO] main.py:128 - 模型性能指标:
2024-12-18 09:44:13,123 [INFO] main.py:130 - accuracy: 0.9646840148698885
2024-12-18 09:44:13,123 [INFO] main.py:130 - selected_features: ['Vol_Ratio', 'price_change', 'RSV', 'volume_change', 'Price_Momentum', 'log_return', 'K', 'D', 'slowd', 'ma_diff_5', 'rsi_24', 'price_range_ratio', 'obv', 'aroon_up']
2024-12-18 09:44:13,123 [INFO] main.py:130 - validation_predictions: [0 0 0 ... 0 0 0]
2024-12-18 09:44:13,123 [INFO] main.py:130 - optimized_weights: [0.1, 0.5, 0.4]
2024-12-18 09:44:13,123 [INFO] main.py:136 - Step 7: 开始模型评估...
2024-12-18 09:44:13,123 [ERROR] main.py:147 - 模型评估失败: 'predictions'
2024-12-18 09:44:13,123 [INFO] main.py:162 - 量化交易系统运行结束
