2024-12-18 01:06:16,270 [INFO] main.py:14 - 初始化量化交易系统...
2024-12-18 01:06:16,270 [INFO] logger.py:55 - [QuantTradingSystem] 开始执行: __init__
2024-12-18 01:06:16,271 [INFO] QuantTrading.py:26 - 初始化量化交易系统...
2024-12-18 01:06:16,271 [INFO] logger.py:55 - [DataEngine] 开始执行: __init__
2024-12-18 01:06:16,282 [INFO] logger.py:62 - [DataEngine] 成功完成: __init__, 耗时: 0.01秒
2024-12-18 01:06:16,283 [INFO] logger.py:62 - [QuantTradingSystem] 成功完成: __init__, 耗时: 0.01秒
2024-12-18 01:06:16,296 [INFO] main.py:19 - 开始模型训练阶段...
2024-12-18 01:06:16,297 [INFO] main.py:22 - Step 1: 正在获取股票列表...
2024-12-18 01:06:16,297 [INFO] logger.py:55 - [DataEngine] 开始执行: get_stock_list
2024-12-18 01:06:17,329 [INFO] logger.py:62 - [DataEngine] 成功完成: get_stock_list, 耗时: 1.03秒
2024-12-18 01:06:17,329 [INFO] main.py:27 - 成功获取股票列表，共 5250 只股票
2024-12-18 01:06:17,329 [INFO] main.py:30 - Step 2: 开始获取历史数据...
2024-12-18 01:06:17,329 [INFO] main.py:37 - 正在获取 000001.SZ 的历史数据...
2024-12-18 01:06:19,125 [INFO] main.py:41 - 成功获取 000001.SZ 的历史数据，共 970 条记录
2024-12-18 01:06:19,126 [INFO] main.py:37 - 正在获取 000002.SZ 的历史数据...
2024-12-18 01:06:20,094 [INFO] main.py:41 - 成功获取 000002.SZ 的历史数据，共 970 条记录
2024-12-18 01:06:20,094 [INFO] main.py:37 - 正在获取 000004.SZ 的历史数据...
2024-12-18 01:06:20,914 [INFO] main.py:41 - 成功获取 000004.SZ 的历史数据，共 968 条记录
2024-12-18 01:06:20,914 [INFO] main.py:37 - 正在获取 000006.SZ 的历史数据...
2024-12-18 01:06:21,674 [INFO] main.py:41 - 成功获取 000006.SZ 的历史数据，共 970 条记录
2024-12-18 01:06:21,675 [INFO] main.py:37 - 正在获取 000007.SZ 的历史数据...
2024-12-18 01:06:22,478 [INFO] main.py:41 - 成功获取 000007.SZ 的历史数据，共 967 条记录
2024-12-18 01:06:22,478 [INFO] main.py:37 - 正在获取 000008.SZ 的历史数据...
2024-12-18 01:06:23,445 [INFO] main.py:41 - 成功获取 000008.SZ 的历史数据，共 970 条记录
2024-12-18 01:06:23,446 [INFO] main.py:37 - 正在获取 000009.SZ 的历史数据...
2024-12-18 01:06:24,316 [INFO] main.py:41 - 成功获取 000009.SZ 的历史数据，共 970 条记录
2024-12-18 01:06:24,316 [INFO] main.py:37 - 正在获取 000010.SZ 的历史数据...
2024-12-18 01:06:25,212 [INFO] main.py:41 - 成功获取 000010.SZ 的历史数据，共 969 条记录
2024-12-18 01:06:25,212 [INFO] main.py:37 - 正在获取 000011.SZ 的历史数据...
2024-12-18 01:06:26,127 [INFO] main.py:41 - 成功获取 000011.SZ 的历史数据，共 970 条记录
2024-12-18 01:06:26,128 [INFO] main.py:37 - 正在获取 000012.SZ 的历史数据...
2024-12-18 01:06:26,893 [INFO] main.py:41 - 成功获取 000012.SZ 的历史数据，共 970 条记录
2024-12-18 01:06:26,893 [INFO] main.py:37 - 正在获取 000014.SZ 的历史数据...
2024-12-18 01:06:27,853 [INFO] main.py:41 - 成功获取 000014.SZ 的历史数据，共 970 条记录
2024-12-18 01:06:27,853 [INFO] main.py:37 - 正在获取 000016.SZ 的历史数据...
2024-12-18 01:06:28,583 [INFO] main.py:41 - 成功获取 000016.SZ 的历史数据，共 961 条记录
2024-12-18 01:06:28,584 [INFO] main.py:37 - 正在获取 000017.SZ 的历史数据...
2024-12-18 01:06:29,437 [INFO] main.py:41 - 成功获取 000017.SZ 的历史数据，共 968 条记录
2024-12-18 01:06:29,438 [INFO] main.py:37 - 正在获取 000019.SZ 的历史数据...
2024-12-18 01:06:35,073 [INFO] main.py:41 - 成功获取 000019.SZ 的历史数据，共 970 条记录
2024-12-18 01:06:35,073 [INFO] main.py:37 - 正在获取 000020.SZ 的历史数据...
2024-12-18 01:06:39,373 [INFO] main.py:41 - 成功获取 000020.SZ 的历史数据，共 970 条记录
2024-12-18 01:06:39,373 [INFO] main.py:37 - 正在获取 000021.SZ 的历史数据...
2024-12-18 01:06:40,197 [INFO] main.py:41 - 成功获取 000021.SZ 的历史数据，共 970 条记录
2024-12-18 01:06:40,197 [INFO] main.py:37 - 正在获取 000025.SZ 的历史数据...
2024-12-18 01:06:40,963 [INFO] main.py:41 - 成功获取 000025.SZ 的历史数据，共 970 条记录
2024-12-18 01:06:40,963 [INFO] main.py:37 - 正在获取 000026.SZ 的历史数据...
2024-12-18 01:06:41,833 [INFO] main.py:41 - 成功获取 000026.SZ 的历史数据，共 970 条记录
2024-12-18 01:06:41,833 [INFO] main.py:37 - 正在获取 000027.SZ 的历史数据...
2024-12-18 01:06:42,802 [INFO] main.py:41 - 成功获取 000027.SZ 的历史数据，共 970 条记录
2024-12-18 01:06:42,802 [INFO] main.py:37 - 正在获取 000028.SZ 的历史数据...
2024-12-18 01:06:43,773 [INFO] main.py:41 - 成功获取 000028.SZ 的历史数据，共 970 条记录
2024-12-18 01:06:43,773 [INFO] main.py:37 - 正在获取 000029.SZ 的历史数据...
2024-12-18 01:06:44,487 [INFO] main.py:41 - 成功获取 000029.SZ 的历史数据，共 766 条记录
2024-12-18 01:06:44,487 [INFO] main.py:37 - 正在获取 000030.SZ 的历史数据...
2024-12-18 01:06:45,455 [INFO] main.py:41 - 成功获取 000030.SZ 的历史数据，共 970 条记录
2024-12-18 01:06:45,455 [INFO] main.py:37 - 正在获取 000031.SZ 的历史数据...
2024-12-18 01:06:46,315 [INFO] main.py:41 - 成功获取 000031.SZ 的历史数据，共 970 条记录
2024-12-18 01:06:46,316 [INFO] main.py:37 - 正在获取 000032.SZ 的历史数据...
2024-12-18 01:06:47,221 [INFO] main.py:41 - 成功获取 000032.SZ 的历史数据，共 959 条记录
2024-12-18 01:06:47,222 [INFO] main.py:37 - 正在获取 000034.SZ 的历史数据...
2024-12-18 01:06:48,257 [INFO] main.py:41 - 成功获取 000034.SZ 的历史数据，共 970 条记录
2024-12-18 01:06:48,257 [INFO] main.py:37 - 正在获取 000035.SZ 的历史数据...
2024-12-18 01:06:49,138 [INFO] main.py:41 - 成功获取 000035.SZ 的历史数据，共 970 条记录
2024-12-18 01:06:49,138 [INFO] main.py:37 - 正在获取 000036.SZ 的历史数据...
2024-12-18 01:06:49,944 [INFO] main.py:41 - 成功获取 000036.SZ 的历史数据，共 970 条记录
2024-12-18 01:06:49,945 [INFO] main.py:37 - 正在获取 000037.SZ 的历史数据...
2024-12-18 01:06:50,812 [INFO] main.py:41 - 成功获取 000037.SZ 的历史数据，共 970 条记录
2024-12-18 01:06:50,813 [INFO] main.py:37 - 正在获取 000039.SZ 的历史数据...
2024-12-18 01:06:51,763 [INFO] main.py:41 - 成功获取 000039.SZ 的历史数据，共 965 条记录
2024-12-18 01:06:51,764 [INFO] main.py:37 - 正在获取 000042.SZ 的历史数据...
2024-12-18 01:06:52,565 [INFO] main.py:41 - 成功获取 000042.SZ 的历史数据，共 970 条记录
2024-12-18 01:06:52,566 [INFO] main.py:37 - 正在获取 000045.SZ 的历史数据...
2024-12-18 01:06:53,441 [INFO] main.py:41 - 成功获取 000045.SZ 的历史数据，共 957 条记录
2024-12-18 01:06:53,442 [INFO] main.py:37 - 正在获取 000048.SZ 的历史数据...
2024-12-18 01:06:54,243 [INFO] main.py:41 - 成功获取 000048.SZ 的历史数据，共 970 条记录
2024-12-18 01:06:54,243 [INFO] main.py:37 - 正在获取 000049.SZ 的历史数据...
2024-12-18 01:06:55,011 [INFO] main.py:41 - 成功获取 000049.SZ 的历史数据，共 964 条记录
2024-12-18 01:06:55,011 [INFO] main.py:37 - 正在获取 000050.SZ 的历史数据...
2024-12-18 01:06:55,834 [INFO] main.py:41 - 成功获取 000050.SZ 的历史数据，共 970 条记录
2024-12-18 01:06:55,834 [INFO] main.py:37 - 正在获取 000055.SZ 的历史数据...
2024-12-18 01:06:56,644 [INFO] main.py:41 - 成功获取 000055.SZ 的历史数据，共 970 条记录
2024-12-18 01:06:56,644 [INFO] main.py:37 - 正在获取 000056.SZ 的历史数据...
2024-12-18 01:06:57,456 [INFO] main.py:41 - 成功获取 000056.SZ 的历史数据，共 970 条记录
2024-12-18 01:06:57,456 [INFO] main.py:37 - 正在获取 000058.SZ 的历史数据...
2024-12-18 01:06:58,215 [INFO] main.py:41 - 成功获取 000058.SZ 的历史数据，共 970 条记录
2024-12-18 01:06:58,216 [INFO] main.py:37 - 正在获取 000059.SZ 的历史数据...
2024-12-18 01:06:58,998 [INFO] main.py:41 - 成功获取 000059.SZ 的历史数据，共 970 条记录
2024-12-18 01:06:58,999 [INFO] main.py:37 - 正在获取 000060.SZ 的历史数据...
2024-12-18 01:06:59,880 [INFO] main.py:41 - 成功获取 000060.SZ 的历史数据，共 970 条记录
2024-12-18 01:06:59,881 [INFO] main.py:37 - 正在获取 000061.SZ 的历史数据...
2024-12-18 01:07:00,643 [INFO] main.py:41 - 成功获取 000061.SZ 的历史数据，共 970 条记录
2024-12-18 01:07:00,643 [INFO] main.py:37 - 正在获取 000062.SZ 的历史数据...
2024-12-18 01:07:01,811 [INFO] main.py:41 - 成功获取 000062.SZ 的历史数据，共 970 条记录
2024-12-18 01:07:01,811 [INFO] main.py:37 - 正在获取 000063.SZ 的历史数据...
2024-12-18 01:07:02,721 [INFO] main.py:41 - 成功获取 000063.SZ 的历史数据，共 969 条记录
2024-12-18 01:07:02,721 [INFO] main.py:37 - 正在获取 000065.SZ 的历史数据...
2024-12-18 01:07:03,610 [INFO] main.py:41 - 成功获取 000065.SZ 的历史数据，共 964 条记录
2024-12-18 01:07:03,611 [INFO] main.py:37 - 正在获取 000066.SZ 的历史数据...
2024-12-18 01:07:04,474 [INFO] main.py:41 - 成功获取 000066.SZ 的历史数据，共 970 条记录
2024-12-18 01:07:04,474 [INFO] main.py:37 - 正在获取 000068.SZ 的历史数据...
2024-12-18 01:07:05,438 [INFO] main.py:41 - 成功获取 000068.SZ 的历史数据，共 970 条记录
2024-12-18 01:07:05,438 [INFO] main.py:37 - 正在获取 000069.SZ 的历史数据...
2024-12-18 01:07:06,405 [INFO] main.py:41 - 成功获取 000069.SZ 的历史数据，共 970 条记录
2024-12-18 01:07:06,405 [INFO] main.py:37 - 正在获取 000078.SZ 的历史数据...
2024-12-18 01:07:07,280 [INFO] main.py:41 - 成功获取 000078.SZ 的历史数据，共 970 条记录
2024-12-18 01:07:07,280 [INFO] main.py:37 - 正在获取 000088.SZ 的历史数据...
2024-12-18 01:07:08,333 [INFO] main.py:41 - 成功获取 000088.SZ 的历史数据，共 954 条记录
2024-12-18 01:07:08,333 [INFO] main.py:37 - 正在获取 000089.SZ 的历史数据...
2024-12-18 01:07:09,211 [INFO] main.py:41 - 成功获取 000089.SZ 的历史数据，共 970 条记录
2024-12-18 01:07:09,211 [INFO] main.py:37 - 正在获取 000090.SZ 的历史数据...
2024-12-18 01:07:10,238 [INFO] main.py:41 - 成功获取 000090.SZ 的历史数据，共 970 条记录
2024-12-18 01:07:10,239 [INFO] main.py:37 - 正在获取 000096.SZ 的历史数据...
2024-12-18 01:07:11,405 [INFO] main.py:41 - 成功获取 000096.SZ 的历史数据，共 970 条记录
2024-12-18 01:07:11,406 [INFO] main.py:37 - 正在获取 000099.SZ 的历史数据...
2024-12-18 01:07:12,987 [INFO] main.py:41 - 成功获取 000099.SZ 的历史数据，共 970 条记录
2024-12-18 01:07:12,987 [INFO] main.py:37 - 正在获取 000100.SZ 的历史数据...
2024-12-18 01:07:13,860 [INFO] main.py:41 - 成功获取 000100.SZ 的历史数据，共 969 条记录
2024-12-18 01:07:13,861 [INFO] main.py:37 - 正在获取 000151.SZ 的历史数据...
2024-12-18 01:07:14,736 [INFO] main.py:41 - 成功获取 000151.SZ 的历史数据，共 970 条记录
2024-12-18 01:07:14,737 [INFO] main.py:37 - 正在获取 000153.SZ 的历史数据...
2024-12-18 01:07:15,501 [INFO] main.py:41 - 成功获取 000153.SZ 的历史数据，共 960 条记录
2024-12-18 01:07:15,501 [INFO] main.py:37 - 正在获取 000155.SZ 的历史数据...
2024-12-18 01:07:16,341 [INFO] main.py:41 - 成功获取 000155.SZ 的历史数据，共 950 条记录
2024-12-18 01:07:16,342 [INFO] main.py:37 - 正在获取 000156.SZ 的历史数据...
2024-12-18 01:07:17,097 [INFO] main.py:41 - 成功获取 000156.SZ 的历史数据，共 969 条记录
2024-12-18 01:07:17,097 [INFO] main.py:37 - 正在获取 000157.SZ 的历史数据...
2024-12-18 01:07:17,962 [INFO] main.py:41 - 成功获取 000157.SZ 的历史数据，共 970 条记录
2024-12-18 01:07:17,963 [INFO] main.py:37 - 正在获取 000158.SZ 的历史数据...
2024-12-18 01:07:18,751 [INFO] main.py:41 - 成功获取 000158.SZ 的历史数据，共 970 条记录
2024-12-18 01:07:18,751 [INFO] main.py:37 - 正在获取 000159.SZ 的历史数据...
2024-12-18 01:07:19,595 [INFO] main.py:41 - 成功获取 000159.SZ 的历史数据，共 970 条记录
2024-12-18 01:07:19,595 [INFO] main.py:37 - 正在获取 000166.SZ 的历史数据...
2024-12-18 01:07:20,564 [INFO] main.py:41 - 成功获取 000166.SZ 的历史数据，共 970 条记录
2024-12-18 01:07:20,565 [INFO] main.py:37 - 正在获取 000301.SZ 的历史数据...
2024-12-18 01:07:21,352 [INFO] main.py:41 - 成功获取 000301.SZ 的历史数据，共 959 条记录
2024-12-18 01:07:21,353 [INFO] main.py:37 - 正在获取 000333.SZ 的历史数据...
2024-12-18 01:07:22,167 [INFO] main.py:41 - 成功获取 000333.SZ 的历史数据，共 970 条记录
2024-12-18 01:07:22,167 [INFO] main.py:37 - 正在获取 000338.SZ 的历史数据...
2024-12-18 01:07:23,087 [INFO] main.py:41 - 成功获取 000338.SZ 的历史数据，共 970 条记录
2024-12-18 01:07:23,087 [INFO] main.py:37 - 正在获取 000400.SZ 的历史数据...
2024-12-18 01:07:23,917 [INFO] main.py:41 - 成功获取 000400.SZ 的历史数据，共 970 条记录
2024-12-18 01:07:23,917 [INFO] main.py:37 - 正在获取 000401.SZ 的历史数据...
2024-12-18 01:07:24,767 [INFO] main.py:41 - 成功获取 000401.SZ 的历史数据，共 948 条记录
2024-12-18 01:07:24,768 [INFO] main.py:37 - 正在获取 000402.SZ 的历史数据...
2024-12-18 01:07:25,558 [INFO] main.py:41 - 成功获取 000402.SZ 的历史数据，共 970 条记录
2024-12-18 01:07:25,558 [INFO] main.py:37 - 正在获取 000403.SZ 的历史数据...
2024-12-18 01:07:26,393 [INFO] main.py:41 - 成功获取 000403.SZ 的历史数据，共 959 条记录
2024-12-18 01:07:26,393 [INFO] main.py:37 - 正在获取 000404.SZ 的历史数据...
2024-12-18 01:07:27,281 [INFO] main.py:41 - 成功获取 000404.SZ 的历史数据，共 970 条记录
2024-12-18 01:07:27,281 [INFO] main.py:37 - 正在获取 000407.SZ 的历史数据...
2024-12-18 01:07:28,115 [INFO] main.py:41 - 成功获取 000407.SZ 的历史数据，共 970 条记录
2024-12-18 01:07:28,117 [INFO] main.py:37 - 正在获取 000408.SZ 的历史数据...
2024-12-18 01:07:28,997 [INFO] main.py:41 - 成功获取 000408.SZ 的历史数据，共 968 条记录
2024-12-18 01:07:28,998 [INFO] main.py:37 - 正在获取 000409.SZ 的历史数据...
2024-12-18 01:07:29,890 [INFO] main.py:41 - 成功获取 000409.SZ 的历史数据，共 969 条记录
2024-12-18 01:07:29,890 [INFO] main.py:37 - 正在获取 000410.SZ 的历史数据...
2024-12-18 01:07:30,691 [INFO] main.py:41 - 成功获取 000410.SZ 的历史数据，共 957 条记录
2024-12-18 01:07:30,691 [INFO] main.py:37 - 正在获取 000411.SZ 的历史数据...
2024-12-18 01:07:31,471 [INFO] main.py:41 - 成功获取 000411.SZ 的历史数据，共 959 条记录
2024-12-18 01:07:31,471 [INFO] main.py:37 - 正在获取 000415.SZ 的历史数据...
2024-12-18 01:07:32,267 [INFO] main.py:41 - 成功获取 000415.SZ 的历史数据，共 970 条记录
2024-12-18 01:07:32,268 [INFO] main.py:37 - 正在获取 000417.SZ 的历史数据...
2024-12-18 01:07:33,104 [INFO] main.py:41 - 成功获取 000417.SZ 的历史数据，共 970 条记录
2024-12-18 01:07:33,105 [INFO] main.py:37 - 正在获取 000419.SZ 的历史数据...
2024-12-18 01:07:33,954 [INFO] main.py:41 - 成功获取 000419.SZ 的历史数据，共 970 条记录
2024-12-18 01:07:33,955 [INFO] main.py:37 - 正在获取 000420.SZ 的历史数据...
2024-12-18 01:07:34,726 [INFO] main.py:41 - 成功获取 000420.SZ 的历史数据，共 953 条记录
2024-12-18 01:07:34,727 [INFO] main.py:37 - 正在获取 000421.SZ 的历史数据...
2024-12-18 01:07:35,597 [INFO] main.py:41 - 成功获取 000421.SZ 的历史数据，共 970 条记录
2024-12-18 01:07:35,597 [INFO] main.py:37 - 正在获取 000422.SZ 的历史数据...
2024-12-18 01:07:36,407 [INFO] main.py:41 - 成功获取 000422.SZ 的历史数据，共 969 条记录
2024-12-18 01:07:36,407 [INFO] main.py:37 - 正在获取 000423.SZ 的历史数据...
2024-12-18 01:07:37,163 [INFO] main.py:41 - 成功获取 000423.SZ 的历史数据，共 970 条记录
2024-12-18 01:07:37,163 [INFO] main.py:37 - 正在获取 000425.SZ 的历史数据...
2024-12-18 01:07:44,730 [INFO] main.py:41 - 成功获取 000425.SZ 的历史数据，共 947 条记录
2024-12-18 01:07:44,730 [INFO] main.py:37 - 正在获取 000426.SZ 的历史数据...
2024-12-18 01:07:46,174 [INFO] main.py:41 - 成功获取 000426.SZ 的历史数据，共 970 条记录
2024-12-18 01:07:46,174 [INFO] main.py:37 - 正在获取 000428.SZ 的历史数据...
2024-12-18 01:07:47,082 [INFO] main.py:41 - 成功获取 000428.SZ 的历史数据，共 970 条记录
2024-12-18 01:07:47,082 [INFO] main.py:37 - 正在获取 000429.SZ 的历史数据...
2024-12-18 01:07:47,962 [INFO] main.py:41 - 成功获取 000429.SZ 的历史数据，共 970 条记录
2024-12-18 01:07:47,962 [INFO] main.py:37 - 正在获取 000430.SZ 的历史数据...
2024-12-18 01:07:48,826 [INFO] main.py:41 - 成功获取 000430.SZ 的历史数据，共 970 条记录
2024-12-18 01:07:48,826 [INFO] main.py:37 - 正在获取 000488.SZ 的历史数据...
2024-12-18 01:07:49,714 [INFO] main.py:41 - 成功获取 000488.SZ 的历史数据，共 970 条记录
2024-12-18 01:07:49,715 [INFO] main.py:37 - 正在获取 000498.SZ 的历史数据...
2024-12-18 01:07:50,506 [INFO] main.py:41 - 成功获取 000498.SZ 的历史数据，共 969 条记录
2024-12-18 01:07:50,506 [INFO] main.py:37 - 正在获取 000501.SZ 的历史数据...
2024-12-18 01:07:51,464 [INFO] main.py:41 - 成功获取 000501.SZ 的历史数据，共 970 条记录
2024-12-18 01:07:51,464 [INFO] main.py:37 - 正在获取 000503.SZ 的历史数据...
2024-12-18 01:07:52,305 [INFO] main.py:41 - 成功获取 000503.SZ 的历史数据，共 970 条记录
2024-12-18 01:07:52,306 [INFO] main.py:37 - 正在获取 000504.SZ 的历史数据...
2024-12-18 01:07:53,235 [INFO] main.py:41 - 成功获取 000504.SZ 的历史数据，共 968 条记录
2024-12-18 01:07:53,235 [INFO] main.py:37 - 正在获取 000505.SZ 的历史数据...
2024-12-18 01:07:54,091 [INFO] main.py:41 - 成功获取 000505.SZ 的历史数据，共 969 条记录
2024-12-18 01:07:54,091 [INFO] main.py:37 - 正在获取 000507.SZ 的历史数据...
2024-12-18 01:07:55,025 [INFO] main.py:41 - 成功获取 000507.SZ 的历史数据，共 967 条记录
2024-12-18 01:07:55,025 [INFO] main.py:37 - 正在获取 000509.SZ 的历史数据...
2024-12-18 01:07:55,798 [INFO] main.py:41 - 成功获取 000509.SZ 的历史数据，共 968 条记录
2024-12-18 01:07:55,799 [INFO] main.py:37 - 正在获取 000510.SZ 的历史数据...
2024-12-18 01:07:56,592 [INFO] main.py:41 - 成功获取 000510.SZ 的历史数据，共 960 条记录
2024-12-18 01:07:56,593 [INFO] main.py:37 - 正在获取 000513.SZ 的历史数据...
2024-12-18 01:07:57,512 [INFO] main.py:41 - 成功获取 000513.SZ 的历史数据，共 970 条记录
2024-12-18 01:07:57,513 [INFO] main.py:37 - 正在获取 000514.SZ 的历史数据...
2024-12-18 01:07:58,330 [INFO] main.py:41 - 成功获取 000514.SZ 的历史数据，共 970 条记录
2024-12-18 01:07:58,331 [INFO] main.py:37 - 正在获取 000516.SZ 的历史数据...
2024-12-18 01:07:59,359 [INFO] main.py:41 - 成功获取 000516.SZ 的历史数据，共 968 条记录
2024-12-18 01:07:59,359 [INFO] main.py:37 - 正在获取 000517.SZ 的历史数据...
2024-12-18 01:08:00,224 [INFO] main.py:41 - 成功获取 000517.SZ 的历史数据，共 970 条记录
2024-12-18 01:08:00,224 [INFO] main.py:49 - 历史数据获取完成，共获取 99 只股票的数据
2024-12-18 01:08:00,224 [INFO] main.py:52 - Step 3: 开始数据处理和特征工程...
2024-12-18 01:08:00,224 [INFO] main.py:56 - 正在处理 000001.SZ 的数据...
2024-12-18 01:08:00,269 [ERROR] main.py:71 - 处理 000001.SZ 的数据失败: 数据缺少 'close' 列，无法生成 action 标签
2024-12-18 01:08:00,269 [INFO] main.py:56 - 正在处理 000002.SZ 的数据...
2024-12-18 01:08:00,301 [ERROR] main.py:71 - 处理 000002.SZ 的数据失败: 数据缺少 'close' 列，无法生成 action 标签
2024-12-18 01:08:00,301 [INFO] main.py:56 - 正在处理 000004.SZ 的数据...
2024-12-18 01:08:00,328 [ERROR] main.py:71 - 处理 000004.SZ 的数据失败: 数据缺少 'close' 列，无法生成 action 标签
2024-12-18 01:08:00,329 [INFO] main.py:56 - 正在处理 000006.SZ 的数据...
2024-12-18 01:08:00,356 [ERROR] main.py:71 - 处理 000006.SZ 的数据失败: 数据缺少 'close' 列，无法生成 action 标签
2024-12-18 01:08:00,356 [INFO] main.py:56 - 正在处理 000007.SZ 的数据...
2024-12-18 01:08:00,384 [ERROR] main.py:71 - 处理 000007.SZ 的数据失败: 数据缺少 'close' 列，无法生成 action 标签
2024-12-18 01:08:00,384 [INFO] main.py:56 - 正在处理 000008.SZ 的数据...
2024-12-18 01:08:00,419 [ERROR] main.py:71 - 处理 000008.SZ 的数据失败: 数据缺少 'close' 列，无法生成 action 标签
2024-12-18 01:08:00,419 [INFO] main.py:56 - 正在处理 000009.SZ 的数据...
2024-12-18 01:08:00,460 [ERROR] main.py:71 - 处理 000009.SZ 的数据失败: 数据缺少 'close' 列，无法生成 action 标签
2024-12-18 01:08:00,460 [INFO] main.py:56 - 正在处理 000010.SZ 的数据...
2024-12-18 01:08:00,499 [ERROR] main.py:71 - 处理 000010.SZ 的数据失败: 数据缺少 'close' 列，无法生成 action 标签
2024-12-18 01:08:00,499 [INFO] main.py:56 - 正在处理 000011.SZ 的数据...
2024-12-18 01:08:00,537 [ERROR] main.py:71 - 处理 000011.SZ 的数据失败: 数据缺少 'close' 列，无法生成 action 标签
2024-12-18 01:08:00,537 [INFO] main.py:56 - 正在处理 000012.SZ 的数据...
2024-12-18 01:08:00,570 [ERROR] main.py:71 - 处理 000012.SZ 的数据失败: 数据缺少 'close' 列，无法生成 action 标签
2024-12-18 01:08:00,570 [INFO] main.py:56 - 正在处理 000014.SZ 的数据...
2024-12-18 01:08:00,599 [ERROR] main.py:71 - 处理 000014.SZ 的数据失败: 数据缺少 'close' 列，无法生成 action 标签
2024-12-18 01:08:00,599 [INFO] main.py:56 - 正在处理 000016.SZ 的数据...
2024-12-18 01:08:00,630 [ERROR] main.py:71 - 处理 000016.SZ 的数据失败: 数据缺少 'close' 列，无法生成 action 标签
2024-12-18 01:08:00,630 [INFO] main.py:56 - 正在处理 000017.SZ 的数据...
2024-12-18 01:08:00,660 [ERROR] main.py:71 - 处理 000017.SZ 的数据失败: 数据缺少 'close' 列，无法生成 action 标签
2024-12-18 01:08:00,661 [INFO] main.py:56 - 正在处理 000019.SZ 的数据...
2024-12-18 01:08:00,695 [ERROR] main.py:71 - 处理 000019.SZ 的数据失败: 数据缺少 'close' 列，无法生成 action 标签
2024-12-18 01:08:00,695 [INFO] main.py:56 - 正在处理 000020.SZ 的数据...
2024-12-18 01:08:00,730 [ERROR] main.py:71 - 处理 000020.SZ 的数据失败: 数据缺少 'close' 列，无法生成 action 标签
2024-12-18 01:08:00,732 [INFO] main.py:56 - 正在处理 000021.SZ 的数据...
2024-12-18 01:08:00,772 [ERROR] main.py:71 - 处理 000021.SZ 的数据失败: 数据缺少 'close' 列，无法生成 action 标签
2024-12-18 01:08:00,772 [INFO] main.py:56 - 正在处理 000025.SZ 的数据...
2024-12-18 01:08:00,809 [ERROR] main.py:71 - 处理 000025.SZ 的数据失败: 数据缺少 'close' 列，无法生成 action 标签
2024-12-18 01:08:00,809 [INFO] main.py:56 - 正在处理 000026.SZ 的数据...
2024-12-18 01:08:00,842 [ERROR] main.py:71 - 处理 000026.SZ 的数据失败: 数据缺少 'close' 列，无法生成 action 标签
2024-12-18 01:08:00,842 [INFO] main.py:56 - 正在处理 000027.SZ 的数据...
2024-12-18 01:08:00,874 [ERROR] main.py:71 - 处理 000027.SZ 的数据失败: 数据缺少 'close' 列，无法生成 action 标签
2024-12-18 01:08:00,875 [INFO] main.py:56 - 正在处理 000028.SZ 的数据...
2024-12-18 01:08:00,918 [ERROR] main.py:71 - 处理 000028.SZ 的数据失败: 数据缺少 'close' 列，无法生成 action 标签
2024-12-18 01:08:00,918 [INFO] main.py:56 - 正在处理 000029.SZ 的数据...
2024-12-18 01:08:00,960 [ERROR] main.py:71 - 处理 000029.SZ 的数据失败: 数据缺少 'close' 列，无法生成 action 标签
2024-12-18 01:08:00,960 [INFO] main.py:56 - 正在处理 000030.SZ 的数据...
2024-12-18 01:08:00,993 [ERROR] main.py:71 - 处理 000030.SZ 的数据失败: 数据缺少 'close' 列，无法生成 action 标签
2024-12-18 01:08:00,994 [INFO] main.py:56 - 正在处理 000031.SZ 的数据...
2024-12-18 01:08:01,024 [ERROR] main.py:71 - 处理 000031.SZ 的数据失败: 数据缺少 'close' 列，无法生成 action 标签
2024-12-18 01:08:01,024 [INFO] main.py:56 - 正在处理 000032.SZ 的数据...
2024-12-18 01:08:01,055 [ERROR] main.py:71 - 处理 000032.SZ 的数据失败: 数据缺少 'close' 列，无法生成 action 标签
2024-12-18 01:08:01,055 [INFO] main.py:56 - 正在处理 000034.SZ 的数据...
2024-12-18 01:08:01,089 [ERROR] main.py:71 - 处理 000034.SZ 的数据失败: 数据缺少 'close' 列，无法生成 action 标签
2024-12-18 01:08:01,089 [INFO] main.py:56 - 正在处理 000035.SZ 的数据...
2024-12-18 01:08:01,124 [ERROR] main.py:71 - 处理 000035.SZ 的数据失败: 数据缺少 'close' 列，无法生成 action 标签
2024-12-18 01:08:01,125 [INFO] main.py:56 - 正在处理 000036.SZ 的数据...
2024-12-18 01:08:01,162 [ERROR] main.py:71 - 处理 000036.SZ 的数据失败: 数据缺少 'close' 列，无法生成 action 标签
2024-12-18 01:08:01,162 [INFO] main.py:56 - 正在处理 000037.SZ 的数据...
2024-12-18 01:08:01,198 [ERROR] main.py:71 - 处理 000037.SZ 的数据失败: 数据缺少 'close' 列，无法生成 action 标签
2024-12-18 01:08:01,199 [INFO] main.py:56 - 正在处理 000039.SZ 的数据...
2024-12-18 01:08:01,229 [ERROR] main.py:71 - 处理 000039.SZ 的数据失败: 数据缺少 'close' 列，无法生成 action 标签
2024-12-18 01:08:01,229 [INFO] main.py:56 - 正在处理 000042.SZ 的数据...
2024-12-18 01:08:01,260 [ERROR] main.py:71 - 处理 000042.SZ 的数据失败: 数据缺少 'close' 列，无法生成 action 标签
2024-12-18 01:08:01,260 [INFO] main.py:56 - 正在处理 000045.SZ 的数据...
2024-12-18 01:08:01,290 [ERROR] main.py:71 - 处理 000045.SZ 的数据失败: 数据缺少 'close' 列，无法生成 action 标签
2024-12-18 01:08:01,290 [INFO] main.py:56 - 正在处理 000048.SZ 的数据...
2024-12-18 01:08:01,329 [ERROR] main.py:71 - 处理 000048.SZ 的数据失败: 数据缺少 'close' 列，无法生成 action 标签
2024-12-18 01:08:01,329 [INFO] main.py:56 - 正在处理 000049.SZ 的数据...
2024-12-18 01:08:01,366 [ERROR] main.py:71 - 处理 000049.SZ 的数据失败: 数据缺少 'close' 列，无法生成 action 标签
2024-12-18 01:08:01,366 [INFO] main.py:56 - 正在处理 000050.SZ 的数据...
2024-12-18 01:08:01,402 [ERROR] main.py:71 - 处理 000050.SZ 的数据失败: 数据缺少 'close' 列，无法生成 action 标签
2024-12-18 01:08:01,403 [INFO] main.py:56 - 正在处理 000055.SZ 的数据...
2024-12-18 01:08:01,438 [ERROR] main.py:71 - 处理 000055.SZ 的数据失败: 数据缺少 'close' 列，无法生成 action 标签
2024-12-18 01:08:01,438 [INFO] main.py:56 - 正在处理 000056.SZ 的数据...
2024-12-18 01:08:01,471 [ERROR] main.py:71 - 处理 000056.SZ 的数据失败: 数据缺少 'close' 列，无法生成 action 标签
2024-12-18 01:08:01,471 [INFO] main.py:56 - 正在处理 000058.SZ 的数据...
2024-12-18 01:08:01,506 [ERROR] main.py:71 - 处理 000058.SZ 的数据失败: 数据缺少 'close' 列，无法生成 action 标签
2024-12-18 01:08:01,506 [INFO] main.py:56 - 正在处理 000059.SZ 的数据...
2024-12-18 01:08:01,542 [ERROR] main.py:71 - 处理 000059.SZ 的数据失败: 数据缺少 'close' 列，无法生成 action 标签
2024-12-18 01:08:01,543 [INFO] main.py:56 - 正在处理 000060.SZ 的数据...
2024-12-18 01:08:01,579 [ERROR] main.py:71 - 处理 000060.SZ 的数据失败: 数据缺少 'close' 列，无法生成 action 标签
2024-12-18 01:08:01,579 [INFO] main.py:56 - 正在处理 000061.SZ 的数据...
2024-12-18 01:08:01,614 [ERROR] main.py:71 - 处理 000061.SZ 的数据失败: 数据缺少 'close' 列，无法生成 action 标签
2024-12-18 01:08:01,615 [INFO] main.py:56 - 正在处理 000062.SZ 的数据...
2024-12-18 01:08:01,654 [ERROR] main.py:71 - 处理 000062.SZ 的数据失败: 数据缺少 'close' 列，无法生成 action 标签
2024-12-18 01:08:01,654 [INFO] main.py:56 - 正在处理 000063.SZ 的数据...
2024-12-18 01:08:01,696 [ERROR] main.py:71 - 处理 000063.SZ 的数据失败: 数据缺少 'close' 列，无法生成 action 标签
2024-12-18 01:08:01,697 [INFO] main.py:56 - 正在处理 000065.SZ 的数据...
2024-12-18 01:08:01,734 [ERROR] main.py:71 - 处理 000065.SZ 的数据失败: 数据缺少 'close' 列，无法生成 action 标签
2024-12-18 01:08:01,735 [INFO] main.py:56 - 正在处理 000066.SZ 的数据...
2024-12-18 01:08:01,766 [ERROR] main.py:71 - 处理 000066.SZ 的数据失败: 数据缺少 'close' 列，无法生成 action 标签
2024-12-18 01:08:01,767 [INFO] main.py:56 - 正在处理 000068.SZ 的数据...
2024-12-18 01:08:01,796 [ERROR] main.py:71 - 处理 000068.SZ 的数据失败: 数据缺少 'close' 列，无法生成 action 标签
2024-12-18 01:08:01,797 [INFO] main.py:56 - 正在处理 000069.SZ 的数据...
2024-12-18 01:08:01,830 [ERROR] main.py:71 - 处理 000069.SZ 的数据失败: 数据缺少 'close' 列，无法生成 action 标签
2024-12-18 01:08:01,830 [INFO] main.py:56 - 正在处理 000078.SZ 的数据...
2024-12-18 01:08:01,867 [ERROR] main.py:71 - 处理 000078.SZ 的数据失败: 数据缺少 'close' 列，无法生成 action 标签
2024-12-18 01:08:01,868 [INFO] main.py:56 - 正在处理 000088.SZ 的数据...
2024-12-18 01:08:01,897 [ERROR] main.py:71 - 处理 000088.SZ 的数据失败: 数据缺少 'close' 列，无法生成 action 标签
2024-12-18 01:08:01,897 [INFO] main.py:56 - 正在处理 000089.SZ 的数据...
2024-12-18 01:08:01,925 [ERROR] main.py:71 - 处理 000089.SZ 的数据失败: 数据缺少 'close' 列，无法生成 action 标签
2024-12-18 01:08:01,925 [INFO] main.py:56 - 正在处理 000090.SZ 的数据...
2024-12-18 01:08:01,949 [ERROR] main.py:71 - 处理 000090.SZ 的数据失败: 数据缺少 'close' 列，无法生成 action 标签
2024-12-18 01:08:01,949 [INFO] main.py:56 - 正在处理 000096.SZ 的数据...
2024-12-18 01:08:01,986 [ERROR] main.py:71 - 处理 000096.SZ 的数据失败: 数据缺少 'close' 列，无法生成 action 标签
2024-12-18 01:08:01,987 [INFO] main.py:56 - 正在处理 000099.SZ 的数据...
2024-12-18 01:08:02,028 [ERROR] main.py:71 - 处理 000099.SZ 的数据失败: 数据缺少 'close' 列，无法生成 action 标签
2024-12-18 01:08:02,029 [INFO] main.py:56 - 正在处理 000100.SZ 的数据...
2024-12-18 01:08:02,067 [ERROR] main.py:71 - 处理 000100.SZ 的数据失败: 数据缺少 'close' 列，无法生成 action 标签
2024-12-18 01:08:02,067 [INFO] main.py:56 - 正在处理 000151.SZ 的数据...
2024-12-18 01:08:02,098 [ERROR] main.py:71 - 处理 000151.SZ 的数据失败: 数据缺少 'close' 列，无法生成 action 标签
2024-12-18 01:08:02,098 [INFO] main.py:56 - 正在处理 000153.SZ 的数据...
2024-12-18 01:08:02,136 [ERROR] main.py:71 - 处理 000153.SZ 的数据失败: 数据缺少 'close' 列，无法生成 action 标签
2024-12-18 01:08:02,137 [INFO] main.py:56 - 正在处理 000155.SZ 的数据...
2024-12-18 01:08:02,173 [ERROR] main.py:71 - 处理 000155.SZ 的数据失败: 数据缺少 'close' 列，无法生成 action 标签
2024-12-18 01:08:02,173 [INFO] main.py:56 - 正在处理 000156.SZ 的数据...
2024-12-18 01:08:02,205 [ERROR] main.py:71 - 处理 000156.SZ 的数据失败: 数据缺少 'close' 列，无法生成 action 标签
2024-12-18 01:08:02,205 [INFO] main.py:56 - 正在处理 000157.SZ 的数据...
2024-12-18 01:08:02,243 [ERROR] main.py:71 - 处理 000157.SZ 的数据失败: 数据缺少 'close' 列，无法生成 action 标签
2024-12-18 01:08:02,243 [INFO] main.py:56 - 正在处理 000158.SZ 的数据...
2024-12-18 01:08:02,277 [ERROR] main.py:71 - 处理 000158.SZ 的数据失败: 数据缺少 'close' 列，无法生成 action 标签
2024-12-18 01:08:02,277 [INFO] main.py:56 - 正在处理 000159.SZ 的数据...
2024-12-18 01:08:02,310 [ERROR] main.py:71 - 处理 000159.SZ 的数据失败: 数据缺少 'close' 列，无法生成 action 标签
2024-12-18 01:08:02,311 [INFO] main.py:56 - 正在处理 000166.SZ 的数据...
2024-12-18 01:08:02,339 [ERROR] main.py:71 - 处理 000166.SZ 的数据失败: 数据缺少 'close' 列，无法生成 action 标签
2024-12-18 01:08:02,339 [INFO] main.py:56 - 正在处理 000301.SZ 的数据...
2024-12-18 01:08:02,368 [ERROR] main.py:71 - 处理 000301.SZ 的数据失败: 数据缺少 'close' 列，无法生成 action 标签
2024-12-18 01:08:02,368 [INFO] main.py:56 - 正在处理 000333.SZ 的数据...
2024-12-18 01:08:02,395 [ERROR] main.py:71 - 处理 000333.SZ 的数据失败: 数据缺少 'close' 列，无法生成 action 标签
2024-12-18 01:08:02,395 [INFO] main.py:56 - 正在处理 000338.SZ 的数据...
2024-12-18 01:08:02,423 [ERROR] main.py:71 - 处理 000338.SZ 的数据失败: 数据缺少 'close' 列，无法生成 action 标签
2024-12-18 01:08:02,423 [INFO] main.py:56 - 正在处理 000400.SZ 的数据...
2024-12-18 01:08:02,456 [ERROR] main.py:71 - 处理 000400.SZ 的数据失败: 数据缺少 'close' 列，无法生成 action 标签
2024-12-18 01:08:02,456 [INFO] main.py:56 - 正在处理 000401.SZ 的数据...
2024-12-18 01:08:02,486 [ERROR] main.py:71 - 处理 000401.SZ 的数据失败: 数据缺少 'close' 列，无法生成 action 标签
2024-12-18 01:08:02,487 [INFO] main.py:56 - 正在处理 000402.SZ 的数据...
2024-12-18 01:08:02,523 [ERROR] main.py:71 - 处理 000402.SZ 的数据失败: 数据缺少 'close' 列，无法生成 action 标签
2024-12-18 01:08:02,524 [INFO] main.py:56 - 正在处理 000403.SZ 的数据...
2024-12-18 01:08:02,552 [ERROR] main.py:71 - 处理 000403.SZ 的数据失败: 数据缺少 'close' 列，无法生成 action 标签
2024-12-18 01:08:02,553 [INFO] main.py:56 - 正在处理 000404.SZ 的数据...
2024-12-18 01:08:02,581 [ERROR] main.py:71 - 处理 000404.SZ 的数据失败: 数据缺少 'close' 列，无法生成 action 标签
2024-12-18 01:08:02,582 [INFO] main.py:56 - 正在处理 000407.SZ 的数据...
2024-12-18 01:08:02,610 [ERROR] main.py:71 - 处理 000407.SZ 的数据失败: 数据缺少 'close' 列，无法生成 action 标签
2024-12-18 01:08:02,611 [INFO] main.py:56 - 正在处理 000408.SZ 的数据...
2024-12-18 01:08:02,638 [ERROR] main.py:71 - 处理 000408.SZ 的数据失败: 数据缺少 'close' 列，无法生成 action 标签
2024-12-18 01:08:02,638 [INFO] main.py:56 - 正在处理 000409.SZ 的数据...
2024-12-18 01:08:02,675 [ERROR] main.py:71 - 处理 000409.SZ 的数据失败: 数据缺少 'close' 列，无法生成 action 标签
2024-12-18 01:08:02,676 [INFO] main.py:56 - 正在处理 000410.SZ 的数据...
2024-12-18 01:08:02,708 [ERROR] main.py:71 - 处理 000410.SZ 的数据失败: 数据缺少 'close' 列，无法生成 action 标签
2024-12-18 01:08:02,708 [INFO] main.py:56 - 正在处理 000411.SZ 的数据...
2024-12-18 01:08:02,741 [ERROR] main.py:71 - 处理 000411.SZ 的数据失败: 数据缺少 'close' 列，无法生成 action 标签
2024-12-18 01:08:02,741 [INFO] main.py:56 - 正在处理 000415.SZ 的数据...
2024-12-18 01:08:02,774 [ERROR] main.py:71 - 处理 000415.SZ 的数据失败: 数据缺少 'close' 列，无法生成 action 标签
2024-12-18 01:08:02,774 [INFO] main.py:56 - 正在处理 000417.SZ 的数据...
2024-12-18 01:08:02,805 [ERROR] main.py:71 - 处理 000417.SZ 的数据失败: 数据缺少 'close' 列，无法生成 action 标签
2024-12-18 01:08:02,805 [INFO] main.py:56 - 正在处理 000419.SZ 的数据...
2024-12-18 01:08:02,834 [ERROR] main.py:71 - 处理 000419.SZ 的数据失败: 数据缺少 'close' 列，无法生成 action 标签
2024-12-18 01:08:02,834 [INFO] main.py:56 - 正在处理 000420.SZ 的数据...
2024-12-18 01:08:02,867 [ERROR] main.py:71 - 处理 000420.SZ 的数据失败: 数据缺少 'close' 列，无法生成 action 标签
2024-12-18 01:08:02,868 [INFO] main.py:56 - 正在处理 000421.SZ 的数据...
2024-12-18 01:08:02,899 [ERROR] main.py:71 - 处理 000421.SZ 的数据失败: 数据缺少 'close' 列，无法生成 action 标签
2024-12-18 01:08:02,899 [INFO] main.py:56 - 正在处理 000422.SZ 的数据...
2024-12-18 01:08:02,931 [ERROR] main.py:71 - 处理 000422.SZ 的数据失败: 数据缺少 'close' 列，无法生成 action 标签
2024-12-18 01:08:02,932 [INFO] main.py:56 - 正在处理 000423.SZ 的数据...
2024-12-18 01:08:02,962 [ERROR] main.py:71 - 处理 000423.SZ 的数据失败: 数据缺少 'close' 列，无法生成 action 标签
2024-12-18 01:08:02,962 [INFO] main.py:56 - 正在处理 000425.SZ 的数据...
2024-12-18 01:08:02,993 [ERROR] main.py:71 - 处理 000425.SZ 的数据失败: 数据缺少 'close' 列，无法生成 action 标签
2024-12-18 01:08:02,993 [INFO] main.py:56 - 正在处理 000426.SZ 的数据...
2024-12-18 01:08:03,021 [ERROR] main.py:71 - 处理 000426.SZ 的数据失败: 数据缺少 'close' 列，无法生成 action 标签
2024-12-18 01:08:03,021 [INFO] main.py:56 - 正在处理 000428.SZ 的数据...
2024-12-18 01:08:03,052 [ERROR] main.py:71 - 处理 000428.SZ 的数据失败: 数据缺少 'close' 列，无法生成 action 标签
2024-12-18 01:08:03,053 [INFO] main.py:56 - 正在处理 000429.SZ 的数据...
2024-12-18 01:08:03,081 [ERROR] main.py:71 - 处理 000429.SZ 的数据失败: 数据缺少 'close' 列，无法生成 action 标签
2024-12-18 01:08:03,081 [INFO] main.py:56 - 正在处理 000430.SZ 的数据...
2024-12-18 01:08:03,116 [ERROR] main.py:71 - 处理 000430.SZ 的数据失败: 数据缺少 'close' 列，无法生成 action 标签
2024-12-18 01:08:03,117 [INFO] main.py:56 - 正在处理 000488.SZ 的数据...
2024-12-18 01:08:03,152 [ERROR] main.py:71 - 处理 000488.SZ 的数据失败: 数据缺少 'close' 列，无法生成 action 标签
2024-12-18 01:08:03,152 [INFO] main.py:56 - 正在处理 000498.SZ 的数据...
2024-12-18 01:08:03,183 [ERROR] main.py:71 - 处理 000498.SZ 的数据失败: 数据缺少 'close' 列，无法生成 action 标签
2024-12-18 01:08:03,183 [INFO] main.py:56 - 正在处理 000501.SZ 的数据...
2024-12-18 01:08:03,212 [ERROR] main.py:71 - 处理 000501.SZ 的数据失败: 数据缺少 'close' 列，无法生成 action 标签
2024-12-18 01:08:03,212 [INFO] main.py:56 - 正在处理 000503.SZ 的数据...
2024-12-18 01:08:03,243 [ERROR] main.py:71 - 处理 000503.SZ 的数据失败: 数据缺少 'close' 列，无法生成 action 标签
2024-12-18 01:08:03,243 [INFO] main.py:56 - 正在处理 000504.SZ 的数据...
2024-12-18 01:08:03,271 [ERROR] main.py:71 - 处理 000504.SZ 的数据失败: 数据缺少 'close' 列，无法生成 action 标签
2024-12-18 01:08:03,271 [INFO] main.py:56 - 正在处理 000505.SZ 的数据...
2024-12-18 01:08:03,306 [ERROR] main.py:71 - 处理 000505.SZ 的数据失败: 数据缺少 'close' 列，无法生成 action 标签
2024-12-18 01:08:03,306 [INFO] main.py:56 - 正在处理 000507.SZ 的数据...
2024-12-18 01:08:03,346 [ERROR] main.py:71 - 处理 000507.SZ 的数据失败: 数据缺少 'close' 列，无法生成 action 标签
2024-12-18 01:08:03,346 [INFO] main.py:56 - 正在处理 000509.SZ 的数据...
2024-12-18 01:08:03,378 [ERROR] main.py:71 - 处理 000509.SZ 的数据失败: 数据缺少 'close' 列，无法生成 action 标签
2024-12-18 01:08:03,378 [INFO] main.py:56 - 正在处理 000510.SZ 的数据...
2024-12-18 01:08:03,406 [ERROR] main.py:71 - 处理 000510.SZ 的数据失败: 数据缺少 'close' 列，无法生成 action 标签
2024-12-18 01:08:03,406 [INFO] main.py:56 - 正在处理 000513.SZ 的数据...
2024-12-18 01:08:03,433 [ERROR] main.py:71 - 处理 000513.SZ 的数据失败: 数据缺少 'close' 列，无法生成 action 标签
2024-12-18 01:08:03,433 [INFO] main.py:56 - 正在处理 000514.SZ 的数据...
2024-12-18 01:08:03,460 [ERROR] main.py:71 - 处理 000514.SZ 的数据失败: 数据缺少 'close' 列，无法生成 action 标签
2024-12-18 01:08:03,460 [INFO] main.py:56 - 正在处理 000516.SZ 的数据...
2024-12-18 01:08:03,486 [ERROR] main.py:71 - 处理 000516.SZ 的数据失败: 数据缺少 'close' 列，无法生成 action 标签
2024-12-18 01:08:03,487 [INFO] main.py:56 - 正在处理 000517.SZ 的数据...
2024-12-18 01:08:03,513 [ERROR] main.py:71 - 处理 000517.SZ 的数据失败: 数据缺少 'close' 列，无法生成 action 标签
2024-12-18 01:08:03,513 [ERROR] main.py:75 - 没有成功处理任何数据
2024-12-18 01:08:03,513 [INFO] main.py:148 - 量化交易系统运行结束
