2024-12-18 01:09:29,118 [INFO] main.py:14 - 初始化量化交易系统...
2024-12-18 01:09:29,119 [INFO] logger.py:55 - [QuantTradingSystem] 开始执行: __init__
2024-12-18 01:09:29,119 [INFO] QuantTrading.py:26 - 初始化量化交易系统...
2024-12-18 01:09:29,119 [INFO] logger.py:55 - [DataEngine] 开始执行: __init__
2024-12-18 01:09:29,127 [INFO] logger.py:62 - [DataEngine] 成功完成: __init__, 耗时: 0.01秒
2024-12-18 01:09:29,127 [INFO] logger.py:62 - [QuantTradingSystem] 成功完成: __init__, 耗时: 0.01秒
2024-12-18 01:09:29,129 [INFO] main.py:19 - 开始模型训练阶段...
2024-12-18 01:09:29,129 [INFO] main.py:22 - Step 1: 正在获取股票列表...
2024-12-18 01:09:29,138 [INFO] logger.py:55 - [DataEngine] 开始执行: get_stock_list
2024-12-18 01:09:32,058 [INFO] logger.py:62 - [DataEngine] 成功完成: get_stock_list, 耗时: 2.92秒
2024-12-18 01:09:32,059 [INFO] main.py:27 - 成功获取股票列表，共 5250 只股票
2024-12-18 01:09:32,059 [INFO] main.py:30 - Step 2: 开始获取历史数据...
2024-12-18 01:09:32,059 [INFO] main.py:37 - 正在获取 000001.SZ 的历史数据...
2024-12-18 01:09:32,750 [INFO] main.py:41 - 成功获取 000001.SZ 的历史数据，共 970 条记录
2024-12-18 01:09:32,751 [INFO] main.py:37 - 正在获取 000002.SZ 的历史数据...
2024-12-18 01:09:33,417 [INFO] main.py:41 - 成功获取 000002.SZ 的历史数据，共 970 条记录
2024-12-18 01:09:33,417 [INFO] main.py:37 - 正在获取 000004.SZ 的历史数据...
2024-12-18 01:09:34,056 [INFO] main.py:41 - 成功获取 000004.SZ 的历史数据，共 968 条记录
2024-12-18 01:09:34,056 [INFO] main.py:37 - 正在获取 000006.SZ 的历史数据...
2024-12-18 01:09:34,696 [INFO] main.py:41 - 成功获取 000006.SZ 的历史数据，共 970 条记录
2024-12-18 01:09:34,696 [INFO] main.py:37 - 正在获取 000007.SZ 的历史数据...
2024-12-18 01:09:35,352 [INFO] main.py:41 - 成功获取 000007.SZ 的历史数据，共 967 条记录
2024-12-18 01:09:35,353 [INFO] main.py:37 - 正在获取 000008.SZ 的历史数据...
2024-12-18 01:09:36,065 [INFO] main.py:41 - 成功获取 000008.SZ 的历史数据，共 970 条记录
2024-12-18 01:09:36,066 [INFO] main.py:37 - 正在获取 000009.SZ 的历史数据...
2024-12-18 01:09:36,806 [INFO] main.py:41 - 成功获取 000009.SZ 的历史数据，共 970 条记录
2024-12-18 01:09:36,806 [INFO] main.py:37 - 正在获取 000010.SZ 的历史数据...
2024-12-18 01:09:37,629 [INFO] main.py:41 - 成功获取 000010.SZ 的历史数据，共 969 条记录
2024-12-18 01:09:37,629 [INFO] main.py:37 - 正在获取 000011.SZ 的历史数据...
2024-12-18 01:09:38,441 [INFO] main.py:41 - 成功获取 000011.SZ 的历史数据，共 970 条记录
2024-12-18 01:09:38,441 [INFO] main.py:49 - 历史数据获取完成，共获取 9 只股票的数据
2024-12-18 01:09:38,441 [INFO] main.py:52 - Step 3: 开始数据处理和特征工程...
2024-12-18 01:09:38,442 [INFO] main.py:56 - 正在处理 000001.SZ 的数据...
2024-12-18 01:09:38,550 [ERROR] main.py:71 - 处理 000001.SZ 的数据失败: 数据缺少 'close' 列，无法生成 action 标签
2024-12-18 01:09:38,550 [INFO] main.py:56 - 正在处理 000002.SZ 的数据...
2024-12-18 01:09:38,660 [ERROR] main.py:71 - 处理 000002.SZ 的数据失败: 数据缺少 'close' 列，无法生成 action 标签
2024-12-18 01:09:38,661 [INFO] main.py:56 - 正在处理 000004.SZ 的数据...
2024-12-18 01:09:38,765 [ERROR] main.py:71 - 处理 000004.SZ 的数据失败: 数据缺少 'close' 列，无法生成 action 标签
2024-12-18 01:09:38,765 [INFO] main.py:56 - 正在处理 000006.SZ 的数据...
2024-12-18 01:09:38,845 [ERROR] main.py:71 - 处理 000006.SZ 的数据失败: 数据缺少 'close' 列，无法生成 action 标签
2024-12-18 01:09:38,845 [INFO] main.py:56 - 正在处理 000007.SZ 的数据...
2024-12-18 01:09:38,936 [ERROR] main.py:71 - 处理 000007.SZ 的数据失败: 数据缺少 'close' 列，无法生成 action 标签
2024-12-18 01:09:38,937 [INFO] main.py:56 - 正在处理 000008.SZ 的数据...
2024-12-18 01:09:39,018 [ERROR] main.py:71 - 处理 000008.SZ 的数据失败: 数据缺少 'close' 列，无法生成 action 标签
2024-12-18 01:09:39,019 [INFO] main.py:56 - 正在处理 000009.SZ 的数据...
2024-12-18 01:09:39,099 [ERROR] main.py:71 - 处理 000009.SZ 的数据失败: 数据缺少 'close' 列，无法生成 action 标签
2024-12-18 01:09:39,099 [INFO] main.py:56 - 正在处理 000010.SZ 的数据...
2024-12-18 01:09:39,196 [ERROR] main.py:71 - 处理 000010.SZ 的数据失败: 数据缺少 'close' 列，无法生成 action 标签
2024-12-18 01:09:39,196 [INFO] main.py:56 - 正在处理 000011.SZ 的数据...
2024-12-18 01:09:39,290 [ERROR] main.py:71 - 处理 000011.SZ 的数据失败: 数据缺少 'close' 列，无法生成 action 标签
2024-12-18 01:09:39,290 [ERROR] main.py:75 - 没有成功处理任何数据
2024-12-18 01:09:39,291 [INFO] main.py:148 - 量化交易系统运行结束
