2024-12-18 09:24:45,397 [INFO] main.py:15 - 初始化量化交易系统...
2024-12-18 09:24:45,397 [INFO] logger.py:55 - [QuantTradingSystem] 开始执行: __init__
2024-12-18 09:24:45,397 [INFO] QuantTrading.py:26 - 初始化量化交易系统...
2024-12-18 09:24:45,397 [INFO] logger.py:55 - [DataEngine] 开始执行: __init__
2024-12-18 09:24:45,400 [INFO] logger.py:62 - [DataEngine] 成功完成: __init__, 耗时: 0.00秒
2024-12-18 09:24:45,400 [INFO] logger.py:62 - [QuantTradingSystem] 成功完成: __init__, 耗时: 0.00秒
2024-12-18 09:24:45,400 [INFO] main.py:20 - 开始模型训练阶段...
2024-12-18 09:24:45,401 [INFO] main.py:23 - Step 1: 正在获取股票列表...
2024-12-18 09:24:45,409 [INFO] logger.py:55 - [DataEngine] 开始执行: get_stock_list
2024-12-18 09:24:49,390 [INFO] logger.py:62 - [DataEngine] 成功完成: get_stock_list, 耗时: 3.98秒
2024-12-18 09:24:49,390 [INFO] main.py:28 - 成功获取股票列表，共 5250 只股票
2024-12-18 09:24:49,390 [INFO] main.py:31 - Step 2: 开始获取历史数据...
2024-12-18 09:24:49,390 [INFO] main.py:38 - 正在获取 000001.SZ 的历史数据...
2024-12-18 09:24:50,416 [INFO] main.py:42 - 成功获取 000001.SZ 的历史数据，共 970 条记录
2024-12-18 09:24:50,416 [INFO] main.py:38 - 正在获取 000002.SZ 的历史数据...
2024-12-18 09:24:51,136 [INFO] main.py:42 - 成功获取 000002.SZ 的历史数据，共 970 条记录
2024-12-18 09:24:51,136 [INFO] main.py:38 - 正在获取 000004.SZ 的历史数据...
2024-12-18 09:24:51,908 [INFO] main.py:42 - 成功获取 000004.SZ 的历史数据，共 968 条记录
2024-12-18 09:24:51,908 [INFO] main.py:38 - 正在获取 000006.SZ 的历史数据...
2024-12-18 09:24:52,620 [INFO] main.py:42 - 成功获取 000006.SZ 的历史数据，共 970 条记录
2024-12-18 09:24:52,620 [INFO] main.py:38 - 正在获取 000007.SZ 的历史数据...
2024-12-18 09:24:53,287 [INFO] main.py:42 - 成功获取 000007.SZ 的历史数据，共 967 条记录
2024-12-18 09:24:53,287 [INFO] main.py:38 - 正在获取 000008.SZ 的历史数据...
2024-12-18 09:24:53,988 [INFO] main.py:42 - 成功获取 000008.SZ 的历史数据，共 970 条记录
2024-12-18 09:24:53,989 [INFO] main.py:38 - 正在获取 000009.SZ 的历史数据...
2024-12-18 09:24:54,644 [INFO] main.py:42 - 成功获取 000009.SZ 的历史数据，共 970 条记录
2024-12-18 09:24:54,645 [INFO] main.py:38 - 正在获取 000010.SZ 的历史数据...
2024-12-18 09:24:55,374 [INFO] main.py:42 - 成功获取 000010.SZ 的历史数据，共 969 条记录
2024-12-18 09:24:55,374 [INFO] main.py:38 - 正在获取 000011.SZ 的历史数据...
2024-12-18 09:24:56,076 [INFO] main.py:42 - 成功获取 000011.SZ 的历史数据，共 970 条记录
2024-12-18 09:24:56,077 [INFO] main.py:50 - 历史数据获取完成，共获取 9 只股票的数据
2024-12-18 09:24:56,077 [INFO] main.py:53 - Step 3: 开始数据处理和特征工程...
2024-12-18 09:24:56,077 [INFO] main.py:57 - 正在处理 000001.SZ 的数据...
2024-12-18 09:24:56,112 [INFO] main.py:80 - 成功处理 000001.SZ 的数据，生成 66 个特征（包含标签）
2024-12-18 09:24:56,112 [INFO] main.py:57 - 正在处理 000002.SZ 的数据...
2024-12-18 09:24:56,134 [INFO] main.py:80 - 成功处理 000002.SZ 的数据，生成 66 个特征（包含标签）
2024-12-18 09:24:56,134 [INFO] main.py:57 - 正在处理 000004.SZ 的数据...
2024-12-18 09:24:56,156 [INFO] main.py:80 - 成功处理 000004.SZ 的数据，生成 66 个特征（包含标签）
2024-12-18 09:24:56,156 [INFO] main.py:57 - 正在处理 000006.SZ 的数据...
2024-12-18 09:24:56,178 [INFO] main.py:80 - 成功处理 000006.SZ 的数据，生成 66 个特征（包含标签）
2024-12-18 09:24:56,178 [INFO] main.py:57 - 正在处理 000007.SZ 的数据...
2024-12-18 09:24:56,199 [INFO] main.py:80 - 成功处理 000007.SZ 的数据，生成 66 个特征（包含标签）
2024-12-18 09:24:56,199 [INFO] main.py:57 - 正在处理 000008.SZ 的数据...
2024-12-18 09:24:56,220 [INFO] main.py:80 - 成功处理 000008.SZ 的数据，生成 66 个特征（包含标签）
2024-12-18 09:24:56,220 [INFO] main.py:57 - 正在处理 000009.SZ 的数据...
2024-12-18 09:24:56,242 [INFO] main.py:80 - 成功处理 000009.SZ 的数据，生成 66 个特征（包含标签）
2024-12-18 09:24:56,242 [INFO] main.py:57 - 正在处理 000010.SZ 的数据...
2024-12-18 09:24:56,263 [INFO] main.py:80 - 成功处理 000010.SZ 的数据，生成 66 个特征（包含标签）
2024-12-18 09:24:56,263 [INFO] main.py:57 - 正在处理 000011.SZ 的数据...
2024-12-18 09:24:56,285 [INFO] main.py:80 - 成功处理 000011.SZ 的数据，生成 66 个特征（包含标签）
2024-12-18 09:24:56,285 [INFO] main.py:89 - 数据处理完成，共处理 9 只股票的数据
2024-12-18 09:24:56,285 [INFO] main.py:91 - Step 4: 开始特征选择...
2024-12-18 09:25:53,302 [INFO] main.py:101 - 特征选择完成，选择了 14 个特征
2024-12-18 09:25:53,302 [INFO] main.py:107 - Step 5: 开始划分训练集和验证集...
2024-12-18 09:25:53,305 [INFO] main.py:113 - 数据集划分完成，训练集样本数: 6453, 验证集样本数: 1614
2024-12-18 09:25:53,305 [INFO] main.py:119 - Step 6: 开始训练模型...
2024-12-18 09:25:53,690 [ERROR] main.py:132 - 模型训练失败: 'super' object has no attribute '__sklearn_tags__'
2024-12-18 09:25:53,691 [INFO] main.py:162 - 量化交易系统运行结束
