2024-12-17 22:22:54,141 [INFO] main.py:12 - 初始化量化交易系统...
2024-12-17 22:22:54,141 [INFO] logger.py:55 - [QuantTradingSystem] 开始执行: __init__
2024-12-17 22:22:54,141 [INFO] QuantTrading.py:26 - 初始化量化交易系统...
2024-12-17 22:22:54,141 [INFO] logger.py:55 - [DataEngine] 开始执行: __init__
2024-12-17 22:22:54,144 [INFO] logger.py:62 - [DataEngine] 成功完成: __init__, 耗时: 0.00秒
2024-12-17 22:22:54,145 [INFO] logger.py:62 - [QuantTradingSystem] 成功完成: __init__, 耗时: 0.00秒
2024-12-17 22:22:54,145 [INFO] main.py:17 - 开始模型训练阶段...
2024-12-17 22:22:54,146 [INFO] main.py:20 - Step 1: 正在获取股票列表...
2024-12-17 22:22:54,146 [INFO] logger.py:55 - [DataEngine] 开始执行: get_stock_list
2024-12-17 22:22:55,340 [INFO] logger.py:62 - [DataEngine] 成功完成: get_stock_list, 耗时: 1.19秒
2024-12-17 22:22:55,341 [INFO] main.py:25 - 成功获取股票列表，共 5250 只股票
2024-12-17 22:22:55,341 [INFO] main.py:28 - Step 2: 开始获取历史数据...
2024-12-17 22:22:55,341 [INFO] main.py:35 - 正在获取 000001.SZ 的历史数据...
2024-12-17 22:22:56,824 [INFO] main.py:39 - 成功获取 000001.SZ 的历史数据，共 970 条记录
2024-12-17 22:22:56,825 [INFO] main.py:35 - 正在获取 000002.SZ 的历史数据...
2024-12-17 22:22:57,354 [INFO] main.py:39 - 成功获取 000002.SZ 的历史数据，共 970 条记录
2024-12-17 22:22:57,354 [INFO] main.py:35 - 正在获取 000004.SZ 的历史数据...
2024-12-17 22:22:57,754 [INFO] main.py:39 - 成功获取 000004.SZ 的历史数据，共 968 条记录
2024-12-17 22:22:57,754 [INFO] main.py:35 - 正在获取 000006.SZ 的历史数据...
2024-12-17 22:22:58,162 [INFO] main.py:39 - 成功获取 000006.SZ 的历史数据，共 970 条记录
2024-12-17 22:22:58,162 [INFO] main.py:35 - 正在获取 000007.SZ 的历史数据...
2024-12-17 22:22:58,565 [INFO] main.py:39 - 成功获取 000007.SZ 的历史数据，共 967 条记录
2024-12-17 22:22:58,570 [INFO] main.py:35 - 正在获取 000008.SZ 的历史数据...
2024-12-17 22:22:58,968 [INFO] main.py:39 - 成功获取 000008.SZ 的历史数据，共 970 条记录
2024-12-17 22:22:58,968 [INFO] main.py:35 - 正在获取 000009.SZ 的历史数据...
2024-12-17 22:22:59,355 [INFO] main.py:39 - 成功获取 000009.SZ 的历史数据，共 970 条记录
2024-12-17 22:22:59,355 [INFO] main.py:35 - 正在获取 000010.SZ 的历史数据...
2024-12-17 22:22:59,770 [INFO] main.py:39 - 成功获取 000010.SZ 的历史数据，共 969 条记录
2024-12-17 22:22:59,771 [INFO] main.py:35 - 正在获取 000011.SZ 的历史数据...
2024-12-17 22:23:00,170 [INFO] main.py:39 - 成功获取 000011.SZ 的历史数据，共 970 条记录
2024-12-17 22:23:00,170 [INFO] main.py:35 - 正在获取 000012.SZ 的历史数据...
2024-12-17 22:23:00,583 [INFO] main.py:39 - 成功获取 000012.SZ 的历史数据，共 970 条记录
2024-12-17 22:23:00,583 [INFO] main.py:35 - 正在获取 000014.SZ 的历史数据...
2024-12-17 22:23:00,994 [INFO] main.py:39 - 成功获取 000014.SZ 的历史数据，共 970 条记录
2024-12-17 22:23:00,995 [INFO] main.py:35 - 正在获取 000016.SZ 的历史数据...
2024-12-17 22:23:01,354 [INFO] main.py:39 - 成功获取 000016.SZ 的历史数据，共 961 条记录
2024-12-17 22:23:01,355 [INFO] main.py:35 - 正在获取 000017.SZ 的历史数据...
2024-12-17 22:23:01,744 [INFO] main.py:39 - 成功获取 000017.SZ 的历史数据，共 968 条记录
2024-12-17 22:23:01,744 [INFO] main.py:35 - 正在获取 000019.SZ 的历史数据...
2024-12-17 22:23:02,127 [INFO] main.py:39 - 成功获取 000019.SZ 的历史数据，共 970 条记录
2024-12-17 22:23:02,128 [INFO] main.py:35 - 正在获取 000020.SZ 的历史数据...
2024-12-17 22:23:02,528 [INFO] main.py:39 - 成功获取 000020.SZ 的历史数据，共 970 条记录
2024-12-17 22:23:02,528 [INFO] main.py:35 - 正在获取 000021.SZ 的历史数据...
2024-12-17 22:23:02,918 [INFO] main.py:39 - 成功获取 000021.SZ 的历史数据，共 970 条记录
2024-12-17 22:23:02,919 [INFO] main.py:35 - 正在获取 000025.SZ 的历史数据...
2024-12-17 22:23:03,290 [INFO] main.py:39 - 成功获取 000025.SZ 的历史数据，共 970 条记录
2024-12-17 22:23:03,290 [INFO] main.py:35 - 正在获取 000026.SZ 的历史数据...
2024-12-17 22:23:03,699 [INFO] main.py:39 - 成功获取 000026.SZ 的历史数据，共 970 条记录
2024-12-17 22:23:03,699 [INFO] main.py:35 - 正在获取 000027.SZ 的历史数据...
2024-12-17 22:23:04,171 [INFO] main.py:39 - 成功获取 000027.SZ 的历史数据，共 970 条记录
2024-12-17 22:23:04,172 [INFO] main.py:35 - 正在获取 000028.SZ 的历史数据...
2024-12-17 22:23:04,576 [INFO] main.py:39 - 成功获取 000028.SZ 的历史数据，共 970 条记录
2024-12-17 22:23:04,576 [INFO] main.py:35 - 正在获取 000029.SZ 的历史数据...
2024-12-17 22:23:04,896 [INFO] main.py:39 - 成功获取 000029.SZ 的历史数据，共 766 条记录
2024-12-17 22:23:04,896 [INFO] main.py:35 - 正在获取 000030.SZ 的历史数据...
2024-12-17 22:23:05,298 [INFO] main.py:39 - 成功获取 000030.SZ 的历史数据，共 970 条记录
2024-12-17 22:23:05,298 [INFO] main.py:35 - 正在获取 000031.SZ 的历史数据...
2024-12-17 22:23:05,712 [INFO] main.py:39 - 成功获取 000031.SZ 的历史数据，共 970 条记录
2024-12-17 22:23:05,712 [INFO] main.py:35 - 正在获取 000032.SZ 的历史数据...
2024-12-17 22:23:06,126 [INFO] main.py:39 - 成功获取 000032.SZ 的历史数据，共 959 条记录
2024-12-17 22:23:06,127 [INFO] main.py:35 - 正在获取 000034.SZ 的历史数据...
2024-12-17 22:23:06,536 [INFO] main.py:39 - 成功获取 000034.SZ 的历史数据，共 970 条记录
2024-12-17 22:23:06,536 [INFO] main.py:35 - 正在获取 000035.SZ 的历史数据...
2024-12-17 22:23:06,928 [INFO] main.py:39 - 成功获取 000035.SZ 的历史数据，共 970 条记录
2024-12-17 22:23:06,928 [INFO] main.py:35 - 正在获取 000036.SZ 的历史数据...
2024-12-17 22:23:07,407 [INFO] main.py:39 - 成功获取 000036.SZ 的历史数据，共 970 条记录
2024-12-17 22:23:07,407 [INFO] main.py:35 - 正在获取 000037.SZ 的历史数据...
2024-12-17 22:23:07,822 [INFO] main.py:39 - 成功获取 000037.SZ 的历史数据，共 970 条记录
2024-12-17 22:23:07,822 [INFO] main.py:35 - 正在获取 000039.SZ 的历史数据...
2024-12-17 22:23:08,225 [INFO] main.py:39 - 成功获取 000039.SZ 的历史数据，共 965 条记录
2024-12-17 22:23:08,225 [INFO] main.py:35 - 正在获取 000042.SZ 的历史数据...
2024-12-17 22:23:08,621 [INFO] main.py:39 - 成功获取 000042.SZ 的历史数据，共 970 条记录
2024-12-17 22:23:08,622 [INFO] main.py:35 - 正在获取 000045.SZ 的历史数据...
2024-12-17 22:23:09,097 [INFO] main.py:39 - 成功获取 000045.SZ 的历史数据，共 957 条记录
2024-12-17 22:23:09,097 [INFO] main.py:35 - 正在获取 000048.SZ 的历史数据...
2024-12-17 22:23:09,490 [INFO] main.py:39 - 成功获取 000048.SZ 的历史数据，共 970 条记录
2024-12-17 22:23:09,490 [INFO] main.py:35 - 正在获取 000049.SZ 的历史数据...
2024-12-17 22:23:09,958 [INFO] main.py:39 - 成功获取 000049.SZ 的历史数据，共 964 条记录
2024-12-17 22:23:09,958 [INFO] main.py:35 - 正在获取 000050.SZ 的历史数据...
2024-12-17 22:23:10,358 [INFO] main.py:39 - 成功获取 000050.SZ 的历史数据，共 970 条记录
2024-12-17 22:23:10,358 [INFO] main.py:35 - 正在获取 000055.SZ 的历史数据...
2024-12-17 22:23:10,730 [INFO] main.py:39 - 成功获取 000055.SZ 的历史数据，共 970 条记录
2024-12-17 22:23:10,730 [INFO] main.py:35 - 正在获取 000056.SZ 的历史数据...
2024-12-17 22:23:11,126 [INFO] main.py:39 - 成功获取 000056.SZ 的历史数据，共 970 条记录
2024-12-17 22:23:11,126 [INFO] main.py:35 - 正在获取 000058.SZ 的历史数据...
2024-12-17 22:23:11,495 [INFO] main.py:39 - 成功获取 000058.SZ 的历史数据，共 970 条记录
2024-12-17 22:23:11,495 [INFO] main.py:35 - 正在获取 000059.SZ 的历史数据...
2024-12-17 22:23:11,908 [INFO] main.py:39 - 成功获取 000059.SZ 的历史数据，共 970 条记录
2024-12-17 22:23:11,909 [INFO] main.py:35 - 正在获取 000060.SZ 的历史数据...
2024-12-17 22:23:12,380 [INFO] main.py:39 - 成功获取 000060.SZ 的历史数据，共 970 条记录
2024-12-17 22:23:12,380 [INFO] main.py:35 - 正在获取 000061.SZ 的历史数据...
2024-12-17 22:23:12,839 [INFO] main.py:39 - 成功获取 000061.SZ 的历史数据，共 970 条记录
2024-12-17 22:23:12,839 [INFO] main.py:35 - 正在获取 000062.SZ 的历史数据...
2024-12-17 22:23:13,266 [INFO] main.py:39 - 成功获取 000062.SZ 的历史数据，共 970 条记录
2024-12-17 22:23:13,267 [INFO] main.py:35 - 正在获取 000063.SZ 的历史数据...
2024-12-17 22:23:13,657 [INFO] main.py:39 - 成功获取 000063.SZ 的历史数据，共 969 条记录
2024-12-17 22:23:13,658 [INFO] main.py:35 - 正在获取 000065.SZ 的历史数据...
2024-12-17 22:23:14,067 [INFO] main.py:39 - 成功获取 000065.SZ 的历史数据，共 964 条记录
2024-12-17 22:23:14,067 [INFO] main.py:35 - 正在获取 000066.SZ 的历史数据...
2024-12-17 22:23:14,495 [INFO] main.py:39 - 成功获取 000066.SZ 的历史数据，共 970 条记录
2024-12-17 22:23:14,495 [INFO] main.py:35 - 正在获取 000068.SZ 的历史数据...
2024-12-17 22:23:14,871 [INFO] main.py:39 - 成功获取 000068.SZ 的历史数据，共 970 条记录
2024-12-17 22:23:14,871 [INFO] main.py:35 - 正在获取 000069.SZ 的历史数据...
2024-12-17 22:23:15,284 [INFO] main.py:39 - 成功获取 000069.SZ 的历史数据，共 970 条记录
2024-12-17 22:23:15,285 [INFO] main.py:35 - 正在获取 000078.SZ 的历史数据...
2024-12-17 22:23:15,665 [INFO] main.py:39 - 成功获取 000078.SZ 的历史数据，共 970 条记录
2024-12-17 22:23:15,666 [INFO] main.py:35 - 正在获取 000088.SZ 的历史数据...
2024-12-17 22:23:16,104 [INFO] main.py:39 - 成功获取 000088.SZ 的历史数据，共 954 条记录
2024-12-17 22:23:16,104 [INFO] main.py:35 - 正在获取 000089.SZ 的历史数据...
2024-12-17 22:23:16,456 [INFO] main.py:39 - 成功获取 000089.SZ 的历史数据，共 970 条记录
2024-12-17 22:23:16,456 [INFO] main.py:35 - 正在获取 000090.SZ 的历史数据...
2024-12-17 22:23:16,861 [INFO] main.py:39 - 成功获取 000090.SZ 的历史数据，共 970 条记录
2024-12-17 22:23:16,861 [INFO] main.py:35 - 正在获取 000096.SZ 的历史数据...
2024-12-17 22:23:17,245 [INFO] main.py:39 - 成功获取 000096.SZ 的历史数据，共 970 条记录
2024-12-17 22:23:17,245 [INFO] main.py:35 - 正在获取 000099.SZ 的历史数据...
2024-12-17 22:23:17,646 [INFO] main.py:39 - 成功获取 000099.SZ 的历史数据，共 970 条记录
2024-12-17 22:23:17,646 [INFO] main.py:35 - 正在获取 000100.SZ 的历史数据...
2024-12-17 22:23:18,053 [INFO] main.py:39 - 成功获取 000100.SZ 的历史数据，共 969 条记录
2024-12-17 22:23:18,053 [INFO] main.py:35 - 正在获取 000151.SZ 的历史数据...
2024-12-17 22:23:18,490 [INFO] main.py:39 - 成功获取 000151.SZ 的历史数据，共 970 条记录
2024-12-17 22:23:18,490 [INFO] main.py:35 - 正在获取 000153.SZ 的历史数据...
2024-12-17 22:23:18,899 [INFO] main.py:39 - 成功获取 000153.SZ 的历史数据，共 960 条记录
2024-12-17 22:23:18,900 [INFO] main.py:35 - 正在获取 000155.SZ 的历史数据...
2024-12-17 22:23:19,304 [INFO] main.py:39 - 成功获取 000155.SZ 的历史数据，共 950 条记录
2024-12-17 22:23:19,304 [INFO] main.py:35 - 正在获取 000156.SZ 的历史数据...
2024-12-17 22:23:19,774 [INFO] main.py:39 - 成功获取 000156.SZ 的历史数据，共 969 条记录
2024-12-17 22:23:19,774 [INFO] main.py:35 - 正在获取 000157.SZ 的历史数据...
2024-12-17 22:23:20,284 [INFO] main.py:39 - 成功获取 000157.SZ 的历史数据，共 970 条记录
2024-12-17 22:23:20,284 [INFO] main.py:35 - 正在获取 000158.SZ 的历史数据...
2024-12-17 22:23:20,681 [INFO] main.py:39 - 成功获取 000158.SZ 的历史数据，共 970 条记录
2024-12-17 22:23:20,681 [INFO] main.py:35 - 正在获取 000159.SZ 的历史数据...
2024-12-17 22:23:21,089 [INFO] main.py:39 - 成功获取 000159.SZ 的历史数据，共 970 条记录
2024-12-17 22:23:21,089 [INFO] main.py:35 - 正在获取 000166.SZ 的历史数据...
2024-12-17 22:23:21,483 [INFO] main.py:39 - 成功获取 000166.SZ 的历史数据，共 970 条记录
2024-12-17 22:23:21,483 [INFO] main.py:35 - 正在获取 000301.SZ 的历史数据...
2024-12-17 22:23:21,850 [INFO] main.py:39 - 成功获取 000301.SZ 的历史数据，共 959 条记录
2024-12-17 22:23:21,850 [INFO] main.py:35 - 正在获取 000333.SZ 的历史数据...
2024-12-17 22:23:22,262 [INFO] main.py:39 - 成功获取 000333.SZ 的历史数据，共 970 条记录
2024-12-17 22:23:22,262 [INFO] main.py:35 - 正在获取 000338.SZ 的历史数据...
2024-12-17 22:23:22,678 [INFO] main.py:39 - 成功获取 000338.SZ 的历史数据，共 970 条记录
2024-12-17 22:23:22,678 [INFO] main.py:35 - 正在获取 000400.SZ 的历史数据...
2024-12-17 22:23:23,168 [INFO] main.py:39 - 成功获取 000400.SZ 的历史数据，共 970 条记录
2024-12-17 22:23:23,169 [INFO] main.py:35 - 正在获取 000401.SZ 的历史数据...
2024-12-17 22:23:23,508 [INFO] main.py:39 - 成功获取 000401.SZ 的历史数据，共 948 条记录
2024-12-17 22:23:23,508 [INFO] main.py:35 - 正在获取 000402.SZ 的历史数据...
2024-12-17 22:23:23,913 [INFO] main.py:39 - 成功获取 000402.SZ 的历史数据，共 970 条记录
2024-12-17 22:23:23,913 [INFO] main.py:35 - 正在获取 000403.SZ 的历史数据...
2024-12-17 22:23:24,331 [INFO] main.py:39 - 成功获取 000403.SZ 的历史数据，共 959 条记录
2024-12-17 22:23:24,331 [INFO] main.py:35 - 正在获取 000404.SZ 的历史数据...
2024-12-17 22:23:24,719 [INFO] main.py:39 - 成功获取 000404.SZ 的历史数据，共 970 条记录
2024-12-17 22:23:24,719 [INFO] main.py:35 - 正在获取 000407.SZ 的历史数据...
2024-12-17 22:23:25,128 [INFO] main.py:39 - 成功获取 000407.SZ 的历史数据，共 970 条记录
2024-12-17 22:23:25,128 [INFO] main.py:35 - 正在获取 000408.SZ 的历史数据...
2024-12-17 22:23:25,511 [INFO] main.py:39 - 成功获取 000408.SZ 的历史数据，共 968 条记录
2024-12-17 22:23:25,511 [INFO] main.py:35 - 正在获取 000409.SZ 的历史数据...
2024-12-17 22:23:25,940 [INFO] main.py:39 - 成功获取 000409.SZ 的历史数据，共 969 条记录
2024-12-17 22:23:25,940 [INFO] main.py:35 - 正在获取 000410.SZ 的历史数据...
2024-12-17 22:23:26,366 [INFO] main.py:39 - 成功获取 000410.SZ 的历史数据，共 957 条记录
2024-12-17 22:23:26,367 [INFO] main.py:35 - 正在获取 000411.SZ 的历史数据...
2024-12-17 22:23:26,762 [INFO] main.py:39 - 成功获取 000411.SZ 的历史数据，共 959 条记录
2024-12-17 22:23:26,763 [INFO] main.py:35 - 正在获取 000415.SZ 的历史数据...
2024-12-17 22:23:27,174 [INFO] main.py:39 - 成功获取 000415.SZ 的历史数据，共 970 条记录
2024-12-17 22:23:27,174 [INFO] main.py:35 - 正在获取 000417.SZ 的历史数据...
2024-12-17 22:23:27,589 [INFO] main.py:39 - 成功获取 000417.SZ 的历史数据，共 970 条记录
2024-12-17 22:23:27,590 [INFO] main.py:35 - 正在获取 000419.SZ 的历史数据...
2024-12-17 22:23:27,954 [INFO] main.py:39 - 成功获取 000419.SZ 的历史数据，共 970 条记录
2024-12-17 22:23:27,954 [INFO] main.py:35 - 正在获取 000420.SZ 的历史数据...
2024-12-17 22:23:28,348 [INFO] main.py:39 - 成功获取 000420.SZ 的历史数据，共 953 条记录
2024-12-17 22:23:28,348 [INFO] main.py:35 - 正在获取 000421.SZ 的历史数据...
2024-12-17 22:23:28,712 [INFO] main.py:39 - 成功获取 000421.SZ 的历史数据，共 970 条记录
2024-12-17 22:23:28,712 [INFO] main.py:35 - 正在获取 000422.SZ 的历史数据...
2024-12-17 22:23:29,120 [INFO] main.py:39 - 成功获取 000422.SZ 的历史数据，共 969 条记录
2024-12-17 22:23:29,121 [INFO] main.py:35 - 正在获取 000423.SZ 的历史数据...
2024-12-17 22:23:29,542 [INFO] main.py:39 - 成功获取 000423.SZ 的历史数据，共 970 条记录
2024-12-17 22:23:29,542 [INFO] main.py:35 - 正在获取 000425.SZ 的历史数据...
2024-12-17 22:23:29,905 [INFO] main.py:39 - 成功获取 000425.SZ 的历史数据，共 947 条记录
2024-12-17 22:23:29,905 [INFO] main.py:35 - 正在获取 000426.SZ 的历史数据...
2024-12-17 22:23:30,294 [INFO] main.py:39 - 成功获取 000426.SZ 的历史数据，共 970 条记录
2024-12-17 22:23:30,294 [INFO] main.py:35 - 正在获取 000428.SZ 的历史数据...
2024-12-17 22:23:30,692 [INFO] main.py:39 - 成功获取 000428.SZ 的历史数据，共 970 条记录
2024-12-17 22:23:30,693 [INFO] main.py:35 - 正在获取 000429.SZ 的历史数据...
2024-12-17 22:23:31,064 [INFO] main.py:39 - 成功获取 000429.SZ 的历史数据，共 970 条记录
2024-12-17 22:23:31,065 [INFO] main.py:35 - 正在获取 000430.SZ 的历史数据...
2024-12-17 22:23:31,441 [INFO] main.py:39 - 成功获取 000430.SZ 的历史数据，共 970 条记录
2024-12-17 22:23:31,441 [INFO] main.py:35 - 正在获取 000488.SZ 的历史数据...
2024-12-17 22:23:31,818 [INFO] main.py:39 - 成功获取 000488.SZ 的历史数据，共 970 条记录
2024-12-17 22:23:31,818 [INFO] main.py:35 - 正在获取 000498.SZ 的历史数据...
2024-12-17 22:23:32,243 [INFO] main.py:39 - 成功获取 000498.SZ 的历史数据，共 969 条记录
2024-12-17 22:23:32,243 [INFO] main.py:35 - 正在获取 000501.SZ 的历史数据...
2024-12-17 22:23:32,648 [INFO] main.py:39 - 成功获取 000501.SZ 的历史数据，共 970 条记录
2024-12-17 22:23:32,649 [INFO] main.py:35 - 正在获取 000503.SZ 的历史数据...
2024-12-17 22:23:33,030 [INFO] main.py:39 - 成功获取 000503.SZ 的历史数据，共 970 条记录
2024-12-17 22:23:33,030 [INFO] main.py:35 - 正在获取 000504.SZ 的历史数据...
2024-12-17 22:23:33,397 [INFO] main.py:39 - 成功获取 000504.SZ 的历史数据，共 968 条记录
2024-12-17 22:23:33,398 [INFO] main.py:35 - 正在获取 000505.SZ 的历史数据...
2024-12-17 22:23:33,761 [INFO] main.py:39 - 成功获取 000505.SZ 的历史数据，共 969 条记录
2024-12-17 22:23:33,761 [INFO] main.py:35 - 正在获取 000507.SZ 的历史数据...
2024-12-17 22:23:34,164 [INFO] main.py:39 - 成功获取 000507.SZ 的历史数据，共 967 条记录
2024-12-17 22:23:34,164 [INFO] main.py:35 - 正在获取 000509.SZ 的历史数据...
2024-12-17 22:23:34,546 [INFO] main.py:39 - 成功获取 000509.SZ 的历史数据，共 968 条记录
2024-12-17 22:23:34,546 [INFO] main.py:35 - 正在获取 000510.SZ 的历史数据...
2024-12-17 22:23:34,945 [INFO] main.py:39 - 成功获取 000510.SZ 的历史数据，共 960 条记录
2024-12-17 22:23:34,945 [INFO] main.py:35 - 正在获取 000513.SZ 的历史数据...
2024-12-17 22:23:35,356 [INFO] main.py:39 - 成功获取 000513.SZ 的历史数据，共 970 条记录
2024-12-17 22:23:35,356 [INFO] main.py:35 - 正在获取 000514.SZ 的历史数据...
2024-12-17 22:23:35,750 [INFO] main.py:39 - 成功获取 000514.SZ 的历史数据，共 970 条记录
2024-12-17 22:23:35,750 [INFO] main.py:35 - 正在获取 000516.SZ 的历史数据...
2024-12-17 22:23:36,169 [INFO] main.py:39 - 成功获取 000516.SZ 的历史数据，共 968 条记录
2024-12-17 22:23:36,169 [INFO] main.py:35 - 正在获取 000517.SZ 的历史数据...
2024-12-17 22:23:36,577 [INFO] main.py:39 - 成功获取 000517.SZ 的历史数据，共 970 条记录
2024-12-17 22:23:36,578 [INFO] main.py:47 - 历史数据获取完成，共获取 99 只股票的数据
2024-12-17 22:23:36,578 [INFO] main.py:50 - Step 3: 开始数据处理和特征工程...
2024-12-17 22:23:36,578 [INFO] main.py:54 - 正在处理 000001.SZ 的数据...
2024-12-17 22:23:36,606 [INFO] main.py:54 - 正在处理 000002.SZ 的数据...
2024-12-17 22:23:36,616 [INFO] main.py:54 - 正在处理 000004.SZ 的数据...
2024-12-17 22:23:36,625 [INFO] main.py:54 - 正在处理 000006.SZ 的数据...
2024-12-17 22:23:36,634 [INFO] main.py:54 - 正在处理 000007.SZ 的数据...
2024-12-17 22:23:36,643 [INFO] main.py:54 - 正在处理 000008.SZ 的数据...
2024-12-17 22:23:36,653 [INFO] main.py:54 - 正在处理 000009.SZ 的数据...
2024-12-17 22:23:36,662 [INFO] main.py:54 - 正在处理 000010.SZ 的数据...
2024-12-17 22:23:36,670 [INFO] main.py:54 - 正在处理 000011.SZ 的数据...
2024-12-17 22:23:36,680 [INFO] main.py:54 - 正在处理 000012.SZ 的数据...
2024-12-17 22:23:36,688 [INFO] main.py:54 - 正在处理 000014.SZ 的数据...
2024-12-17 22:23:36,698 [INFO] main.py:54 - 正在处理 000016.SZ 的数据...
2024-12-17 22:23:36,706 [INFO] main.py:54 - 正在处理 000017.SZ 的数据...
2024-12-17 22:23:36,716 [INFO] main.py:54 - 正在处理 000019.SZ 的数据...
2024-12-17 22:23:36,725 [INFO] main.py:54 - 正在处理 000020.SZ 的数据...
2024-12-17 22:23:36,733 [INFO] main.py:54 - 正在处理 000021.SZ 的数据...
2024-12-17 22:23:36,743 [INFO] main.py:54 - 正在处理 000025.SZ 的数据...
2024-12-17 22:23:36,751 [INFO] main.py:54 - 正在处理 000026.SZ 的数据...
2024-12-17 22:23:36,760 [INFO] main.py:54 - 正在处理 000027.SZ 的数据...
2024-12-17 22:23:36,770 [INFO] main.py:54 - 正在处理 000028.SZ 的数据...
2024-12-17 22:23:36,778 [INFO] main.py:54 - 正在处理 000029.SZ 的数据...
2024-12-17 22:23:36,787 [INFO] main.py:54 - 正在处理 000030.SZ 的数据...
2024-12-17 22:23:36,798 [INFO] main.py:54 - 正在处理 000031.SZ 的数据...
2024-12-17 22:23:36,807 [INFO] main.py:54 - 正在处理 000032.SZ 的数据...
2024-12-17 22:23:36,818 [INFO] main.py:54 - 正在处理 000034.SZ 的数据...
2024-12-17 22:23:36,829 [INFO] main.py:54 - 正在处理 000035.SZ 的数据...
2024-12-17 22:23:36,838 [INFO] main.py:54 - 正在处理 000036.SZ 的数据...
2024-12-17 22:23:36,849 [INFO] main.py:54 - 正在处理 000037.SZ 的数据...
2024-12-17 22:23:36,860 [INFO] main.py:54 - 正在处理 000039.SZ 的数据...
2024-12-17 22:23:36,870 [INFO] main.py:54 - 正在处理 000042.SZ 的数据...
2024-12-17 22:23:36,880 [INFO] main.py:54 - 正在处理 000045.SZ 的数据...
2024-12-17 22:23:36,890 [INFO] main.py:54 - 正在处理 000048.SZ 的数据...
2024-12-17 22:23:36,900 [INFO] main.py:54 - 正在处理 000049.SZ 的数据...
2024-12-17 22:23:36,908 [INFO] main.py:54 - 正在处理 000050.SZ 的数据...
2024-12-17 22:23:36,917 [INFO] main.py:54 - 正在处理 000055.SZ 的数据...
2024-12-17 22:23:36,927 [INFO] main.py:54 - 正在处理 000056.SZ 的数据...
2024-12-17 22:23:36,936 [INFO] main.py:54 - 正在处理 000058.SZ 的数据...
2024-12-17 22:23:36,946 [INFO] main.py:54 - 正在处理 000059.SZ 的数据...
2024-12-17 22:23:36,955 [INFO] main.py:54 - 正在处理 000060.SZ 的数据...
2024-12-17 22:23:36,964 [INFO] main.py:54 - 正在处理 000061.SZ 的数据...
2024-12-17 22:23:36,973 [INFO] main.py:54 - 正在处理 000062.SZ 的数据...
2024-12-17 22:23:36,982 [INFO] main.py:54 - 正在处理 000063.SZ 的数据...
2024-12-17 22:23:36,992 [INFO] main.py:54 - 正在处理 000065.SZ 的数据...
2024-12-17 22:23:37,002 [INFO] main.py:54 - 正在处理 000066.SZ 的数据...
2024-12-17 22:23:37,012 [INFO] main.py:54 - 正在处理 000068.SZ 的数据...
2024-12-17 22:23:37,022 [INFO] main.py:54 - 正在处理 000069.SZ 的数据...
2024-12-17 22:23:37,033 [INFO] main.py:54 - 正在处理 000078.SZ 的数据...
2024-12-17 22:23:37,043 [INFO] main.py:54 - 正在处理 000088.SZ 的数据...
2024-12-17 22:23:37,053 [INFO] main.py:54 - 正在处理 000089.SZ 的数据...
2024-12-17 22:23:37,064 [INFO] main.py:54 - 正在处理 000090.SZ 的数据...
2024-12-17 22:23:37,074 [INFO] main.py:54 - 正在处理 000096.SZ 的数据...
2024-12-17 22:23:37,085 [INFO] main.py:54 - 正在处理 000099.SZ 的数据...
2024-12-17 22:23:37,095 [INFO] main.py:54 - 正在处理 000100.SZ 的数据...
2024-12-17 22:23:37,105 [INFO] main.py:54 - 正在处理 000151.SZ 的数据...
2024-12-17 22:23:37,115 [INFO] main.py:54 - 正在处理 000153.SZ 的数据...
2024-12-17 22:23:37,124 [INFO] main.py:54 - 正在处理 000155.SZ 的数据...
2024-12-17 22:23:37,133 [INFO] main.py:54 - 正在处理 000156.SZ 的数据...
2024-12-17 22:23:37,142 [INFO] main.py:54 - 正在处理 000157.SZ 的数据...
2024-12-17 22:23:37,151 [INFO] main.py:54 - 正在处理 000158.SZ 的数据...
2024-12-17 22:23:37,160 [INFO] main.py:54 - 正在处理 000159.SZ 的数据...
2024-12-17 22:23:37,169 [INFO] main.py:54 - 正在处理 000166.SZ 的数据...
2024-12-17 22:23:37,178 [INFO] main.py:54 - 正在处理 000301.SZ 的数据...
2024-12-17 22:23:37,187 [INFO] main.py:54 - 正在处理 000333.SZ 的数据...
2024-12-17 22:23:37,197 [INFO] main.py:54 - 正在处理 000338.SZ 的数据...
2024-12-17 22:23:37,207 [INFO] main.py:54 - 正在处理 000400.SZ 的数据...
2024-12-17 22:23:37,217 [INFO] main.py:54 - 正在处理 000401.SZ 的数据...
2024-12-17 22:23:37,228 [INFO] main.py:54 - 正在处理 000402.SZ 的数据...
2024-12-17 22:23:37,238 [INFO] main.py:54 - 正在处理 000403.SZ 的数据...
2024-12-17 22:23:37,249 [INFO] main.py:54 - 正在处理 000404.SZ 的数据...
2024-12-17 22:23:37,259 [INFO] main.py:54 - 正在处理 000407.SZ 的数据...
2024-12-17 22:23:37,270 [INFO] main.py:54 - 正在处理 000408.SZ 的数据...
2024-12-17 22:23:37,279 [INFO] main.py:54 - 正在处理 000409.SZ 的数据...
2024-12-17 22:23:37,290 [INFO] main.py:54 - 正在处理 000410.SZ 的数据...
2024-12-17 22:23:37,300 [INFO] main.py:54 - 正在处理 000411.SZ 的数据...
2024-12-17 22:23:37,310 [INFO] main.py:54 - 正在处理 000415.SZ 的数据...
2024-12-17 22:23:37,320 [INFO] main.py:54 - 正在处理 000417.SZ 的数据...
2024-12-17 22:23:37,329 [INFO] main.py:54 - 正在处理 000419.SZ 的数据...
2024-12-17 22:23:37,337 [INFO] main.py:54 - 正在处理 000420.SZ 的数据...
2024-12-17 22:23:37,347 [INFO] main.py:54 - 正在处理 000421.SZ 的数据...
2024-12-17 22:23:37,357 [INFO] main.py:54 - 正在处理 000422.SZ 的数据...
2024-12-17 22:23:37,366 [INFO] main.py:54 - 正在处理 000423.SZ 的数据...
2024-12-17 22:23:37,376 [INFO] main.py:54 - 正在处理 000425.SZ 的数据...
2024-12-17 22:23:37,385 [INFO] main.py:54 - 正在处理 000426.SZ 的数据...
2024-12-17 22:23:37,394 [INFO] main.py:54 - 正在处理 000428.SZ 的数据...
2024-12-17 22:23:37,403 [INFO] main.py:54 - 正在处理 000429.SZ 的数据...
2024-12-17 22:23:37,413 [INFO] main.py:54 - 正在处理 000430.SZ 的数据...
2024-12-17 22:23:37,423 [INFO] main.py:54 - 正在处理 000488.SZ 的数据...
2024-12-17 22:23:37,434 [INFO] main.py:54 - 正在处理 000498.SZ 的数据...
2024-12-17 22:23:37,445 [INFO] main.py:54 - 正在处理 000501.SZ 的数据...
2024-12-17 22:23:37,455 [INFO] main.py:54 - 正在处理 000503.SZ 的数据...
2024-12-17 22:23:37,466 [INFO] main.py:54 - 正在处理 000504.SZ 的数据...
2024-12-17 22:23:37,476 [INFO] main.py:54 - 正在处理 000505.SZ 的数据...
2024-12-17 22:23:37,486 [INFO] main.py:54 - 正在处理 000507.SZ 的数据...
2024-12-17 22:23:37,498 [INFO] main.py:54 - 正在处理 000509.SZ 的数据...
2024-12-17 22:23:37,509 [INFO] main.py:54 - 正在处理 000510.SZ 的数据...
2024-12-17 22:23:37,519 [INFO] main.py:54 - 正在处理 000513.SZ 的数据...
2024-12-17 22:23:37,529 [INFO] main.py:54 - 正在处理 000514.SZ 的数据...
2024-12-17 22:23:37,538 [INFO] main.py:54 - 正在处理 000516.SZ 的数据...
2024-12-17 22:23:37,546 [INFO] main.py:54 - 正在处理 000517.SZ 的数据...
2024-12-17 22:23:37,556 [ERROR] main.py:68 - 没有成功处理任何数据
2024-12-17 22:23:37,556 [INFO] main.py:138 - 量化交易系统运行结束
