2024-12-18 01:23:48,312 [INFO] main.py:15 - 初始化量化交易系统...
2024-12-18 01:23:48,312 [INFO] logger.py:55 - [QuantTradingSystem] 开始执行: __init__
2024-12-18 01:23:48,312 [INFO] QuantTrading.py:26 - 初始化量化交易系统...
2024-12-18 01:23:48,312 [INFO] logger.py:55 - [DataEngine] 开始执行: __init__
2024-12-18 01:23:48,319 [INFO] logger.py:62 - [DataEngine] 成功完成: __init__, 耗时: 0.01秒
2024-12-18 01:23:48,320 [INFO] logger.py:62 - [QuantTradingSystem] 成功完成: __init__, 耗时: 0.01秒
2024-12-18 01:23:48,321 [INFO] main.py:20 - 开始模型训练阶段...
2024-12-18 01:23:48,322 [INFO] main.py:23 - Step 1: 正在获取股票列表...
2024-12-18 01:23:48,322 [INFO] logger.py:55 - [DataEngine] 开始执行: get_stock_list
2024-12-18 01:23:50,915 [INFO] logger.py:62 - [DataEngine] 成功完成: get_stock_list, 耗时: 2.59秒
2024-12-18 01:23:50,915 [INFO] main.py:28 - 成功获取股票列表，共 5250 只股票
2024-12-18 01:23:50,916 [INFO] main.py:31 - Step 2: 开始获取历史数据...
2024-12-18 01:23:50,916 [INFO] main.py:38 - 正在获取 000001.SZ 的历史数据...
2024-12-18 01:23:51,568 [INFO] main.py:42 - 成功获取 000001.SZ 的历史数据，共 970 条记录
2024-12-18 01:23:51,569 [INFO] main.py:38 - 正在获取 000002.SZ 的历史数据...
2024-12-18 01:23:52,254 [INFO] main.py:42 - 成功获取 000002.SZ 的历史数据，共 970 条记录
2024-12-18 01:23:52,254 [INFO] main.py:38 - 正在获取 000004.SZ 的历史数据...
2024-12-18 01:23:52,913 [INFO] main.py:42 - 成功获取 000004.SZ 的历史数据，共 968 条记录
2024-12-18 01:23:52,914 [INFO] main.py:38 - 正在获取 000006.SZ 的历史数据...
2024-12-18 01:23:53,751 [INFO] main.py:42 - 成功获取 000006.SZ 的历史数据，共 970 条记录
2024-12-18 01:23:53,751 [INFO] main.py:38 - 正在获取 000007.SZ 的历史数据...
2024-12-18 01:23:54,375 [INFO] main.py:42 - 成功获取 000007.SZ 的历史数据，共 967 条记录
2024-12-18 01:23:54,375 [INFO] main.py:38 - 正在获取 000008.SZ 的历史数据...
2024-12-18 01:23:55,035 [INFO] main.py:42 - 成功获取 000008.SZ 的历史数据，共 970 条记录
2024-12-18 01:23:55,035 [INFO] main.py:38 - 正在获取 000009.SZ 的历史数据...
2024-12-18 01:23:56,356 [INFO] main.py:42 - 成功获取 000009.SZ 的历史数据，共 970 条记录
2024-12-18 01:23:56,356 [INFO] main.py:38 - 正在获取 000010.SZ 的历史数据...
2024-12-18 01:23:57,020 [INFO] main.py:42 - 成功获取 000010.SZ 的历史数据，共 969 条记录
2024-12-18 01:23:57,020 [INFO] main.py:38 - 正在获取 000011.SZ 的历史数据...
2024-12-18 01:23:57,727 [INFO] main.py:42 - 成功获取 000011.SZ 的历史数据，共 970 条记录
2024-12-18 01:23:57,727 [INFO] main.py:50 - 历史数据获取完成，共获取 9 只股票的数据
2024-12-18 01:23:57,727 [INFO] main.py:53 - Step 3: 开始数据处理和特征工程...
2024-12-18 01:23:57,728 [INFO] main.py:57 - 正在处理 000001.SZ 的数据...
2024-12-18 01:23:57,767 [INFO] main.py:74 - 成功处理 000001.SZ 的数据，生成 44 个特征（包含标签）
2024-12-18 01:23:57,767 [INFO] main.py:57 - 正在处理 000002.SZ 的数据...
2024-12-18 01:23:57,799 [INFO] main.py:74 - 成功处理 000002.SZ 的数据，生成 44 个特征（包含标签）
2024-12-18 01:23:57,799 [INFO] main.py:57 - 正在处理 000004.SZ 的数据...
2024-12-18 01:23:57,831 [INFO] main.py:74 - 成功处理 000004.SZ 的数据，生成 44 个特征（包含标签）
2024-12-18 01:23:57,831 [INFO] main.py:57 - 正在处理 000006.SZ 的数据...
2024-12-18 01:23:57,863 [INFO] main.py:74 - 成功处理 000006.SZ 的数据，生成 44 个特征（包含标签）
2024-12-18 01:23:57,863 [INFO] main.py:57 - 正在处理 000007.SZ 的数据...
2024-12-18 01:23:57,895 [INFO] main.py:74 - 成功处理 000007.SZ 的数据，生成 44 个特征（包含标签）
2024-12-18 01:23:57,895 [INFO] main.py:57 - 正在处理 000008.SZ 的数据...
2024-12-18 01:23:57,927 [INFO] main.py:74 - 成功处理 000008.SZ 的数据，生成 44 个特征（包含标签）
2024-12-18 01:23:57,928 [INFO] main.py:57 - 正在处理 000009.SZ 的数据...
2024-12-18 01:23:57,978 [INFO] main.py:74 - 成功处理 000009.SZ 的数据，生成 44 个特征（包含标签）
2024-12-18 01:23:57,978 [INFO] main.py:57 - 正在处理 000010.SZ 的数据...
2024-12-18 01:23:58,019 [INFO] main.py:74 - 成功处理 000010.SZ 的数据，生成 44 个特征（包含标签）
2024-12-18 01:23:58,019 [INFO] main.py:57 - 正在处理 000011.SZ 的数据...
2024-12-18 01:23:58,057 [INFO] main.py:74 - 成功处理 000011.SZ 的数据，生成 44 个特征（包含标签）
2024-12-18 01:23:58,057 [INFO] main.py:83 - 数据处理完成，共处理 9 只股票的数据
2024-12-18 01:23:58,057 [INFO] main.py:85 - Step 4: 开始特征选择...
2024-12-18 01:25:13,782 [INFO] main.py:95 - 特征选择完成，选择了 15 个特征
2024-12-18 01:25:13,782 [INFO] main.py:101 - Step 5: 开始划分训练集和验证集...
2024-12-18 01:25:13,783 [ERROR] main.py:106 - 数据集划分失败: _split_dataset() missing 1 required positional argument: 'y'
2024-12-18 01:25:13,783 [INFO] main.py:153 - 量化交易系统运行结束
