2024-12-18 01:14:24,163 [INFO] main.py:15 - 初始化量化交易系统...
2024-12-18 01:14:24,164 [INFO] logger.py:55 - [QuantTradingSystem] 开始执行: __init__
2024-12-18 01:14:24,164 [INFO] QuantTrading.py:26 - 初始化量化交易系统...
2024-12-18 01:14:24,164 [INFO] logger.py:55 - [DataEngine] 开始执行: __init__
2024-12-18 01:14:24,170 [INFO] logger.py:62 - [DataEngine] 成功完成: __init__, 耗时: 0.01秒
2024-12-18 01:14:24,171 [INFO] logger.py:62 - [QuantTradingSystem] 成功完成: __init__, 耗时: 0.01秒
2024-12-18 01:14:24,173 [INFO] main.py:20 - 开始模型训练阶段...
2024-12-18 01:14:24,173 [INFO] main.py:23 - Step 1: 正在获取股票列表...
2024-12-18 01:14:24,174 [INFO] logger.py:55 - [DataEngine] 开始执行: get_stock_list
2024-12-18 01:14:35,498 [INFO] logger.py:62 - [DataEngine] 成功完成: get_stock_list, 耗时: 11.32秒
2024-12-18 01:14:35,498 [INFO] main.py:28 - 成功获取股票列表，共 5250 只股票
2024-12-18 01:14:35,498 [INFO] main.py:31 - Step 2: 开始获取历史数据...
2024-12-18 01:14:35,498 [INFO] main.py:38 - 正在获取 000001.SZ 的历史数据...
2024-12-18 01:14:36,452 [INFO] main.py:42 - 成功获取 000001.SZ 的历史数据，共 970 条记录
2024-12-18 01:14:36,453 [INFO] main.py:38 - 正在获取 000002.SZ 的历史数据...
2024-12-18 01:14:37,266 [INFO] main.py:42 - 成功获取 000002.SZ 的历史数据，共 970 条记录
2024-12-18 01:14:37,266 [INFO] main.py:38 - 正在获取 000004.SZ 的历史数据...
2024-12-18 01:14:38,041 [INFO] main.py:42 - 成功获取 000004.SZ 的历史数据，共 968 条记录
2024-12-18 01:14:38,042 [INFO] main.py:38 - 正在获取 000006.SZ 的历史数据...
2024-12-18 01:14:38,779 [INFO] main.py:42 - 成功获取 000006.SZ 的历史数据，共 970 条记录
2024-12-18 01:14:38,780 [INFO] main.py:38 - 正在获取 000007.SZ 的历史数据...
2024-12-18 01:14:39,542 [INFO] main.py:42 - 成功获取 000007.SZ 的历史数据，共 967 条记录
2024-12-18 01:14:39,543 [INFO] main.py:38 - 正在获取 000008.SZ 的历史数据...
2024-12-18 01:14:40,310 [INFO] main.py:42 - 成功获取 000008.SZ 的历史数据，共 970 条记录
2024-12-18 01:14:40,311 [INFO] main.py:38 - 正在获取 000009.SZ 的历史数据...
2024-12-18 01:14:41,086 [INFO] main.py:42 - 成功获取 000009.SZ 的历史数据，共 970 条记录
2024-12-18 01:14:41,086 [INFO] main.py:38 - 正在获取 000010.SZ 的历史数据...
2024-12-18 01:14:41,826 [INFO] main.py:42 - 成功获取 000010.SZ 的历史数据，共 969 条记录
2024-12-18 01:14:41,826 [INFO] main.py:38 - 正在获取 000011.SZ 的历史数据...
2024-12-18 01:14:42,640 [INFO] main.py:42 - 成功获取 000011.SZ 的历史数据，共 970 条记录
2024-12-18 01:14:42,640 [INFO] main.py:50 - 历史数据获取完成，共获取 9 只股票的数据
2024-12-18 01:14:42,641 [INFO] main.py:53 - Step 3: 开始数据处理和特征工程...
2024-12-18 01:14:42,641 [INFO] main.py:57 - 正在处理 000001.SZ 的数据...
2024-12-18 01:14:42,692 [ERROR] main.py:72 - 处理 000001.SZ 的数据失败: 数据缺少 'close' 列，无法生成 action 标签
2024-12-18 01:14:42,692 [INFO] main.py:57 - 正在处理 000002.SZ 的数据...
2024-12-18 01:14:42,738 [ERROR] main.py:72 - 处理 000002.SZ 的数据失败: 数据缺少 'close' 列，无法生成 action 标签
2024-12-18 01:14:42,738 [INFO] main.py:57 - 正在处理 000004.SZ 的数据...
2024-12-18 01:14:42,785 [ERROR] main.py:72 - 处理 000004.SZ 的数据失败: 数据缺少 'close' 列，无法生成 action 标签
2024-12-18 01:14:42,785 [INFO] main.py:57 - 正在处理 000006.SZ 的数据...
2024-12-18 01:14:42,835 [ERROR] main.py:72 - 处理 000006.SZ 的数据失败: 数据缺少 'close' 列，无法生成 action 标签
2024-12-18 01:14:42,835 [INFO] main.py:57 - 正在处理 000007.SZ 的数据...
2024-12-18 01:14:42,913 [ERROR] main.py:72 - 处理 000007.SZ 的数据失败: 数据缺少 'close' 列，无法生成 action 标签
2024-12-18 01:14:42,913 [INFO] main.py:57 - 正在处理 000008.SZ 的数据...
2024-12-18 01:14:42,979 [ERROR] main.py:72 - 处理 000008.SZ 的数据失败: 数据缺少 'close' 列，无法生成 action 标签
2024-12-18 01:14:42,980 [INFO] main.py:57 - 正在处理 000009.SZ 的数据...
2024-12-18 01:14:43,034 [ERROR] main.py:72 - 处理 000009.SZ 的数据失败: 数据缺少 'close' 列，无法生成 action 标签
2024-12-18 01:14:43,034 [INFO] main.py:57 - 正在处理 000010.SZ 的数据...
2024-12-18 01:14:43,100 [ERROR] main.py:72 - 处理 000010.SZ 的数据失败: 数据缺少 'close' 列，无法生成 action 标签
2024-12-18 01:14:43,101 [INFO] main.py:57 - 正在处理 000011.SZ 的数据...
2024-12-18 01:14:43,157 [ERROR] main.py:72 - 处理 000011.SZ 的数据失败: 数据缺少 'close' 列，无法生成 action 标签
2024-12-18 01:14:43,157 [ERROR] main.py:76 - 没有成功处理任何数据
2024-12-18 01:14:43,157 [INFO] main.py:149 - 量化交易系统运行结束
