2024-12-18 09:17:47,610 [INFO] main.py:15 - 初始化量化交易系统...
2024-12-18 09:17:47,611 [INFO] logger.py:55 - [QuantTradingSystem] 开始执行: __init__
2024-12-18 09:17:47,611 [INFO] QuantTrading.py:26 - 初始化量化交易系统...
2024-12-18 09:17:47,611 [INFO] logger.py:55 - [DataEngine] 开始执行: __init__
2024-12-18 09:17:47,615 [INFO] logger.py:62 - [DataEngine] 成功完成: __init__, 耗时: 0.00秒
2024-12-18 09:17:47,615 [INFO] logger.py:62 - [QuantTradingSystem] 成功完成: __init__, 耗时: 0.00秒
2024-12-18 09:17:47,623 [INFO] main.py:20 - 开始模型训练阶段...
2024-12-18 09:17:47,623 [INFO] main.py:23 - Step 1: 正在获取股票列表...
2024-12-18 09:17:47,623 [INFO] logger.py:55 - [DataEngine] 开始执行: get_stock_list
2024-12-18 09:17:50,932 [INFO] logger.py:62 - [DataEngine] 成功完成: get_stock_list, 耗时: 3.31秒
2024-12-18 09:17:50,932 [INFO] main.py:28 - 成功获取股票列表，共 5250 只股票
2024-12-18 09:17:50,932 [INFO] main.py:31 - Step 2: 开始获取历史数据...
2024-12-18 09:17:50,932 [INFO] main.py:38 - 正在获取 000001.SZ 的历史数据...
2024-12-18 09:17:51,461 [INFO] main.py:42 - 成功获取 000001.SZ 的历史数据，共 970 条记录
2024-12-18 09:17:51,461 [INFO] main.py:38 - 正在获取 000002.SZ 的历史数据...
2024-12-18 09:17:52,167 [INFO] main.py:42 - 成功获取 000002.SZ 的历史数据，共 970 条记录
2024-12-18 09:17:52,168 [INFO] main.py:38 - 正在获取 000004.SZ 的历史数据...
2024-12-18 09:17:52,640 [INFO] main.py:42 - 成功获取 000004.SZ 的历史数据，共 968 条记录
2024-12-18 09:17:52,641 [INFO] main.py:38 - 正在获取 000006.SZ 的历史数据...
2024-12-18 09:17:53,437 [INFO] main.py:42 - 成功获取 000006.SZ 的历史数据，共 970 条记录
2024-12-18 09:17:53,437 [INFO] main.py:38 - 正在获取 000007.SZ 的历史数据...
2024-12-18 09:17:54,147 [INFO] main.py:42 - 成功获取 000007.SZ 的历史数据，共 967 条记录
2024-12-18 09:17:54,147 [INFO] main.py:38 - 正在获取 000008.SZ 的历史数据...
2024-12-18 09:17:55,099 [INFO] main.py:42 - 成功获取 000008.SZ 的历史数据，共 970 条记录
2024-12-18 09:17:55,099 [INFO] main.py:38 - 正在获取 000009.SZ 的历史数据...
2024-12-18 09:17:56,029 [INFO] main.py:42 - 成功获取 000009.SZ 的历史数据，共 970 条记录
2024-12-18 09:17:56,029 [INFO] main.py:38 - 正在获取 000010.SZ 的历史数据...
2024-12-18 09:17:56,902 [INFO] main.py:42 - 成功获取 000010.SZ 的历史数据，共 969 条记录
2024-12-18 09:17:56,902 [INFO] main.py:38 - 正在获取 000011.SZ 的历史数据...
2024-12-18 09:17:58,282 [INFO] main.py:42 - 成功获取 000011.SZ 的历史数据，共 970 条记录
2024-12-18 09:17:58,282 [INFO] main.py:50 - 历史数据获取完成，共获取 9 只股票的数据
2024-12-18 09:17:58,282 [INFO] main.py:53 - Step 3: 开始数据处理和特征工程...
2024-12-18 09:17:58,282 [INFO] main.py:57 - 正在处理 000001.SZ 的数据...
2024-12-18 09:17:58,313 [ERROR] main.py:82 - 处理 000001.SZ 的数据失败: 数据缺少必要列，请确保包含: ['close', 'vol', 'high', 'low']
2024-12-18 09:17:58,313 [INFO] main.py:57 - 正在处理 000002.SZ 的数据...
2024-12-18 09:17:58,325 [ERROR] main.py:82 - 处理 000002.SZ 的数据失败: 数据缺少必要列，请确保包含: ['close', 'vol', 'high', 'low']
2024-12-18 09:17:58,326 [INFO] main.py:57 - 正在处理 000004.SZ 的数据...
2024-12-18 09:17:58,338 [ERROR] main.py:82 - 处理 000004.SZ 的数据失败: 数据缺少必要列，请确保包含: ['close', 'vol', 'high', 'low']
2024-12-18 09:17:58,338 [INFO] main.py:57 - 正在处理 000006.SZ 的数据...
2024-12-18 09:17:58,349 [ERROR] main.py:82 - 处理 000006.SZ 的数据失败: 数据缺少必要列，请确保包含: ['close', 'vol', 'high', 'low']
2024-12-18 09:17:58,349 [INFO] main.py:57 - 正在处理 000007.SZ 的数据...
2024-12-18 09:17:58,361 [ERROR] main.py:82 - 处理 000007.SZ 的数据失败: 数据缺少必要列，请确保包含: ['close', 'vol', 'high', 'low']
2024-12-18 09:17:58,361 [INFO] main.py:57 - 正在处理 000008.SZ 的数据...
2024-12-18 09:17:58,373 [ERROR] main.py:82 - 处理 000008.SZ 的数据失败: 数据缺少必要列，请确保包含: ['close', 'vol', 'high', 'low']
2024-12-18 09:17:58,373 [INFO] main.py:57 - 正在处理 000009.SZ 的数据...
2024-12-18 09:17:58,385 [ERROR] main.py:82 - 处理 000009.SZ 的数据失败: 数据缺少必要列，请确保包含: ['close', 'vol', 'high', 'low']
2024-12-18 09:17:58,385 [INFO] main.py:57 - 正在处理 000010.SZ 的数据...
2024-12-18 09:17:58,397 [ERROR] main.py:82 - 处理 000010.SZ 的数据失败: 数据缺少必要列，请确保包含: ['close', 'vol', 'high', 'low']
2024-12-18 09:17:58,397 [INFO] main.py:57 - 正在处理 000011.SZ 的数据...
2024-12-18 09:17:58,409 [ERROR] main.py:82 - 处理 000011.SZ 的数据失败: 数据缺少必要列，请确保包含: ['close', 'vol', 'high', 'low']
2024-12-18 09:17:58,409 [ERROR] main.py:86 - 没有成功处理任何数据
2024-12-18 09:17:58,409 [INFO] main.py:162 - 量化交易系统运行结束
