2024-12-18 01:25:51,788 [INFO] main.py:15 - 初始化量化交易系统...
2024-12-18 01:25:51,788 [INFO] logger.py:55 - [QuantTradingSystem] 开始执行: __init__
2024-12-18 01:25:51,789 [INFO] QuantTrading.py:26 - 初始化量化交易系统...
2024-12-18 01:25:51,789 [INFO] logger.py:55 - [DataEngine] 开始执行: __init__
2024-12-18 01:25:51,794 [INFO] logger.py:62 - [DataEngine] 成功完成: __init__, 耗时: 0.00秒
2024-12-18 01:25:51,795 [INFO] logger.py:62 - [QuantTradingSystem] 成功完成: __init__, 耗时: 0.01秒
2024-12-18 01:25:51,796 [INFO] main.py:20 - 开始模型训练阶段...
2024-12-18 01:25:51,797 [INFO] main.py:23 - Step 1: 正在获取股票列表...
2024-12-18 01:25:51,805 [INFO] logger.py:55 - [DataEngine] 开始执行: get_stock_list
2024-12-18 01:26:31,371 [INFO] logger.py:62 - [DataEngine] 成功完成: get_stock_list, 耗时: 39.57秒
2024-12-18 01:26:31,372 [INFO] main.py:28 - 成功获取股票列表，共 5250 只股票
2024-12-18 01:26:31,372 [INFO] main.py:31 - Step 2: 开始获取历史数据...
2024-12-18 01:26:31,372 [INFO] main.py:38 - 正在获取 000001.SZ 的历史数据...
2024-12-18 01:26:33,608 [INFO] main.py:42 - 成功获取 000001.SZ 的历史数据，共 970 条记录
2024-12-18 01:26:33,609 [INFO] main.py:38 - 正在获取 000002.SZ 的历史数据...
2024-12-18 01:26:39,623 [INFO] main.py:42 - 成功获取 000002.SZ 的历史数据，共 970 条记录
2024-12-18 01:26:39,624 [INFO] main.py:38 - 正在获取 000004.SZ 的历史数据...
2024-12-18 01:26:43,191 [INFO] main.py:42 - 成功获取 000004.SZ 的历史数据，共 968 条记录
2024-12-18 01:26:43,192 [INFO] main.py:38 - 正在获取 000006.SZ 的历史数据...
2024-12-18 01:26:45,655 [INFO] main.py:42 - 成功获取 000006.SZ 的历史数据，共 970 条记录
2024-12-18 01:26:45,656 [INFO] main.py:38 - 正在获取 000007.SZ 的历史数据...
2024-12-18 01:26:47,768 [INFO] main.py:42 - 成功获取 000007.SZ 的历史数据，共 967 条记录
2024-12-18 01:26:47,768 [INFO] main.py:38 - 正在获取 000008.SZ 的历史数据...
2024-12-18 01:26:50,123 [INFO] main.py:42 - 成功获取 000008.SZ 的历史数据，共 970 条记录
2024-12-18 01:26:50,123 [INFO] main.py:38 - 正在获取 000009.SZ 的历史数据...
2024-12-18 01:26:51,975 [INFO] main.py:42 - 成功获取 000009.SZ 的历史数据，共 970 条记录
2024-12-18 01:26:51,975 [INFO] main.py:38 - 正在获取 000010.SZ 的历史数据...
2024-12-18 01:26:53,769 [INFO] main.py:42 - 成功获取 000010.SZ 的历史数据，共 969 条记录
2024-12-18 01:26:53,769 [INFO] main.py:38 - 正在获取 000011.SZ 的历史数据...
2024-12-18 01:27:03,363 [INFO] main.py:42 - 成功获取 000011.SZ 的历史数据，共 970 条记录
2024-12-18 01:27:03,363 [INFO] main.py:50 - 历史数据获取完成，共获取 9 只股票的数据
2024-12-18 01:27:03,363 [INFO] main.py:53 - Step 3: 开始数据处理和特征工程...
2024-12-18 01:27:03,364 [INFO] main.py:57 - 正在处理 000001.SZ 的数据...
2024-12-18 01:27:03,381 [INFO] main.py:74 - 成功处理 000001.SZ 的数据，生成 44 个特征（包含标签）
2024-12-18 01:27:03,381 [INFO] main.py:57 - 正在处理 000002.SZ 的数据...
2024-12-18 01:27:03,395 [INFO] main.py:74 - 成功处理 000002.SZ 的数据，生成 44 个特征（包含标签）
2024-12-18 01:27:03,395 [INFO] main.py:57 - 正在处理 000004.SZ 的数据...
2024-12-18 01:27:03,410 [INFO] main.py:74 - 成功处理 000004.SZ 的数据，生成 44 个特征（包含标签）
2024-12-18 01:27:03,410 [INFO] main.py:57 - 正在处理 000006.SZ 的数据...
2024-12-18 01:27:03,424 [INFO] main.py:74 - 成功处理 000006.SZ 的数据，生成 44 个特征（包含标签）
2024-12-18 01:27:03,424 [INFO] main.py:57 - 正在处理 000007.SZ 的数据...
2024-12-18 01:27:03,438 [INFO] main.py:74 - 成功处理 000007.SZ 的数据，生成 44 个特征（包含标签）
2024-12-18 01:27:03,438 [INFO] main.py:57 - 正在处理 000008.SZ 的数据...
2024-12-18 01:27:03,451 [INFO] main.py:74 - 成功处理 000008.SZ 的数据，生成 44 个特征（包含标签）
2024-12-18 01:27:03,452 [INFO] main.py:57 - 正在处理 000009.SZ 的数据...
2024-12-18 01:27:03,465 [INFO] main.py:74 - 成功处理 000009.SZ 的数据，生成 44 个特征（包含标签）
2024-12-18 01:27:03,465 [INFO] main.py:57 - 正在处理 000010.SZ 的数据...
2024-12-18 01:27:03,478 [INFO] main.py:74 - 成功处理 000010.SZ 的数据，生成 44 个特征（包含标签）
2024-12-18 01:27:03,478 [INFO] main.py:57 - 正在处理 000011.SZ 的数据...
2024-12-18 01:27:03,492 [INFO] main.py:74 - 成功处理 000011.SZ 的数据，生成 44 个特征（包含标签）
2024-12-18 01:27:03,492 [INFO] main.py:83 - 数据处理完成，共处理 9 只股票的数据
2024-12-18 01:27:03,492 [INFO] main.py:85 - Step 4: 开始特征选择...
2024-12-18 01:27:52,589 [INFO] main.py:95 - 特征选择完成，选择了 15 个特征
2024-12-18 01:27:52,590 [INFO] main.py:101 - Step 5: 开始划分训练集和验证集...
2024-12-18 01:27:52,592 [INFO] main.py:107 - 数据集划分完成，训练集样本数: 6554, 验证集样本数: 1639
2024-12-18 01:27:52,592 [INFO] main.py:113 - Step 6: 开始训练模型...
2024-12-18 01:27:53,137 [ERROR] main.py:126 - 模型训练失败: 'super' object has no attribute '__sklearn_tags__'
2024-12-18 01:27:53,137 [INFO] main.py:156 - 量化交易系统运行结束
