2024-12-18 09:36:52,729 [INFO] main.py:15 - 初始化量化交易系统...
2024-12-18 09:36:52,729 [INFO] logger.py:55 - [QuantTradingSystem] 开始执行: __init__
2024-12-18 09:36:52,729 [INFO] QuantTrading.py:27 - 初始化量化交易系统...
2024-12-18 09:36:52,729 [INFO] logger.py:55 - [DataEngine] 开始执行: __init__
2024-12-18 09:36:52,732 [INFO] logger.py:62 - [DataEngine] 成功完成: __init__, 耗时: 0.00秒
2024-12-18 09:36:52,732 [INFO] logger.py:62 - [QuantTradingSystem] 成功完成: __init__, 耗时: 0.00秒
2024-12-18 09:36:52,733 [INFO] main.py:20 - 开始模型训练阶段...
2024-12-18 09:36:52,733 [INFO] main.py:23 - Step 1: 正在获取股票列表...
2024-12-18 09:36:52,735 [INFO] logger.py:55 - [DataEngine] 开始执行: get_stock_list
2024-12-18 09:36:56,021 [INFO] logger.py:62 - [DataEngine] 成功完成: get_stock_list, 耗时: 3.29秒
2024-12-18 09:36:56,022 [INFO] main.py:28 - 成功获取股票列表，共 5250 只股票
2024-12-18 09:36:56,022 [INFO] main.py:31 - Step 2: 开始获取历史数据...
2024-12-18 09:36:56,022 [INFO] main.py:38 - 正在获取 000001.SZ 的历史数据...
2024-12-18 09:36:57,771 [INFO] main.py:42 - 成功获取 000001.SZ 的历史数据，共 970 条记录
2024-12-18 09:36:57,771 [INFO] main.py:38 - 正在获取 000002.SZ 的历史数据...
2024-12-18 09:36:58,488 [INFO] main.py:42 - 成功获取 000002.SZ 的历史数据，共 970 条记录
2024-12-18 09:36:58,489 [INFO] main.py:38 - 正在获取 000004.SZ 的历史数据...
2024-12-18 09:37:00,530 [INFO] main.py:42 - 成功获取 000004.SZ 的历史数据，共 968 条记录
2024-12-18 09:37:00,530 [INFO] main.py:38 - 正在获取 000006.SZ 的历史数据...
2024-12-18 09:37:02,255 [INFO] main.py:42 - 成功获取 000006.SZ 的历史数据，共 970 条记录
2024-12-18 09:37:02,255 [INFO] main.py:38 - 正在获取 000007.SZ 的历史数据...
2024-12-18 09:37:02,945 [INFO] main.py:42 - 成功获取 000007.SZ 的历史数据，共 967 条记录
2024-12-18 09:37:02,945 [INFO] main.py:38 - 正在获取 000008.SZ 的历史数据...
2024-12-18 09:37:04,167 [INFO] main.py:42 - 成功获取 000008.SZ 的历史数据，共 970 条记录
2024-12-18 09:37:04,167 [INFO] main.py:38 - 正在获取 000009.SZ 的历史数据...
2024-12-18 09:37:04,941 [INFO] main.py:42 - 成功获取 000009.SZ 的历史数据，共 970 条记录
2024-12-18 09:37:04,941 [INFO] main.py:38 - 正在获取 000010.SZ 的历史数据...
2024-12-18 09:37:06,761 [INFO] main.py:42 - 成功获取 000010.SZ 的历史数据，共 969 条记录
2024-12-18 09:37:06,761 [INFO] main.py:38 - 正在获取 000011.SZ 的历史数据...
2024-12-18 09:37:07,347 [INFO] main.py:42 - 成功获取 000011.SZ 的历史数据，共 970 条记录
2024-12-18 09:37:07,347 [INFO] main.py:50 - 历史数据获取完成，共获取 9 只股票的数据
2024-12-18 09:37:07,347 [INFO] main.py:53 - Step 3: 开始数据处理和特征工程...
2024-12-18 09:37:07,347 [INFO] main.py:57 - 正在处理 000001.SZ 的数据...
2024-12-18 09:37:07,373 [INFO] main.py:80 - 成功处理 000001.SZ 的数据，生成 66 个特征（包含标签）
2024-12-18 09:37:07,373 [INFO] main.py:57 - 正在处理 000002.SZ 的数据...
2024-12-18 09:37:07,394 [INFO] main.py:80 - 成功处理 000002.SZ 的数据，生成 66 个特征（包含标签）
2024-12-18 09:37:07,394 [INFO] main.py:57 - 正在处理 000004.SZ 的数据...
2024-12-18 09:37:07,416 [INFO] main.py:80 - 成功处理 000004.SZ 的数据，生成 66 个特征（包含标签）
2024-12-18 09:37:07,416 [INFO] main.py:57 - 正在处理 000006.SZ 的数据...
2024-12-18 09:37:07,438 [INFO] main.py:80 - 成功处理 000006.SZ 的数据，生成 66 个特征（包含标签）
2024-12-18 09:37:07,438 [INFO] main.py:57 - 正在处理 000007.SZ 的数据...
2024-12-18 09:37:07,459 [INFO] main.py:80 - 成功处理 000007.SZ 的数据，生成 66 个特征（包含标签）
2024-12-18 09:37:07,459 [INFO] main.py:57 - 正在处理 000008.SZ 的数据...
2024-12-18 09:37:07,480 [INFO] main.py:80 - 成功处理 000008.SZ 的数据，生成 66 个特征（包含标签）
2024-12-18 09:37:07,481 [INFO] main.py:57 - 正在处理 000009.SZ 的数据...
2024-12-18 09:37:07,501 [INFO] main.py:80 - 成功处理 000009.SZ 的数据，生成 66 个特征（包含标签）
2024-12-18 09:37:07,501 [INFO] main.py:57 - 正在处理 000010.SZ 的数据...
2024-12-18 09:37:07,523 [INFO] main.py:80 - 成功处理 000010.SZ 的数据，生成 66 个特征（包含标签）
2024-12-18 09:37:07,523 [INFO] main.py:57 - 正在处理 000011.SZ 的数据...
2024-12-18 09:37:07,543 [INFO] main.py:80 - 成功处理 000011.SZ 的数据，生成 66 个特征（包含标签）
2024-12-18 09:37:07,543 [INFO] main.py:89 - 数据处理完成，共处理 9 只股票的数据
2024-12-18 09:37:07,543 [INFO] main.py:91 - Step 4: 开始特征选择...
2024-12-18 09:38:03,349 [INFO] main.py:101 - 特征选择完成，选择了 14 个特征
2024-12-18 09:38:03,350 [INFO] main.py:107 - Step 5: 开始划分训练集和验证集...
2024-12-18 09:38:03,352 [INFO] main.py:113 - 数据集划分完成，训练集样本数: 6453, 验证集样本数: 1614
2024-12-18 09:38:03,352 [INFO] main.py:119 - Step 6: 开始训练模型...
2024-12-18 09:38:03,689 [ERROR] main.py:132 - 模型训练失败: 'super' object has no attribute '__sklearn_tags__'
2024-12-18 09:38:03,689 [INFO] main.py:162 - 量化交易系统运行结束
