2024-12-17 22:25:22,294 [INFO] main.py:12 - 初始化量化交易系统...
2024-12-17 22:25:22,294 [INFO] logger.py:55 - [QuantTradingSystem] 开始执行: __init__
2024-12-17 22:25:22,295 [INFO] QuantTrading.py:26 - 初始化量化交易系统...
2024-12-17 22:25:22,295 [INFO] logger.py:55 - [DataEngine] 开始执行: __init__
2024-12-17 22:25:22,298 [INFO] logger.py:62 - [DataEngine] 成功完成: __init__, 耗时: 0.00秒
2024-12-17 22:25:22,298 [INFO] logger.py:62 - [QuantTradingSystem] 成功完成: __init__, 耗时: 0.00秒
2024-12-17 22:25:22,299 [INFO] main.py:17 - 开始模型训练阶段...
2024-12-17 22:25:22,299 [INFO] main.py:20 - Step 1: 正在获取股票列表...
2024-12-17 22:25:22,307 [INFO] logger.py:55 - [DataEngine] 开始执行: get_stock_list
2024-12-17 22:25:23,621 [INFO] logger.py:62 - [DataEngine] 成功完成: get_stock_list, 耗时: 1.31秒
2024-12-17 22:25:23,621 [INFO] main.py:25 - 成功获取股票列表，共 5250 只股票
2024-12-17 22:25:23,621 [INFO] main.py:28 - Step 2: 开始获取历史数据...
2024-12-17 22:25:23,621 [INFO] main.py:35 - 正在获取 000001.SZ 的历史数据...
2024-12-17 22:25:25,976 [INFO] main.py:39 - 成功获取 000001.SZ 的历史数据，共 970 条记录
2024-12-17 22:25:25,977 [INFO] main.py:35 - 正在获取 000002.SZ 的历史数据...
2024-12-17 22:25:26,390 [INFO] main.py:39 - 成功获取 000002.SZ 的历史数据，共 970 条记录
2024-12-17 22:25:26,390 [INFO] main.py:35 - 正在获取 000004.SZ 的历史数据...
2024-12-17 22:25:26,772 [INFO] main.py:39 - 成功获取 000004.SZ 的历史数据，共 968 条记录
2024-12-17 22:25:26,772 [INFO] main.py:35 - 正在获取 000006.SZ 的历史数据...
2024-12-17 22:25:27,124 [INFO] main.py:39 - 成功获取 000006.SZ 的历史数据，共 970 条记录
2024-12-17 22:25:27,124 [INFO] main.py:35 - 正在获取 000007.SZ 的历史数据...
2024-12-17 22:25:27,533 [INFO] main.py:39 - 成功获取 000007.SZ 的历史数据，共 967 条记录
2024-12-17 22:25:27,534 [INFO] main.py:35 - 正在获取 000008.SZ 的历史数据...
2024-12-17 22:25:27,969 [INFO] main.py:39 - 成功获取 000008.SZ 的历史数据，共 970 条记录
2024-12-17 22:25:27,969 [INFO] main.py:35 - 正在获取 000009.SZ 的历史数据...
2024-12-17 22:25:28,361 [INFO] main.py:39 - 成功获取 000009.SZ 的历史数据，共 970 条记录
2024-12-17 22:25:28,361 [INFO] main.py:35 - 正在获取 000010.SZ 的历史数据...
2024-12-17 22:25:28,748 [INFO] main.py:39 - 成功获取 000010.SZ 的历史数据，共 969 条记录
2024-12-17 22:25:28,748 [INFO] main.py:35 - 正在获取 000011.SZ 的历史数据...
2024-12-17 22:25:29,206 [INFO] main.py:39 - 成功获取 000011.SZ 的历史数据，共 970 条记录
2024-12-17 22:25:29,206 [INFO] main.py:35 - 正在获取 000012.SZ 的历史数据...
2024-12-17 22:25:29,605 [INFO] main.py:39 - 成功获取 000012.SZ 的历史数据，共 970 条记录
2024-12-17 22:25:29,605 [INFO] main.py:35 - 正在获取 000014.SZ 的历史数据...
2024-12-17 22:25:30,007 [INFO] main.py:39 - 成功获取 000014.SZ 的历史数据，共 970 条记录
2024-12-17 22:25:30,007 [INFO] main.py:35 - 正在获取 000016.SZ 的历史数据...
2024-12-17 22:25:30,427 [INFO] main.py:39 - 成功获取 000016.SZ 的历史数据，共 961 条记录
2024-12-17 22:25:30,427 [INFO] main.py:35 - 正在获取 000017.SZ 的历史数据...
2024-12-17 22:25:30,820 [INFO] main.py:39 - 成功获取 000017.SZ 的历史数据，共 968 条记录
2024-12-17 22:25:30,820 [INFO] main.py:35 - 正在获取 000019.SZ 的历史数据...
2024-12-17 22:25:31,218 [INFO] main.py:39 - 成功获取 000019.SZ 的历史数据，共 970 条记录
2024-12-17 22:25:31,218 [INFO] main.py:35 - 正在获取 000020.SZ 的历史数据...
2024-12-17 22:25:31,619 [INFO] main.py:39 - 成功获取 000020.SZ 的历史数据，共 970 条记录
2024-12-17 22:25:31,619 [INFO] main.py:35 - 正在获取 000021.SZ 的历史数据...
2024-12-17 22:25:32,020 [INFO] main.py:39 - 成功获取 000021.SZ 的历史数据，共 970 条记录
2024-12-17 22:25:32,020 [INFO] main.py:35 - 正在获取 000025.SZ 的历史数据...
2024-12-17 22:25:32,416 [INFO] main.py:39 - 成功获取 000025.SZ 的历史数据，共 970 条记录
2024-12-17 22:25:32,416 [INFO] main.py:35 - 正在获取 000026.SZ 的历史数据...
2024-12-17 22:25:32,902 [INFO] main.py:39 - 成功获取 000026.SZ 的历史数据，共 970 条记录
2024-12-17 22:25:32,902 [INFO] main.py:35 - 正在获取 000027.SZ 的历史数据...
2024-12-17 22:25:33,298 [INFO] main.py:39 - 成功获取 000027.SZ 的历史数据，共 970 条记录
2024-12-17 22:25:33,298 [INFO] main.py:35 - 正在获取 000028.SZ 的历史数据...
2024-12-17 22:25:33,706 [INFO] main.py:39 - 成功获取 000028.SZ 的历史数据，共 970 条记录
2024-12-17 22:25:33,707 [INFO] main.py:35 - 正在获取 000029.SZ 的历史数据...
2024-12-17 22:25:34,032 [INFO] main.py:39 - 成功获取 000029.SZ 的历史数据，共 766 条记录
2024-12-17 22:25:34,032 [INFO] main.py:35 - 正在获取 000030.SZ 的历史数据...
2024-12-17 22:25:34,405 [INFO] main.py:39 - 成功获取 000030.SZ 的历史数据，共 970 条记录
2024-12-17 22:25:34,405 [INFO] main.py:35 - 正在获取 000031.SZ 的历史数据...
2024-12-17 22:25:34,803 [INFO] main.py:39 - 成功获取 000031.SZ 的历史数据，共 970 条记录
2024-12-17 22:25:34,804 [INFO] main.py:35 - 正在获取 000032.SZ 的历史数据...
2024-12-17 22:25:35,176 [INFO] main.py:39 - 成功获取 000032.SZ 的历史数据，共 959 条记录
2024-12-17 22:25:35,177 [INFO] main.py:35 - 正在获取 000034.SZ 的历史数据...
2024-12-17 22:25:35,620 [INFO] main.py:39 - 成功获取 000034.SZ 的历史数据，共 970 条记录
2024-12-17 22:25:35,620 [INFO] main.py:35 - 正在获取 000035.SZ 的历史数据...
2024-12-17 22:25:35,987 [INFO] main.py:39 - 成功获取 000035.SZ 的历史数据，共 970 条记录
2024-12-17 22:25:35,987 [INFO] main.py:35 - 正在获取 000036.SZ 的历史数据...
2024-12-17 22:25:36,458 [INFO] main.py:39 - 成功获取 000036.SZ 的历史数据，共 970 条记录
2024-12-17 22:25:36,458 [INFO] main.py:35 - 正在获取 000037.SZ 的历史数据...
2024-12-17 22:25:36,860 [INFO] main.py:39 - 成功获取 000037.SZ 的历史数据，共 970 条记录
2024-12-17 22:25:36,860 [INFO] main.py:35 - 正在获取 000039.SZ 的历史数据...
2024-12-17 22:25:37,296 [INFO] main.py:39 - 成功获取 000039.SZ 的历史数据，共 965 条记录
2024-12-17 22:25:37,296 [INFO] main.py:35 - 正在获取 000042.SZ 的历史数据...
2024-12-17 22:25:37,745 [INFO] main.py:39 - 成功获取 000042.SZ 的历史数据，共 970 条记录
2024-12-17 22:25:37,745 [INFO] main.py:35 - 正在获取 000045.SZ 的历史数据...
2024-12-17 22:25:38,138 [INFO] main.py:39 - 成功获取 000045.SZ 的历史数据，共 957 条记录
2024-12-17 22:25:38,138 [INFO] main.py:35 - 正在获取 000048.SZ 的历史数据...
2024-12-17 22:25:38,495 [INFO] main.py:39 - 成功获取 000048.SZ 的历史数据，共 970 条记录
2024-12-17 22:25:38,496 [INFO] main.py:35 - 正在获取 000049.SZ 的历史数据...
2024-12-17 22:25:38,880 [INFO] main.py:39 - 成功获取 000049.SZ 的历史数据，共 964 条记录
2024-12-17 22:25:38,880 [INFO] main.py:35 - 正在获取 000050.SZ 的历史数据...
2024-12-17 22:25:39,300 [INFO] main.py:39 - 成功获取 000050.SZ 的历史数据，共 970 条记录
2024-12-17 22:25:39,301 [INFO] main.py:35 - 正在获取 000055.SZ 的历史数据...
2024-12-17 22:25:39,671 [INFO] main.py:39 - 成功获取 000055.SZ 的历史数据，共 970 条记录
2024-12-17 22:25:39,671 [INFO] main.py:35 - 正在获取 000056.SZ 的历史数据...
2024-12-17 22:25:40,070 [INFO] main.py:39 - 成功获取 000056.SZ 的历史数据，共 970 条记录
2024-12-17 22:25:40,071 [INFO] main.py:35 - 正在获取 000058.SZ 的历史数据...
2024-12-17 22:25:40,452 [INFO] main.py:39 - 成功获取 000058.SZ 的历史数据，共 970 条记录
2024-12-17 22:25:40,453 [INFO] main.py:35 - 正在获取 000059.SZ 的历史数据...
2024-12-17 22:25:40,851 [INFO] main.py:39 - 成功获取 000059.SZ 的历史数据，共 970 条记录
2024-12-17 22:25:40,851 [INFO] main.py:35 - 正在获取 000060.SZ 的历史数据...
2024-12-17 22:25:41,250 [INFO] main.py:39 - 成功获取 000060.SZ 的历史数据，共 970 条记录
2024-12-17 22:25:41,250 [INFO] main.py:35 - 正在获取 000061.SZ 的历史数据...
2024-12-17 22:25:41,721 [INFO] main.py:39 - 成功获取 000061.SZ 的历史数据，共 970 条记录
2024-12-17 22:25:41,721 [INFO] main.py:35 - 正在获取 000062.SZ 的历史数据...
2024-12-17 22:25:42,103 [INFO] main.py:39 - 成功获取 000062.SZ 的历史数据，共 970 条记录
2024-12-17 22:25:42,104 [INFO] main.py:35 - 正在获取 000063.SZ 的历史数据...
2024-12-17 22:25:42,500 [INFO] main.py:39 - 成功获取 000063.SZ 的历史数据，共 969 条记录
2024-12-17 22:25:42,500 [INFO] main.py:35 - 正在获取 000065.SZ 的历史数据...
2024-12-17 22:25:42,913 [INFO] main.py:39 - 成功获取 000065.SZ 的历史数据，共 964 条记录
2024-12-17 22:25:42,913 [INFO] main.py:35 - 正在获取 000066.SZ 的历史数据...
2024-12-17 22:25:43,313 [INFO] main.py:39 - 成功获取 000066.SZ 的历史数据，共 970 条记录
2024-12-17 22:25:43,313 [INFO] main.py:35 - 正在获取 000068.SZ 的历史数据...
2024-12-17 22:25:43,700 [INFO] main.py:39 - 成功获取 000068.SZ 的历史数据，共 970 条记录
2024-12-17 22:25:43,700 [INFO] main.py:35 - 正在获取 000069.SZ 的历史数据...
2024-12-17 22:25:44,165 [INFO] main.py:39 - 成功获取 000069.SZ 的历史数据，共 970 条记录
2024-12-17 22:25:44,166 [INFO] main.py:35 - 正在获取 000078.SZ 的历史数据...
2024-12-17 22:25:44,586 [INFO] main.py:39 - 成功获取 000078.SZ 的历史数据，共 970 条记录
2024-12-17 22:25:44,586 [INFO] main.py:35 - 正在获取 000088.SZ 的历史数据...
2024-12-17 22:25:45,016 [INFO] main.py:39 - 成功获取 000088.SZ 的历史数据，共 954 条记录
2024-12-17 22:25:45,017 [INFO] main.py:35 - 正在获取 000089.SZ 的历史数据...
2024-12-17 22:25:45,409 [INFO] main.py:39 - 成功获取 000089.SZ 的历史数据，共 970 条记录
2024-12-17 22:25:45,410 [INFO] main.py:35 - 正在获取 000090.SZ 的历史数据...
2024-12-17 22:25:45,803 [INFO] main.py:39 - 成功获取 000090.SZ 的历史数据，共 970 条记录
2024-12-17 22:25:45,805 [INFO] main.py:35 - 正在获取 000096.SZ 的历史数据...
2024-12-17 22:25:46,221 [INFO] main.py:39 - 成功获取 000096.SZ 的历史数据，共 970 条记录
2024-12-17 22:25:46,221 [INFO] main.py:35 - 正在获取 000099.SZ 的历史数据...
2024-12-17 22:25:46,614 [INFO] main.py:39 - 成功获取 000099.SZ 的历史数据，共 970 条记录
2024-12-17 22:25:46,614 [INFO] main.py:35 - 正在获取 000100.SZ 的历史数据...
2024-12-17 22:25:47,086 [INFO] main.py:39 - 成功获取 000100.SZ 的历史数据，共 969 条记录
2024-12-17 22:25:47,086 [INFO] main.py:35 - 正在获取 000151.SZ 的历史数据...
2024-12-17 22:25:47,467 [INFO] main.py:39 - 成功获取 000151.SZ 的历史数据，共 970 条记录
2024-12-17 22:25:47,467 [INFO] main.py:35 - 正在获取 000153.SZ 的历史数据...
2024-12-17 22:25:47,940 [INFO] main.py:39 - 成功获取 000153.SZ 的历史数据，共 960 条记录
2024-12-17 22:25:47,940 [INFO] main.py:35 - 正在获取 000155.SZ 的历史数据...
2024-12-17 22:25:48,300 [INFO] main.py:39 - 成功获取 000155.SZ 的历史数据，共 950 条记录
2024-12-17 22:25:48,301 [INFO] main.py:35 - 正在获取 000156.SZ 的历史数据...
2024-12-17 22:25:48,697 [INFO] main.py:39 - 成功获取 000156.SZ 的历史数据，共 969 条记录
2024-12-17 22:25:48,697 [INFO] main.py:35 - 正在获取 000157.SZ 的历史数据...
2024-12-17 22:25:49,137 [INFO] main.py:39 - 成功获取 000157.SZ 的历史数据，共 970 条记录
2024-12-17 22:25:49,137 [INFO] main.py:35 - 正在获取 000158.SZ 的历史数据...
2024-12-17 22:25:49,610 [INFO] main.py:39 - 成功获取 000158.SZ 的历史数据，共 970 条记录
2024-12-17 22:25:49,610 [INFO] main.py:35 - 正在获取 000159.SZ 的历史数据...
2024-12-17 22:25:50,010 [INFO] main.py:39 - 成功获取 000159.SZ 的历史数据，共 970 条记录
2024-12-17 22:25:50,010 [INFO] main.py:35 - 正在获取 000166.SZ 的历史数据...
2024-12-17 22:25:50,450 [INFO] main.py:39 - 成功获取 000166.SZ 的历史数据，共 970 条记录
2024-12-17 22:25:50,450 [INFO] main.py:35 - 正在获取 000301.SZ 的历史数据...
2024-12-17 22:25:50,862 [INFO] main.py:39 - 成功获取 000301.SZ 的历史数据，共 959 条记录
2024-12-17 22:25:50,863 [INFO] main.py:35 - 正在获取 000333.SZ 的历史数据...
2024-12-17 22:25:51,252 [INFO] main.py:39 - 成功获取 000333.SZ 的历史数据，共 970 条记录
2024-12-17 22:25:51,252 [INFO] main.py:35 - 正在获取 000338.SZ 的历史数据...
2024-12-17 22:25:51,745 [INFO] main.py:39 - 成功获取 000338.SZ 的历史数据，共 970 条记录
2024-12-17 22:25:51,746 [INFO] main.py:35 - 正在获取 000400.SZ 的历史数据...
2024-12-17 22:25:52,155 [INFO] main.py:39 - 成功获取 000400.SZ 的历史数据，共 970 条记录
2024-12-17 22:25:52,155 [INFO] main.py:35 - 正在获取 000401.SZ 的历史数据...
2024-12-17 22:25:52,565 [INFO] main.py:39 - 成功获取 000401.SZ 的历史数据，共 948 条记录
2024-12-17 22:25:52,565 [INFO] main.py:35 - 正在获取 000402.SZ 的历史数据...
2024-12-17 22:25:53,048 [INFO] main.py:39 - 成功获取 000402.SZ 的历史数据，共 970 条记录
2024-12-17 22:25:53,048 [INFO] main.py:35 - 正在获取 000403.SZ 的历史数据...
2024-12-17 22:25:53,530 [INFO] main.py:39 - 成功获取 000403.SZ 的历史数据，共 959 条记录
2024-12-17 22:25:53,530 [INFO] main.py:35 - 正在获取 000404.SZ 的历史数据...
2024-12-17 22:25:53,936 [INFO] main.py:39 - 成功获取 000404.SZ 的历史数据，共 970 条记录
2024-12-17 22:25:53,936 [INFO] main.py:35 - 正在获取 000407.SZ 的历史数据...
2024-12-17 22:25:54,286 [INFO] main.py:39 - 成功获取 000407.SZ 的历史数据，共 970 条记录
2024-12-17 22:25:54,286 [INFO] main.py:35 - 正在获取 000408.SZ 的历史数据...
2024-12-17 22:25:54,677 [INFO] main.py:39 - 成功获取 000408.SZ 的历史数据，共 968 条记录
2024-12-17 22:25:54,677 [INFO] main.py:35 - 正在获取 000409.SZ 的历史数据...
2024-12-17 22:25:55,077 [INFO] main.py:39 - 成功获取 000409.SZ 的历史数据，共 969 条记录
2024-12-17 22:25:55,077 [INFO] main.py:35 - 正在获取 000410.SZ 的历史数据...
2024-12-17 22:25:55,470 [INFO] main.py:39 - 成功获取 000410.SZ 的历史数据，共 957 条记录
2024-12-17 22:25:55,471 [INFO] main.py:35 - 正在获取 000411.SZ 的历史数据...
2024-12-17 22:25:55,863 [INFO] main.py:39 - 成功获取 000411.SZ 的历史数据，共 959 条记录
2024-12-17 22:25:55,863 [INFO] main.py:35 - 正在获取 000415.SZ 的历史数据...
2024-12-17 22:25:56,263 [INFO] main.py:39 - 成功获取 000415.SZ 的历史数据，共 970 条记录
2024-12-17 22:25:56,263 [INFO] main.py:35 - 正在获取 000417.SZ 的历史数据...
2024-12-17 22:25:56,689 [INFO] main.py:39 - 成功获取 000417.SZ 的历史数据，共 970 条记录
2024-12-17 22:25:56,690 [INFO] main.py:35 - 正在获取 000419.SZ 的历史数据...
2024-12-17 22:25:57,171 [INFO] main.py:39 - 成功获取 000419.SZ 的历史数据，共 970 条记录
2024-12-17 22:25:57,171 [INFO] main.py:35 - 正在获取 000420.SZ 的历史数据...
2024-12-17 22:25:57,565 [INFO] main.py:39 - 成功获取 000420.SZ 的历史数据，共 953 条记录
2024-12-17 22:25:57,565 [INFO] main.py:35 - 正在获取 000421.SZ 的历史数据...
2024-12-17 22:25:57,992 [INFO] main.py:39 - 成功获取 000421.SZ 的历史数据，共 970 条记录
2024-12-17 22:25:57,992 [INFO] main.py:35 - 正在获取 000422.SZ 的历史数据...
2024-12-17 22:25:58,407 [INFO] main.py:39 - 成功获取 000422.SZ 的历史数据，共 969 条记录
2024-12-17 22:25:58,408 [INFO] main.py:35 - 正在获取 000423.SZ 的历史数据...
2024-12-17 22:25:58,851 [INFO] main.py:39 - 成功获取 000423.SZ 的历史数据，共 970 条记录
2024-12-17 22:25:58,852 [INFO] main.py:35 - 正在获取 000425.SZ 的历史数据...
2024-12-17 22:25:59,256 [INFO] main.py:39 - 成功获取 000425.SZ 的历史数据，共 947 条记录
2024-12-17 22:25:59,256 [INFO] main.py:35 - 正在获取 000426.SZ 的历史数据...
2024-12-17 22:25:59,640 [INFO] main.py:39 - 成功获取 000426.SZ 的历史数据，共 970 条记录
2024-12-17 22:25:59,640 [INFO] main.py:35 - 正在获取 000428.SZ 的历史数据...
2024-12-17 22:26:00,047 [INFO] main.py:39 - 成功获取 000428.SZ 的历史数据，共 970 条记录
2024-12-17 22:26:00,047 [INFO] main.py:35 - 正在获取 000429.SZ 的历史数据...
2024-12-17 22:26:00,393 [INFO] main.py:39 - 成功获取 000429.SZ 的历史数据，共 970 条记录
2024-12-17 22:26:00,394 [INFO] main.py:35 - 正在获取 000430.SZ 的历史数据...
2024-12-17 22:26:00,781 [INFO] main.py:39 - 成功获取 000430.SZ 的历史数据，共 970 条记录
2024-12-17 22:26:00,781 [INFO] main.py:35 - 正在获取 000488.SZ 的历史数据...
2024-12-17 22:26:01,173 [INFO] main.py:39 - 成功获取 000488.SZ 的历史数据，共 970 条记录
2024-12-17 22:26:01,174 [INFO] main.py:35 - 正在获取 000498.SZ 的历史数据...
2024-12-17 22:26:01,599 [INFO] main.py:39 - 成功获取 000498.SZ 的历史数据，共 969 条记录
2024-12-17 22:26:01,599 [INFO] main.py:35 - 正在获取 000501.SZ 的历史数据...
2024-12-17 22:26:02,025 [INFO] main.py:39 - 成功获取 000501.SZ 的历史数据，共 970 条记录
2024-12-17 22:26:02,026 [INFO] main.py:35 - 正在获取 000503.SZ 的历史数据...
2024-12-17 22:26:02,505 [INFO] main.py:39 - 成功获取 000503.SZ 的历史数据，共 970 条记录
2024-12-17 22:26:02,505 [INFO] main.py:35 - 正在获取 000504.SZ 的历史数据...
2024-12-17 22:26:02,980 [INFO] main.py:39 - 成功获取 000504.SZ 的历史数据，共 968 条记录
2024-12-17 22:26:02,980 [INFO] main.py:35 - 正在获取 000505.SZ 的历史数据...
2024-12-17 22:26:03,393 [INFO] main.py:39 - 成功获取 000505.SZ 的历史数据，共 969 条记录
2024-12-17 22:26:03,394 [INFO] main.py:35 - 正在获取 000507.SZ 的历史数据...
2024-12-17 22:26:03,796 [INFO] main.py:39 - 成功获取 000507.SZ 的历史数据，共 967 条记录
2024-12-17 22:26:03,796 [INFO] main.py:35 - 正在获取 000509.SZ 的历史数据...
2024-12-17 22:26:04,260 [INFO] main.py:39 - 成功获取 000509.SZ 的历史数据，共 968 条记录
2024-12-17 22:26:04,260 [INFO] main.py:35 - 正在获取 000510.SZ 的历史数据...
2024-12-17 22:26:04,622 [INFO] main.py:39 - 成功获取 000510.SZ 的历史数据，共 960 条记录
2024-12-17 22:26:04,622 [INFO] main.py:35 - 正在获取 000513.SZ 的历史数据...
2024-12-17 22:26:05,056 [INFO] main.py:39 - 成功获取 000513.SZ 的历史数据，共 970 条记录
2024-12-17 22:26:05,056 [INFO] main.py:35 - 正在获取 000514.SZ 的历史数据...
2024-12-17 22:26:05,468 [INFO] main.py:39 - 成功获取 000514.SZ 的历史数据，共 970 条记录
2024-12-17 22:26:05,469 [INFO] main.py:35 - 正在获取 000516.SZ 的历史数据...
2024-12-17 22:26:05,868 [INFO] main.py:39 - 成功获取 000516.SZ 的历史数据，共 968 条记录
2024-12-17 22:26:05,868 [INFO] main.py:35 - 正在获取 000517.SZ 的历史数据...
2024-12-17 22:26:06,277 [INFO] main.py:39 - 成功获取 000517.SZ 的历史数据，共 970 条记录
2024-12-17 22:26:06,277 [INFO] main.py:47 - 历史数据获取完成，共获取 99 只股票的数据
2024-12-17 22:26:06,278 [INFO] main.py:50 - Step 3: 开始数据处理和特征工程...
2024-12-17 22:26:06,278 [INFO] main.py:54 - 正在处理 000001.SZ 的数据...
2024-12-17 22:26:06,302 [INFO] main.py:62 - 成功处理 000001.SZ 的数据，生成 42 个特征
2024-12-17 22:26:06,302 [INFO] main.py:54 - 正在处理 000002.SZ 的数据...
2024-12-17 22:26:06,315 [INFO] main.py:62 - 成功处理 000002.SZ 的数据，生成 42 个特征
2024-12-17 22:26:06,315 [INFO] main.py:54 - 正在处理 000004.SZ 的数据...
2024-12-17 22:26:06,328 [INFO] main.py:62 - 成功处理 000004.SZ 的数据，生成 42 个特征
2024-12-17 22:26:06,328 [INFO] main.py:54 - 正在处理 000006.SZ 的数据...
2024-12-17 22:26:06,340 [INFO] main.py:62 - 成功处理 000006.SZ 的数据，生成 42 个特征
2024-12-17 22:26:06,340 [INFO] main.py:54 - 正在处理 000007.SZ 的数据...
2024-12-17 22:26:06,351 [INFO] main.py:62 - 成功处理 000007.SZ 的数据，生成 42 个特征
2024-12-17 22:26:06,352 [INFO] main.py:54 - 正在处理 000008.SZ 的数据...
2024-12-17 22:26:06,364 [INFO] main.py:62 - 成功处理 000008.SZ 的数据，生成 42 个特征
2024-12-17 22:26:06,365 [INFO] main.py:54 - 正在处理 000009.SZ 的数据...
2024-12-17 22:26:06,377 [INFO] main.py:62 - 成功处理 000009.SZ 的数据，生成 42 个特征
2024-12-17 22:26:06,377 [INFO] main.py:54 - 正在处理 000010.SZ 的数据...
2024-12-17 22:26:06,390 [INFO] main.py:62 - 成功处理 000010.SZ 的数据，生成 42 个特征
2024-12-17 22:26:06,390 [INFO] main.py:54 - 正在处理 000011.SZ 的数据...
2024-12-17 22:26:06,402 [INFO] main.py:62 - 成功处理 000011.SZ 的数据，生成 42 个特征
2024-12-17 22:26:06,402 [INFO] main.py:54 - 正在处理 000012.SZ 的数据...
2024-12-17 22:26:06,413 [INFO] main.py:62 - 成功处理 000012.SZ 的数据，生成 42 个特征
2024-12-17 22:26:06,413 [INFO] main.py:54 - 正在处理 000014.SZ 的数据...
2024-12-17 22:26:06,424 [INFO] main.py:62 - 成功处理 000014.SZ 的数据，生成 42 个特征
2024-12-17 22:26:06,425 [INFO] main.py:54 - 正在处理 000016.SZ 的数据...
2024-12-17 22:26:06,437 [INFO] main.py:62 - 成功处理 000016.SZ 的数据，生成 42 个特征
2024-12-17 22:26:06,437 [INFO] main.py:54 - 正在处理 000017.SZ 的数据...
2024-12-17 22:26:06,448 [INFO] main.py:62 - 成功处理 000017.SZ 的数据，生成 42 个特征
2024-12-17 22:26:06,448 [INFO] main.py:54 - 正在处理 000019.SZ 的数据...
2024-12-17 22:26:06,460 [INFO] main.py:62 - 成功处理 000019.SZ 的数据，生成 42 个特征
2024-12-17 22:26:06,460 [INFO] main.py:54 - 正在处理 000020.SZ 的数据...
2024-12-17 22:26:06,471 [INFO] main.py:62 - 成功处理 000020.SZ 的数据，生成 42 个特征
2024-12-17 22:26:06,472 [INFO] main.py:54 - 正在处理 000021.SZ 的数据...
2024-12-17 22:26:06,483 [INFO] main.py:62 - 成功处理 000021.SZ 的数据，生成 42 个特征
2024-12-17 22:26:06,483 [INFO] main.py:54 - 正在处理 000025.SZ 的数据...
2024-12-17 22:26:06,497 [INFO] main.py:62 - 成功处理 000025.SZ 的数据，生成 42 个特征
2024-12-17 22:26:06,497 [INFO] main.py:54 - 正在处理 000026.SZ 的数据...
2024-12-17 22:26:06,509 [INFO] main.py:62 - 成功处理 000026.SZ 的数据，生成 42 个特征
2024-12-17 22:26:06,510 [INFO] main.py:54 - 正在处理 000027.SZ 的数据...
2024-12-17 22:26:06,523 [INFO] main.py:62 - 成功处理 000027.SZ 的数据，生成 42 个特征
2024-12-17 22:26:06,523 [INFO] main.py:54 - 正在处理 000028.SZ 的数据...
2024-12-17 22:26:06,536 [INFO] main.py:62 - 成功处理 000028.SZ 的数据，生成 42 个特征
2024-12-17 22:26:06,536 [INFO] main.py:54 - 正在处理 000029.SZ 的数据...
2024-12-17 22:26:06,548 [INFO] main.py:62 - 成功处理 000029.SZ 的数据，生成 42 个特征
2024-12-17 22:26:06,549 [INFO] main.py:54 - 正在处理 000030.SZ 的数据...
2024-12-17 22:26:06,562 [INFO] main.py:62 - 成功处理 000030.SZ 的数据，生成 42 个特征
2024-12-17 22:26:06,562 [INFO] main.py:54 - 正在处理 000031.SZ 的数据...
2024-12-17 22:26:06,574 [INFO] main.py:62 - 成功处理 000031.SZ 的数据，生成 42 个特征
2024-12-17 22:26:06,574 [INFO] main.py:54 - 正在处理 000032.SZ 的数据...
2024-12-17 22:26:06,587 [INFO] main.py:62 - 成功处理 000032.SZ 的数据，生成 42 个特征
2024-12-17 22:26:06,587 [INFO] main.py:54 - 正在处理 000034.SZ 的数据...
2024-12-17 22:26:06,599 [INFO] main.py:62 - 成功处理 000034.SZ 的数据，生成 42 个特征
2024-12-17 22:26:06,599 [INFO] main.py:54 - 正在处理 000035.SZ 的数据...
2024-12-17 22:26:06,611 [INFO] main.py:62 - 成功处理 000035.SZ 的数据，生成 42 个特征
2024-12-17 22:26:06,612 [INFO] main.py:54 - 正在处理 000036.SZ 的数据...
2024-12-17 22:26:06,623 [INFO] main.py:62 - 成功处理 000036.SZ 的数据，生成 42 个特征
2024-12-17 22:26:06,623 [INFO] main.py:54 - 正在处理 000037.SZ 的数据...
2024-12-17 22:26:06,635 [INFO] main.py:62 - 成功处理 000037.SZ 的数据，生成 42 个特征
2024-12-17 22:26:06,635 [INFO] main.py:54 - 正在处理 000039.SZ 的数据...
2024-12-17 22:26:06,646 [INFO] main.py:62 - 成功处理 000039.SZ 的数据，生成 42 个特征
2024-12-17 22:26:06,646 [INFO] main.py:54 - 正在处理 000042.SZ 的数据...
2024-12-17 22:26:06,657 [INFO] main.py:62 - 成功处理 000042.SZ 的数据，生成 42 个特征
2024-12-17 22:26:06,657 [INFO] main.py:54 - 正在处理 000045.SZ 的数据...
2024-12-17 22:26:06,670 [INFO] main.py:62 - 成功处理 000045.SZ 的数据，生成 42 个特征
2024-12-17 22:26:06,670 [INFO] main.py:54 - 正在处理 000048.SZ 的数据...
2024-12-17 22:26:06,680 [INFO] main.py:62 - 成功处理 000048.SZ 的数据，生成 42 个特征
2024-12-17 22:26:06,680 [INFO] main.py:54 - 正在处理 000049.SZ 的数据...
2024-12-17 22:26:06,693 [INFO] main.py:62 - 成功处理 000049.SZ 的数据，生成 42 个特征
2024-12-17 22:26:06,693 [INFO] main.py:54 - 正在处理 000050.SZ 的数据...
2024-12-17 22:26:06,706 [INFO] main.py:62 - 成功处理 000050.SZ 的数据，生成 42 个特征
2024-12-17 22:26:06,706 [INFO] main.py:54 - 正在处理 000055.SZ 的数据...
2024-12-17 22:26:06,719 [INFO] main.py:62 - 成功处理 000055.SZ 的数据，生成 42 个特征
2024-12-17 22:26:06,719 [INFO] main.py:54 - 正在处理 000056.SZ 的数据...
2024-12-17 22:26:06,732 [INFO] main.py:62 - 成功处理 000056.SZ 的数据，生成 42 个特征
2024-12-17 22:26:06,733 [INFO] main.py:54 - 正在处理 000058.SZ 的数据...
2024-12-17 22:26:06,746 [INFO] main.py:62 - 成功处理 000058.SZ 的数据，生成 42 个特征
2024-12-17 22:26:06,746 [INFO] main.py:54 - 正在处理 000059.SZ 的数据...
2024-12-17 22:26:06,759 [INFO] main.py:62 - 成功处理 000059.SZ 的数据，生成 42 个特征
2024-12-17 22:26:06,765 [INFO] main.py:54 - 正在处理 000060.SZ 的数据...
2024-12-17 22:26:06,780 [INFO] main.py:62 - 成功处理 000060.SZ 的数据，生成 42 个特征
2024-12-17 22:26:06,780 [INFO] main.py:54 - 正在处理 000061.SZ 的数据...
2024-12-17 22:26:06,793 [INFO] main.py:62 - 成功处理 000061.SZ 的数据，生成 42 个特征
2024-12-17 22:26:06,793 [INFO] main.py:54 - 正在处理 000062.SZ 的数据...
2024-12-17 22:26:06,805 [INFO] main.py:62 - 成功处理 000062.SZ 的数据，生成 42 个特征
2024-12-17 22:26:06,805 [INFO] main.py:54 - 正在处理 000063.SZ 的数据...
2024-12-17 22:26:06,817 [INFO] main.py:62 - 成功处理 000063.SZ 的数据，生成 42 个特征
2024-12-17 22:26:06,817 [INFO] main.py:54 - 正在处理 000065.SZ 的数据...
2024-12-17 22:26:06,828 [INFO] main.py:62 - 成功处理 000065.SZ 的数据，生成 42 个特征
2024-12-17 22:26:06,828 [INFO] main.py:54 - 正在处理 000066.SZ 的数据...
2024-12-17 22:26:06,840 [INFO] main.py:62 - 成功处理 000066.SZ 的数据，生成 42 个特征
2024-12-17 22:26:06,840 [INFO] main.py:54 - 正在处理 000068.SZ 的数据...
2024-12-17 22:26:06,852 [INFO] main.py:62 - 成功处理 000068.SZ 的数据，生成 42 个特征
2024-12-17 22:26:06,852 [INFO] main.py:54 - 正在处理 000069.SZ 的数据...
2024-12-17 22:26:06,864 [INFO] main.py:62 - 成功处理 000069.SZ 的数据，生成 42 个特征
2024-12-17 22:26:06,864 [INFO] main.py:54 - 正在处理 000078.SZ 的数据...
2024-12-17 22:26:06,875 [INFO] main.py:62 - 成功处理 000078.SZ 的数据，生成 42 个特征
2024-12-17 22:26:06,875 [INFO] main.py:54 - 正在处理 000088.SZ 的数据...
2024-12-17 22:26:06,887 [INFO] main.py:62 - 成功处理 000088.SZ 的数据，生成 42 个特征
2024-12-17 22:26:06,887 [INFO] main.py:54 - 正在处理 000089.SZ 的数据...
2024-12-17 22:26:06,899 [INFO] main.py:62 - 成功处理 000089.SZ 的数据，生成 42 个特征
2024-12-17 22:26:06,899 [INFO] main.py:54 - 正在处理 000090.SZ 的数据...
2024-12-17 22:26:06,911 [INFO] main.py:62 - 成功处理 000090.SZ 的数据，生成 42 个特征
2024-12-17 22:26:06,911 [INFO] main.py:54 - 正在处理 000096.SZ 的数据...
2024-12-17 22:26:06,923 [INFO] main.py:62 - 成功处理 000096.SZ 的数据，生成 42 个特征
2024-12-17 22:26:06,923 [INFO] main.py:54 - 正在处理 000099.SZ 的数据...
2024-12-17 22:26:06,936 [INFO] main.py:62 - 成功处理 000099.SZ 的数据，生成 42 个特征
2024-12-17 22:26:06,936 [INFO] main.py:54 - 正在处理 000100.SZ 的数据...
2024-12-17 22:26:06,949 [INFO] main.py:62 - 成功处理 000100.SZ 的数据，生成 42 个特征
2024-12-17 22:26:06,949 [INFO] main.py:54 - 正在处理 000151.SZ 的数据...
2024-12-17 22:26:06,962 [INFO] main.py:62 - 成功处理 000151.SZ 的数据，生成 42 个特征
2024-12-17 22:26:06,962 [INFO] main.py:54 - 正在处理 000153.SZ 的数据...
2024-12-17 22:26:06,976 [INFO] main.py:62 - 成功处理 000153.SZ 的数据，生成 42 个特征
2024-12-17 22:26:06,976 [INFO] main.py:54 - 正在处理 000155.SZ 的数据...
2024-12-17 22:26:06,989 [INFO] main.py:62 - 成功处理 000155.SZ 的数据，生成 42 个特征
2024-12-17 22:26:06,989 [INFO] main.py:54 - 正在处理 000156.SZ 的数据...
2024-12-17 22:26:07,002 [INFO] main.py:62 - 成功处理 000156.SZ 的数据，生成 42 个特征
2024-12-17 22:26:07,002 [INFO] main.py:54 - 正在处理 000157.SZ 的数据...
2024-12-17 22:26:07,014 [INFO] main.py:62 - 成功处理 000157.SZ 的数据，生成 42 个特征
2024-12-17 22:26:07,014 [INFO] main.py:54 - 正在处理 000158.SZ 的数据...
2024-12-17 22:26:07,026 [INFO] main.py:62 - 成功处理 000158.SZ 的数据，生成 42 个特征
2024-12-17 22:26:07,026 [INFO] main.py:54 - 正在处理 000159.SZ 的数据...
2024-12-17 22:26:07,037 [INFO] main.py:62 - 成功处理 000159.SZ 的数据，生成 42 个特征
2024-12-17 22:26:07,037 [INFO] main.py:54 - 正在处理 000166.SZ 的数据...
2024-12-17 22:26:07,049 [INFO] main.py:62 - 成功处理 000166.SZ 的数据，生成 42 个特征
2024-12-17 22:26:07,049 [INFO] main.py:54 - 正在处理 000301.SZ 的数据...
2024-12-17 22:26:07,060 [INFO] main.py:62 - 成功处理 000301.SZ 的数据，生成 42 个特征
2024-12-17 22:26:07,060 [INFO] main.py:54 - 正在处理 000333.SZ 的数据...
2024-12-17 22:26:07,071 [INFO] main.py:62 - 成功处理 000333.SZ 的数据，生成 42 个特征
2024-12-17 22:26:07,071 [INFO] main.py:54 - 正在处理 000338.SZ 的数据...
2024-12-17 22:26:07,082 [INFO] main.py:62 - 成功处理 000338.SZ 的数据，生成 42 个特征
2024-12-17 22:26:07,082 [INFO] main.py:54 - 正在处理 000400.SZ 的数据...
2024-12-17 22:26:07,094 [INFO] main.py:62 - 成功处理 000400.SZ 的数据，生成 42 个特征
2024-12-17 22:26:07,094 [INFO] main.py:54 - 正在处理 000401.SZ 的数据...
2024-12-17 22:26:07,107 [INFO] main.py:62 - 成功处理 000401.SZ 的数据，生成 42 个特征
2024-12-17 22:26:07,107 [INFO] main.py:54 - 正在处理 000402.SZ 的数据...
2024-12-17 22:26:07,119 [INFO] main.py:62 - 成功处理 000402.SZ 的数据，生成 42 个特征
2024-12-17 22:26:07,121 [INFO] main.py:54 - 正在处理 000403.SZ 的数据...
2024-12-17 22:26:07,134 [INFO] main.py:62 - 成功处理 000403.SZ 的数据，生成 42 个特征
2024-12-17 22:26:07,134 [INFO] main.py:54 - 正在处理 000404.SZ 的数据...
2024-12-17 22:26:07,147 [INFO] main.py:62 - 成功处理 000404.SZ 的数据，生成 42 个特征
2024-12-17 22:26:07,147 [INFO] main.py:54 - 正在处理 000407.SZ 的数据...
2024-12-17 22:26:07,161 [INFO] main.py:62 - 成功处理 000407.SZ 的数据，生成 42 个特征
2024-12-17 22:26:07,161 [INFO] main.py:54 - 正在处理 000408.SZ 的数据...
2024-12-17 22:26:07,174 [INFO] main.py:62 - 成功处理 000408.SZ 的数据，生成 42 个特征
2024-12-17 22:26:07,175 [INFO] main.py:54 - 正在处理 000409.SZ 的数据...
2024-12-17 22:26:07,187 [INFO] main.py:62 - 成功处理 000409.SZ 的数据，生成 42 个特征
2024-12-17 22:26:07,187 [INFO] main.py:54 - 正在处理 000410.SZ 的数据...
2024-12-17 22:26:07,200 [INFO] main.py:62 - 成功处理 000410.SZ 的数据，生成 42 个特征
2024-12-17 22:26:07,200 [INFO] main.py:54 - 正在处理 000411.SZ 的数据...
2024-12-17 22:26:07,213 [INFO] main.py:62 - 成功处理 000411.SZ 的数据，生成 42 个特征
2024-12-17 22:26:07,213 [INFO] main.py:54 - 正在处理 000415.SZ 的数据...
2024-12-17 22:26:07,225 [INFO] main.py:62 - 成功处理 000415.SZ 的数据，生成 42 个特征
2024-12-17 22:26:07,225 [INFO] main.py:54 - 正在处理 000417.SZ 的数据...
2024-12-17 22:26:07,238 [INFO] main.py:62 - 成功处理 000417.SZ 的数据，生成 42 个特征
2024-12-17 22:26:07,238 [INFO] main.py:54 - 正在处理 000419.SZ 的数据...
2024-12-17 22:26:07,250 [INFO] main.py:62 - 成功处理 000419.SZ 的数据，生成 42 个特征
2024-12-17 22:26:07,250 [INFO] main.py:54 - 正在处理 000420.SZ 的数据...
2024-12-17 22:26:07,262 [INFO] main.py:62 - 成功处理 000420.SZ 的数据，生成 42 个特征
2024-12-17 22:26:07,262 [INFO] main.py:54 - 正在处理 000421.SZ 的数据...
2024-12-17 22:26:07,273 [INFO] main.py:62 - 成功处理 000421.SZ 的数据，生成 42 个特征
2024-12-17 22:26:07,273 [INFO] main.py:54 - 正在处理 000422.SZ 的数据...
2024-12-17 22:26:07,285 [INFO] main.py:62 - 成功处理 000422.SZ 的数据，生成 42 个特征
2024-12-17 22:26:07,285 [INFO] main.py:54 - 正在处理 000423.SZ 的数据...
2024-12-17 22:26:07,298 [INFO] main.py:62 - 成功处理 000423.SZ 的数据，生成 42 个特征
2024-12-17 22:26:07,298 [INFO] main.py:54 - 正在处理 000425.SZ 的数据...
2024-12-17 22:26:07,309 [INFO] main.py:62 - 成功处理 000425.SZ 的数据，生成 42 个特征
2024-12-17 22:26:07,309 [INFO] main.py:54 - 正在处理 000426.SZ 的数据...
2024-12-17 22:26:07,323 [INFO] main.py:62 - 成功处理 000426.SZ 的数据，生成 42 个特征
2024-12-17 22:26:07,323 [INFO] main.py:54 - 正在处理 000428.SZ 的数据...
2024-12-17 22:26:07,336 [INFO] main.py:62 - 成功处理 000428.SZ 的数据，生成 42 个特征
2024-12-17 22:26:07,337 [INFO] main.py:54 - 正在处理 000429.SZ 的数据...
2024-12-17 22:26:07,349 [INFO] main.py:62 - 成功处理 000429.SZ 的数据，生成 42 个特征
2024-12-17 22:26:07,349 [INFO] main.py:54 - 正在处理 000430.SZ 的数据...
2024-12-17 22:26:07,364 [INFO] main.py:62 - 成功处理 000430.SZ 的数据，生成 42 个特征
2024-12-17 22:26:07,364 [INFO] main.py:54 - 正在处理 000488.SZ 的数据...
2024-12-17 22:26:07,378 [INFO] main.py:62 - 成功处理 000488.SZ 的数据，生成 42 个特征
2024-12-17 22:26:07,379 [INFO] main.py:54 - 正在处理 000498.SZ 的数据...
2024-12-17 22:26:07,392 [INFO] main.py:62 - 成功处理 000498.SZ 的数据，生成 42 个特征
2024-12-17 22:26:07,392 [INFO] main.py:54 - 正在处理 000501.SZ 的数据...
2024-12-17 22:26:07,407 [INFO] main.py:62 - 成功处理 000501.SZ 的数据，生成 42 个特征
2024-12-17 22:26:07,407 [INFO] main.py:54 - 正在处理 000503.SZ 的数据...
2024-12-17 22:26:07,421 [INFO] main.py:62 - 成功处理 000503.SZ 的数据，生成 42 个特征
2024-12-17 22:26:07,421 [INFO] main.py:54 - 正在处理 000504.SZ 的数据...
2024-12-17 22:26:07,434 [INFO] main.py:62 - 成功处理 000504.SZ 的数据，生成 42 个特征
2024-12-17 22:26:07,434 [INFO] main.py:54 - 正在处理 000505.SZ 的数据...
2024-12-17 22:26:07,447 [INFO] main.py:62 - 成功处理 000505.SZ 的数据，生成 42 个特征
2024-12-17 22:26:07,447 [INFO] main.py:54 - 正在处理 000507.SZ 的数据...
2024-12-17 22:26:07,463 [INFO] main.py:62 - 成功处理 000507.SZ 的数据，生成 42 个特征
2024-12-17 22:26:07,463 [INFO] main.py:54 - 正在处理 000509.SZ 的数据...
2024-12-17 22:26:07,477 [INFO] main.py:62 - 成功处理 000509.SZ 的数据，生成 42 个特征
2024-12-17 22:26:07,477 [INFO] main.py:54 - 正在处理 000510.SZ 的数据...
2024-12-17 22:26:07,490 [INFO] main.py:62 - 成功处理 000510.SZ 的数据，生成 42 个特征
2024-12-17 22:26:07,490 [INFO] main.py:54 - 正在处理 000513.SZ 的数据...
2024-12-17 22:26:07,502 [INFO] main.py:62 - 成功处理 000513.SZ 的数据，生成 42 个特征
2024-12-17 22:26:07,502 [INFO] main.py:54 - 正在处理 000514.SZ 的数据...
2024-12-17 22:26:07,513 [INFO] main.py:62 - 成功处理 000514.SZ 的数据，生成 42 个特征
2024-12-17 22:26:07,513 [INFO] main.py:54 - 正在处理 000516.SZ 的数据...
2024-12-17 22:26:07,526 [INFO] main.py:62 - 成功处理 000516.SZ 的数据，生成 42 个特征
2024-12-17 22:26:07,526 [INFO] main.py:54 - 正在处理 000517.SZ 的数据...
2024-12-17 22:26:07,538 [INFO] main.py:62 - 成功处理 000517.SZ 的数据，生成 42 个特征
2024-12-17 22:26:07,539 [INFO] main.py:71 - 数据处理完成，共处理 99 只股票的数据
2024-12-17 22:26:07,539 [INFO] main.py:74 - Step 4: 开始特征选择...
2024-12-17 22:26:07,539 [ERROR] main.py:82 - 特征选择失败: select_features() missing 1 required positional argument: 'y'
2024-12-17 22:26:07,539 [INFO] main.py:138 - 量化交易系统运行结束
