2024-12-17 22:14:29,274 [INFO] main.py:12 - 初始化量化交易系统...
2024-12-17 22:14:29,274 [INFO] logger.py:55 - [QuantTradingSystem] 开始执行: __init__
2024-12-17 22:14:29,274 [INFO] QuantTrading.py:25 - 初始化量化交易系统...
2024-12-17 22:14:29,274 [INFO] logger.py:55 - [DataEngine] 开始执行: __init__
2024-12-17 22:14:29,277 [INFO] logger.py:62 - [DataEngine] 成功完成: __init__, 耗时: 0.00秒
2024-12-17 22:14:29,277 [INFO] logger.py:62 - [QuantTradingSystem] 成功完成: __init__, 耗时: 0.00秒
2024-12-17 22:14:29,278 [INFO] main.py:17 - 开始模型训练阶段...
2024-12-17 22:14:29,278 [INFO] main.py:20 - Step 1: 正在获取股票列表...
2024-12-17 22:14:29,278 [INFO] logger.py:55 - [DataEngine] 开始执行: get_stock_list
2024-12-17 22:14:30,629 [INFO] logger.py:62 - [DataEngine] 成功完成: get_stock_list, 耗时: 1.35秒
2024-12-17 22:14:30,629 [INFO] main.py:25 - 成功获取股票列表，共 5250 只股票
2024-12-17 22:14:30,629 [INFO] main.py:28 - Step 2: 开始获取历史数据...
2024-12-17 22:14:30,629 [INFO] main.py:35 - 正在获取 000001.SZ 的历史数据...
2024-12-17 22:14:32,404 [INFO] main.py:39 - 成功获取 000001.SZ 的历史数据，共 1211 条记录
2024-12-17 22:14:32,404 [INFO] main.py:35 - 正在获取 000002.SZ 的历史数据...
2024-12-17 22:14:33,002 [INFO] main.py:39 - 成功获取 000002.SZ 的历史数据，共 1211 条记录
2024-12-17 22:14:33,002 [INFO] main.py:35 - 正在获取 000004.SZ 的历史数据...
2024-12-17 22:14:33,484 [INFO] main.py:39 - 成功获取 000004.SZ 的历史数据，共 1209 条记录
2024-12-17 22:14:33,484 [INFO] main.py:35 - 正在获取 000006.SZ 的历史数据...
2024-12-17 22:14:33,915 [INFO] main.py:39 - 成功获取 000006.SZ 的历史数据，共 1211 条记录
2024-12-17 22:14:33,915 [INFO] main.py:35 - 正在获取 000007.SZ 的历史数据...
2024-12-17 22:14:34,369 [INFO] main.py:39 - 成功获取 000007.SZ 的历史数据，共 1207 条记录
2024-12-17 22:14:34,369 [INFO] main.py:35 - 正在获取 000008.SZ 的历史数据...
2024-12-17 22:14:34,796 [INFO] main.py:39 - 成功获取 000008.SZ 的历史数据，共 1211 条记录
2024-12-17 22:14:34,796 [INFO] main.py:35 - 正在获取 000009.SZ 的历史数据...
2024-12-17 22:14:35,257 [INFO] main.py:39 - 成功获取 000009.SZ 的历史数据，共 1211 条记录
2024-12-17 22:14:35,257 [INFO] main.py:35 - 正在获取 000010.SZ 的历史数据...
2024-12-17 22:14:35,751 [INFO] main.py:39 - 成功获取 000010.SZ 的历史数据，共 1210 条记录
2024-12-17 22:14:35,752 [INFO] main.py:35 - 正在获取 000011.SZ 的历史数据...
2024-12-17 22:14:36,236 [INFO] main.py:39 - 成功获取 000011.SZ 的历史数据，共 1211 条记录
2024-12-17 22:14:36,236 [INFO] main.py:35 - 正在获取 000012.SZ 的历史数据...
2024-12-17 22:14:36,450 [INFO] main.py:138 - 量化交易系统运行结束
