2024-12-18 01:19:54,555 [INFO] main.py:15 - 初始化量化交易系统...
2024-12-18 01:19:54,555 [INFO] logger.py:55 - [QuantTradingSystem] 开始执行: __init__
2024-12-18 01:19:54,555 [INFO] QuantTrading.py:26 - 初始化量化交易系统...
2024-12-18 01:19:54,555 [INFO] logger.py:55 - [DataEngine] 开始执行: __init__
2024-12-18 01:19:54,564 [INFO] logger.py:62 - [DataEngine] 成功完成: __init__, 耗时: 0.01秒
2024-12-18 01:19:54,565 [INFO] logger.py:62 - [QuantTradingSystem] 成功完成: __init__, 耗时: 0.01秒
2024-12-18 01:19:54,567 [INFO] main.py:20 - 开始模型训练阶段...
2024-12-18 01:19:54,568 [INFO] main.py:23 - Step 1: 正在获取股票列表...
2024-12-18 01:19:54,575 [INFO] logger.py:55 - [DataEngine] 开始执行: get_stock_list
2024-12-18 01:19:57,518 [INFO] logger.py:62 - [DataEngine] 成功完成: get_stock_list, 耗时: 2.94秒
2024-12-18 01:19:57,518 [INFO] main.py:28 - 成功获取股票列表，共 5250 只股票
2024-12-18 01:19:57,518 [INFO] main.py:31 - Step 2: 开始获取历史数据...
2024-12-18 01:19:57,519 [INFO] main.py:38 - 正在获取 000001.SZ 的历史数据...
2024-12-18 01:19:58,292 [INFO] main.py:42 - 成功获取 000001.SZ 的历史数据，共 970 条记录
2024-12-18 01:19:58,292 [INFO] main.py:38 - 正在获取 000002.SZ 的历史数据...
2024-12-18 01:19:59,146 [INFO] main.py:42 - 成功获取 000002.SZ 的历史数据，共 970 条记录
2024-12-18 01:19:59,146 [INFO] main.py:38 - 正在获取 000004.SZ 的历史数据...
2024-12-18 01:20:00,044 [INFO] main.py:42 - 成功获取 000004.SZ 的历史数据，共 968 条记录
2024-12-18 01:20:00,044 [INFO] main.py:38 - 正在获取 000006.SZ 的历史数据...
2024-12-18 01:20:00,799 [INFO] main.py:42 - 成功获取 000006.SZ 的历史数据，共 970 条记录
2024-12-18 01:20:00,800 [INFO] main.py:38 - 正在获取 000007.SZ 的历史数据...
2024-12-18 01:20:01,638 [INFO] main.py:42 - 成功获取 000007.SZ 的历史数据，共 967 条记录
2024-12-18 01:20:01,638 [INFO] main.py:38 - 正在获取 000008.SZ 的历史数据...
2024-12-18 01:20:02,318 [INFO] main.py:42 - 成功获取 000008.SZ 的历史数据，共 970 条记录
2024-12-18 01:20:02,318 [INFO] main.py:38 - 正在获取 000009.SZ 的历史数据...
2024-12-18 01:20:02,967 [INFO] main.py:42 - 成功获取 000009.SZ 的历史数据，共 970 条记录
2024-12-18 01:20:02,968 [INFO] main.py:38 - 正在获取 000010.SZ 的历史数据...
2024-12-18 01:20:03,694 [INFO] main.py:42 - 成功获取 000010.SZ 的历史数据，共 969 条记录
2024-12-18 01:20:03,696 [INFO] main.py:38 - 正在获取 000011.SZ 的历史数据...
2024-12-18 01:20:04,408 [INFO] main.py:42 - 成功获取 000011.SZ 的历史数据，共 970 条记录
2024-12-18 01:20:04,409 [INFO] main.py:50 - 历史数据获取完成，共获取 9 只股票的数据
2024-12-18 01:20:04,409 [INFO] main.py:53 - Step 3: 开始数据处理和特征工程...
2024-12-18 01:20:04,409 [INFO] main.py:57 - 正在处理 000001.SZ 的数据...
2024-12-18 01:20:04,452 [INFO] main.py:74 - 成功处理 000001.SZ 的数据，生成 44 个特征（包含标签）
2024-12-18 01:20:04,452 [INFO] main.py:57 - 正在处理 000002.SZ 的数据...
2024-12-18 01:20:04,497 [INFO] main.py:74 - 成功处理 000002.SZ 的数据，生成 44 个特征（包含标签）
2024-12-18 01:20:04,497 [INFO] main.py:57 - 正在处理 000004.SZ 的数据...
2024-12-18 01:20:04,543 [INFO] main.py:74 - 成功处理 000004.SZ 的数据，生成 44 个特征（包含标签）
2024-12-18 01:20:04,544 [INFO] main.py:57 - 正在处理 000006.SZ 的数据...
2024-12-18 01:20:04,591 [INFO] main.py:74 - 成功处理 000006.SZ 的数据，生成 44 个特征（包含标签）
2024-12-18 01:20:04,591 [INFO] main.py:57 - 正在处理 000007.SZ 的数据...
2024-12-18 01:20:04,634 [INFO] main.py:74 - 成功处理 000007.SZ 的数据，生成 44 个特征（包含标签）
2024-12-18 01:20:04,634 [INFO] main.py:57 - 正在处理 000008.SZ 的数据...
2024-12-18 01:20:04,679 [INFO] main.py:74 - 成功处理 000008.SZ 的数据，生成 44 个特征（包含标签）
2024-12-18 01:20:04,679 [INFO] main.py:57 - 正在处理 000009.SZ 的数据...
2024-12-18 01:20:04,717 [INFO] main.py:74 - 成功处理 000009.SZ 的数据，生成 44 个特征（包含标签）
2024-12-18 01:20:04,718 [INFO] main.py:57 - 正在处理 000010.SZ 的数据...
2024-12-18 01:20:04,756 [INFO] main.py:74 - 成功处理 000010.SZ 的数据，生成 44 个特征（包含标签）
2024-12-18 01:20:04,757 [INFO] main.py:57 - 正在处理 000011.SZ 的数据...
2024-12-18 01:20:04,793 [INFO] main.py:74 - 成功处理 000011.SZ 的数据，生成 44 个特征（包含标签）
2024-12-18 01:20:04,794 [INFO] main.py:83 - 数据处理完成，共处理 9 只股票的数据
2024-12-18 01:20:04,794 [INFO] main.py:85 - Step 4: 开始特征选择...
2024-12-18 01:21:23,553 [INFO] main.py:95 - 特征选择完成，选择了 15 个特征
2024-12-18 01:21:23,554 [INFO] main.py:101 - Step 5: 开始划分训练集和验证集...
2024-12-18 01:21:23,554 [ERROR] main.py:106 - 数据集划分失败: 'QuantTradingSystem' object has no attribute '_split_dataset'
2024-12-18 01:21:23,554 [INFO] main.py:153 - 量化交易系统运行结束
