2024-12-18 10:35:37,242 [INFO] main.py:16 - 初始化量化交易系统...
2024-12-18 10:35:37,242 [INFO] logger.py:55 - [QuantTradingSystem] 开始执行: __init__
2024-12-18 10:35:37,242 [INFO] QuantTrading.py:28 - 初始化量化交易系统...
2024-12-18 10:35:37,242 [INFO] logger.py:55 - [DataEngine] 开始执行: __init__
2024-12-18 10:35:37,245 [INFO] logger.py:62 - [DataEngine] 成功完成: __init__, 耗时: 0.00秒
2024-12-18 10:35:37,245 [INFO] logger.py:62 - [QuantTradingSystem] 成功完成: __init__, 耗时: 0.00秒
2024-12-18 10:35:37,246 [INFO] main.py:21 - 开始模型训练阶段...
2024-12-18 10:35:37,246 [INFO] main.py:24 - Step 1: 正在获取股票列表...
2024-12-18 10:35:37,248 [INFO] logger.py:55 - [DataEngine] 开始执行: get_stock_list
2024-12-18 10:35:42,266 [INFO] logger.py:62 - [DataEngine] 成功完成: get_stock_list, 耗时: 5.02秒
2024-12-18 10:35:42,266 [INFO] main.py:29 - 成功获取股票列表，共 5250 只股票
2024-12-18 10:35:42,266 [INFO] main.py:32 - Step 2: 开始获取历史数据...
2024-12-18 10:35:42,266 [INFO] main.py:39 - 正在获取 000001.SZ 的历史数据...
2024-12-18 10:35:44,813 [INFO] main.py:43 - 成功获取 000001.SZ 的历史数据，共 970 条记录
2024-12-18 10:35:44,813 [INFO] main.py:39 - 正在获取 000002.SZ 的历史数据...
2024-12-18 10:35:46,170 [INFO] main.py:43 - 成功获取 000002.SZ 的历史数据，共 970 条记录
2024-12-18 10:35:46,171 [INFO] main.py:39 - 正在获取 000004.SZ 的历史数据...
2024-12-18 10:35:49,058 [INFO] main.py:43 - 成功获取 000004.SZ 的历史数据，共 968 条记录
2024-12-18 10:35:49,059 [INFO] main.py:39 - 正在获取 000006.SZ 的历史数据...
2024-12-18 10:35:52,668 [INFO] main.py:43 - 成功获取 000006.SZ 的历史数据，共 970 条记录
2024-12-18 10:35:52,668 [INFO] main.py:39 - 正在获取 000007.SZ 的历史数据...
2024-12-18 10:35:56,569 [INFO] main.py:43 - 成功获取 000007.SZ 的历史数据，共 967 条记录
2024-12-18 10:35:56,569 [INFO] main.py:39 - 正在获取 000008.SZ 的历史数据...
2024-12-18 10:35:58,539 [INFO] main.py:43 - 成功获取 000008.SZ 的历史数据，共 970 条记录
2024-12-18 10:35:58,539 [INFO] main.py:39 - 正在获取 000009.SZ 的历史数据...
2024-12-18 10:36:00,897 [INFO] main.py:43 - 成功获取 000009.SZ 的历史数据，共 970 条记录
2024-12-18 10:36:00,898 [INFO] main.py:39 - 正在获取 000010.SZ 的历史数据...
2024-12-18 10:36:06,428 [INFO] main.py:43 - 成功获取 000010.SZ 的历史数据，共 969 条记录
2024-12-18 10:36:06,428 [INFO] main.py:39 - 正在获取 000011.SZ 的历史数据...
2024-12-18 10:36:07,067 [INFO] main.py:43 - 成功获取 000011.SZ 的历史数据，共 970 条记录
2024-12-18 10:36:07,067 [INFO] main.py:52 - 历史数据获取完成，共获取 9 只股票的数据
2024-12-18 10:36:07,067 [INFO] main.py:55 - Step 3: 开始数据处理和特征工程...
2024-12-18 10:36:07,067 [INFO] main.py:59 - 正在处理 000001.SZ 的数据...
2024-12-18 10:36:07,081 [ERROR] main.py:84 - 处理 000001.SZ 的数据失败: add_action_label() got an unexpected keyword argument 'volume_column'
2024-12-18 10:36:07,081 [INFO] main.py:59 - 正在处理 000002.SZ 的数据...
2024-12-18 10:36:07,094 [ERROR] main.py:84 - 处理 000002.SZ 的数据失败: add_action_label() got an unexpected keyword argument 'volume_column'
2024-12-18 10:36:07,094 [INFO] main.py:59 - 正在处理 000004.SZ 的数据...
2024-12-18 10:36:07,107 [ERROR] main.py:84 - 处理 000004.SZ 的数据失败: add_action_label() got an unexpected keyword argument 'volume_column'
2024-12-18 10:36:07,107 [INFO] main.py:59 - 正在处理 000006.SZ 的数据...
2024-12-18 10:36:07,119 [ERROR] main.py:84 - 处理 000006.SZ 的数据失败: add_action_label() got an unexpected keyword argument 'volume_column'
2024-12-18 10:36:07,119 [INFO] main.py:59 - 正在处理 000007.SZ 的数据...
2024-12-18 10:36:07,131 [ERROR] main.py:84 - 处理 000007.SZ 的数据失败: add_action_label() got an unexpected keyword argument 'volume_column'
2024-12-18 10:36:07,132 [INFO] main.py:59 - 正在处理 000008.SZ 的数据...
2024-12-18 10:36:07,144 [ERROR] main.py:84 - 处理 000008.SZ 的数据失败: add_action_label() got an unexpected keyword argument 'volume_column'
2024-12-18 10:36:07,144 [INFO] main.py:59 - 正在处理 000009.SZ 的数据...
2024-12-18 10:36:07,156 [ERROR] main.py:84 - 处理 000009.SZ 的数据失败: add_action_label() got an unexpected keyword argument 'volume_column'
2024-12-18 10:36:07,156 [INFO] main.py:59 - 正在处理 000010.SZ 的数据...
2024-12-18 10:36:07,168 [ERROR] main.py:84 - 处理 000010.SZ 的数据失败: add_action_label() got an unexpected keyword argument 'volume_column'
2024-12-18 10:36:07,168 [INFO] main.py:59 - 正在处理 000011.SZ 的数据...
2024-12-18 10:36:07,181 [ERROR] main.py:84 - 处理 000011.SZ 的数据失败: add_action_label() got an unexpected keyword argument 'volume_column'
2024-12-18 10:36:07,181 [ERROR] main.py:88 - 没有成功处理任何数据
2024-12-18 10:36:07,181 [INFO] main.py:203 - 量化交易系统运行结束
